<?xml version="1.0" encoding="UTF-8" ?>
<testsuite tests="6" failures="1" name="TestSuite" time="10.262" errors="0" skipped="0">
  <properties>
    <property name="java.runtime.name" value="Java(TM) SE Runtime Environment"/>
    <property name="java.vm.version" value="9.0.1+11"/>
    <property name="sun.boot.library.path" value="C:\Program Files\Java\jdk-9.0.1\bin"/>
    <property name="maven.multiModuleProjectDirectory" value="C:\Users\User1\eclipse-workspace\javaenv\MavenAuto"/>
    <property name="java.vm.vendor" value="Oracle Corporation"/>
    <property name="java.vendor.url" value="http://java.oracle.com/"/>
    <property name="guice.disable.misplaced.annotation.check" value="true"/>
    <property name="path.separator" value=";"/>
    <property name="java.vm.name" value="Java HotSpot(TM) 64-Bit Server VM"/>
    <property name="file.encoding.pkg" value="sun.io"/>
    <property name="sun.os.patch.level" value="Service Pack 1"/>
    <property name="user.script" value=""/>
    <property name="user.country" value="IN"/>
    <property name="sun.java.launcher" value="SUN_STANDARD"/>
    <property name="java.vm.specification.name" value="Java Virtual Machine Specification"/>
    <property name="user.dir" value="C:\Users\User1\eclipse-workspace\javaenv\MavenAuto"/>
    <property name="java.vm.compressedOopsMode" value="32-bit"/>
    <property name="java.runtime.version" value="9.0.1+11"/>
    <property name="java.awt.graphicsenv" value="sun.awt.Win32GraphicsEnvironment"/>
    <property name="os.arch" value="amd64"/>
    <property name="java.io.tmpdir" value="C:\Users\User1\AppData\Local\Temp\"/>
    <property name="line.separator" value="
"/>
    <property name="java.vm.specification.vendor" value="Oracle Corporation"/>
    <property name="user.variant" value=""/>
    <property name="os.name" value="Windows 7"/>
    <property name="classworlds.conf" value="C:\Users\User1\Desktop\AutoEnv\apache-maven-3.5.2-bin\apache-maven-3.5.2\bin\..\bin\m2.conf"/>
    <property name="sun.jnu.encoding" value="Cp1252"/>
    <property name="java.library.path" value="C:\Program Files\Java\jdk-9.0.1\bin;C:\Windows\Sun\Java\bin;C:\Windows\system32;C:\Windows;C:\ProgramData\Oracle\Java\javapath;C:\Program Files (x86)\Intel\iCLS Client\;C:\Program Files\Intel\iCLS Client\;C:\Windows\system32;C:\Windows;C:\Windows\System32\Wbem;C:\Windows\System32\WindowsPowerShell\v1.0\;C:\Program Files\Intel\Intel(R) Management Engine Components\DAL;C:\Program Files\Intel\Intel(R) Management Engine Components\IPT;C:\Program Files (x86)\Intel\Intel(R) Management Engine Components\DAL;C:\Program Files (x86)\Intel\Intel(R) Management Engine Components\IPT;C:\Users\User1\Downloads;C:\Users\User1\AppData\Local\Programs\Git\cmd;C:\Program Files\Java\jdk-9.0.1\bin;C:\Users\User1\Desktop\AutoEnv\apache-maven-3.5.2-bin\apache-maven-3.5.2\bin;C:\Program Files\nodejs\;C:\Program Files\PuTTY\;C:\Python27.12;C:\Python27.12\Lib\site-packages;C:\Python27.12\Scripts;C:\Users\User1\Downloads;C:\Users\User1\Automation\Scripts;C:\Program Files\MongoDB\Server\3.2\bin;C:\Users\User1\AppData\Roaming\npm;."/>
    <property name="maven.conf" value="C:\Users\User1\Desktop\AutoEnv\apache-maven-3.5.2-bin\apache-maven-3.5.2\bin\../conf"/>
    <property name="jdk.debug" value="release"/>
    <property name="java.class.version" value="53.0"/>
    <property name="java.specification.name" value="Java Platform API Specification"/>
    <property name="sun.management.compiler" value="HotSpot 64-Bit Tiered Compilers"/>
    <property name="os.version" value="6.1"/>
    <property name="library.jansi.path" value="C:\Users\User1\Desktop\AutoEnv\apache-maven-3.5.2-bin\apache-maven-3.5.2\bin\..\lib\jansi-native"/>
    <property name="user.home" value="C:\Users\User1"/>
    <property name="user.timezone" value="Asia/Calcutta"/>
    <property name="java.awt.printerjob" value="sun.awt.windows.WPrinterJob"/>
    <property name="file.encoding" value="Cp1252"/>
    <property name="java.specification.version" value="9"/>
    <property name="user.name" value="User1"/>
    <property name="java.class.path" value="C:\Users\User1\Desktop\AutoEnv\apache-maven-3.5.2-bin\apache-maven-3.5.2\bin\..\boot\plexus-classworlds-2.5.2.jar"/>
    <property name="java.vm.specification.version" value="9"/>
    <property name="sun.arch.data.model" value="64"/>
    <property name="sun.java.command" value="org.codehaus.plexus.classworlds.launcher.Launcher clean install"/>
    <property name="java.home" value="C:\Program Files\Java\jdk-9.0.1"/>
    <property name="user.language" value="en"/>
    <property name="java.specification.vendor" value="Oracle Corporation"/>
    <property name="awt.toolkit" value="sun.awt.windows.WToolkit"/>
    <property name="java.vm.info" value="mixed mode"/>
    <property name="java.version" value="9.0.1"/>
    <property name="java.vendor" value="Oracle Corporation"/>
    <property name="sun.stderr.encoding" value="cp437"/>
    <property name="maven.home" value="C:\Users\User1\Desktop\AutoEnv\apache-maven-3.5.2-bin\apache-maven-3.5.2\bin\.."/>
    <property name="file.separator" value="\"/>
    <property name="java.vendor.url.bug" value="http://bugreport.java.com/bugreport/"/>
    <property name="sun.io.unicode.encoding" value="UnicodeLittle"/>
    <property name="sun.cpu.endian" value="little"/>
    <property name="sun.stdout.encoding" value="cp437"/>
    <property name="sun.desktop" value="windows"/>
    <property name="sun.cpu.isalist" value="amd64"/>
  </properties>
  <testcase classname="com.seller.qa.tests.CreatePODetailTest" name="fillcorrectpodetail" time="1.649">
    <failure message="unknown error: Element &lt;button type=&quot;button&quot; class=&quot;btn btn-addon btn-success&quot; ng-click=&quot;uploader.uploadAll()&quot; ng-disabled=&quot;!uploader.getNotUploadedItems().length&quot; disabled=&quot;disabled&quot;&gt;...&lt;/button&gt; is not clickable at point (527, 572). Other element would receive the click: &lt;p class=&quot;m-t pull-right&quot;&gt;...&lt;/p&gt;
  (Session info: chrome=63.0.3239.84)
  (Driver info: chromedriver=2.33.506120 (e3e53437346286c0bc2d2dc9aa4915ba81d9023f),platform=Windows NT 6.1.7601 SP1 x86_64) (WARNING: The server did not provide any stacktrace information)
Command duration or timeout: 0 milliseconds
Build info: version: &apos;3.7.1&apos;, revision: &apos;8a0099a&apos;, time: &apos;2017-11-06T21:01:39.354Z&apos;
System info: host: &apos;VARSHACHHILLER-&apos;, ip: &apos;192.168.4.184&apos;, os.name: &apos;Windows 7&apos;, os.arch: &apos;amd64&apos;, os.version: &apos;6.1&apos;, java.version: &apos;9.0.1&apos;
Driver info: org.openqa.selenium.chrome.ChromeDriver
Capabilities {acceptSslCerts: true, applicationCacheEnabled: false, browserConnectionEnabled: false, browserName: chrome, chrome: {chromedriverVersion: 2.33.506120 (e3e53437346286..., userDataDir: C:\Users\User1\AppData\Loca...}, cssSelectorsEnabled: true, databaseEnabled: false, handlesAlerts: true, hasTouchScreen: false, javascriptEnabled: true, locationContextEnabled: true, mobileEmulationEnabled: false, nativeEvents: true, networkConnectionEnabled: false, pageLoadStrategy: normal, platform: XP, platformName: XP, rotatable: false, setWindowRect: true, takesHeapSnapshot: true, takesScreenshot: true, unexpectedAlertBehaviour: , unhandledPromptBehavior: , version: 63.0.3239.84, webStorageEnabled: true}
Session ID: e7520d0f6ee7d85781382fd196895de5" type="org.openqa.selenium.WebDriverException">org.openqa.selenium.WebDriverException: unknown error: Element &lt;button type=&quot;button&quot; class=&quot;btn btn-addon btn-success&quot; ng-click=&quot;uploader.uploadAll()&quot; ng-disabled=&quot;!uploader.getNotUploadedItems().length&quot; disabled=&quot;disabled&quot;&gt;...&lt;/button&gt; is not clickable at point (527, 572). Other element would receive the click: &lt;p class=&quot;m-t pull-right&quot;&gt;...&lt;/p&gt;
  (Session info: chrome=63.0.3239.84)
  (Driver info: chromedriver=2.33.506120 (e3e53437346286c0bc2d2dc9aa4915ba81d9023f),platform=Windows NT 6.1.7601 SP1 x86_64) (WARNING: The server did not provide any stacktrace information)
Command duration or timeout: 0 milliseconds
Build info: version: &apos;3.7.1&apos;, revision: &apos;8a0099a&apos;, time: &apos;2017-11-06T21:01:39.354Z&apos;
System info: host: &apos;VARSHACHHILLER-&apos;, ip: &apos;192.168.4.184&apos;, os.name: &apos;Windows 7&apos;, os.arch: &apos;amd64&apos;, os.version: &apos;6.1&apos;, java.version: &apos;9.0.1&apos;
Driver info: org.openqa.selenium.chrome.ChromeDriver
Capabilities {acceptSslCerts: true, applicationCacheEnabled: false, browserConnectionEnabled: false, browserName: chrome, chrome: {chromedriverVersion: 2.33.506120 (e3e53437346286..., userDataDir: C:\Users\User1\AppData\Loca...}, cssSelectorsEnabled: true, databaseEnabled: false, handlesAlerts: true, hasTouchScreen: false, javascriptEnabled: true, locationContextEnabled: true, mobileEmulationEnabled: false, nativeEvents: true, networkConnectionEnabled: false, pageLoadStrategy: normal, platform: XP, platformName: XP, rotatable: false, setWindowRect: true, takesHeapSnapshot: true, takesScreenshot: true, unexpectedAlertBehaviour: , unhandledPromptBehavior: , version: 63.0.3239.84, webStorageEnabled: true}
Session ID: e7520d0f6ee7d85781382fd196895de5
	at java.base/jdk.internal.reflect.NativeConstructorAccessorImpl.newInstance0(Native Method)
	at java.base/jdk.internal.reflect.NativeConstructorAccessorImpl.newInstance(NativeConstructorAccessorImpl.java:62)
	at java.base/jdk.internal.reflect.DelegatingConstructorAccessorImpl.newInstance(DelegatingConstructorAccessorImpl.java:45)
	at java.base/java.lang.reflect.Constructor.newInstance(Constructor.java:488)
	at org.openqa.selenium.remote.ErrorHandler.createThrowable(ErrorHandler.java:214)
	at org.openqa.selenium.remote.ErrorHandler.throwIfResponseFailed(ErrorHandler.java:166)
	at org.openqa.selenium.remote.http.JsonHttpResponseCodec.reconstructValue(JsonHttpResponseCodec.java:40)
	at org.openqa.selenium.remote.http.AbstractHttpResponseCodec.decode(AbstractHttpResponseCodec.java:80)
	at org.openqa.selenium.remote.http.AbstractHttpResponseCodec.decode(AbstractHttpResponseCodec.java:44)
	at org.openqa.selenium.remote.HttpCommandExecutor.execute(HttpCommandExecutor.java:164)
	at org.openqa.selenium.remote.service.DriverCommandExecutor.execute(DriverCommandExecutor.java:83)
	at org.openqa.selenium.remote.RemoteWebDriver.execute(RemoteWebDriver.java:600)
	at org.openqa.selenium.remote.RemoteWebElement.execute(RemoteWebElement.java:279)
	at org.openqa.selenium.remote.RemoteWebElement.click(RemoteWebElement.java:83)
	at java.base/jdk.internal.reflect.NativeMethodAccessorImpl.invoke0(Native Method)
	at java.base/jdk.internal.reflect.NativeMethodAccessorImpl.invoke(NativeMethodAccessorImpl.java:62)
	at java.base/jdk.internal.reflect.DelegatingMethodAccessorImpl.invoke(DelegatingMethodAccessorImpl.java:43)
	at java.base/java.lang.reflect.Method.invoke(Method.java:564)
	at org.openqa.selenium.support.pagefactory.internal.LocatingElementHandler.invoke(LocatingElementHandler.java:51)
	at com.sun.proxy.$Proxy10.click(Unknown Source)
	at com.seller.qa.pages.CreatePODetailPage.fillPODetail(CreatePODetailPage.java:88)
	at com.seller.qa.tests.CreatePODetailTest.fillcorrectpodetail(CreatePODetailTest.java:38)
</failure>
    <system-out>Configuring TestNG with: org.apache.maven.surefire.testng.conf.TestNG652Configurator@38bc8ab5
17-01-2018 13:11:56 RequestAddCookies.java DEBUG [Forwarding newSession on session null to remote] protocol.RequestAddCookies 123 - CookieSpec selected: default
17-01-2018 13:11:56 RequestAuthCache.java DEBUG [Forwarding newSession on session null to remote] protocol.RequestAuthCache 77 - Auth cache not set in the context
17-01-2018 13:11:56 PoolingHttpClientConnectionManager.java DEBUG [Forwarding newSession on session null to remote] conn.PoolingHttpClientConnectionManager 255 - Connection request: [route: {}-&gt;http://localhost:16677][total kept alive: 0; route allocated: 0 of 2000; total allocated: 0 of 2000]
17-01-2018 13:11:56 PoolingHttpClientConnectionManager.java DEBUG [Forwarding newSession on session null to remote] conn.PoolingHttpClientConnectionManager 288 - Connection leased: [id: 0][route: {}-&gt;http://localhost:16677][total kept alive: 0; route allocated: 1 of 2000; total allocated: 1 of 2000]
17-01-2018 13:11:56 MainClientExec.java DEBUG [Forwarding newSession on session null to remote] execchain.MainClientExec 235 - Opening connection {}-&gt;http://localhost:16677
17-01-2018 13:11:56 DefaultHttpClientConnectionOperator.java DEBUG [Forwarding newSession on session null to remote] conn.DefaultHttpClientConnectionOperator 139 - Connecting to localhost/127.0.0.1:16677
17-01-2018 13:11:56 DefaultHttpClientConnectionOperator.java DEBUG [Forwarding newSession on session null to remote] conn.DefaultHttpClientConnectionOperator 146 - Connection established 127.0.0.1:64603&lt;-&gt;127.0.0.1:16677
17-01-2018 13:11:56 LoggingManagedHttpClientConnection.java DEBUG [Forwarding newSession on session null to remote] conn.DefaultManagedHttpClientConnection 88 - http-outgoing-0: set socket timeout to 10800000
17-01-2018 13:11:56 MainClientExec.java DEBUG [Forwarding newSession on session null to remote] execchain.MainClientExec 256 - Executing request POST /session HTTP/1.1
17-01-2018 13:11:56 MainClientExec.java DEBUG [Forwarding newSession on session null to remote] execchain.MainClientExec 261 - Target auth state: UNCHALLENGED
17-01-2018 13:11:56 MainClientExec.java DEBUG [Forwarding newSession on session null to remote] execchain.MainClientExec 267 - Proxy auth state: UNCHALLENGED
17-01-2018 13:11:56 LoggingManagedHttpClientConnection.java DEBUG [Forwarding newSession on session null to remote] http.headers 133 - http-outgoing-0 &gt;&gt; POST /session HTTP/1.1
17-01-2018 13:11:56 LoggingManagedHttpClientConnection.java DEBUG [Forwarding newSession on session null to remote] http.headers 136 - http-outgoing-0 &gt;&gt; Content-Type: application/json; charset=utf-8
17-01-2018 13:11:56 LoggingManagedHttpClientConnection.java DEBUG [Forwarding newSession on session null to remote] http.headers 136 - http-outgoing-0 &gt;&gt; Content-Length: 335
17-01-2018 13:11:56 LoggingManagedHttpClientConnection.java DEBUG [Forwarding newSession on session null to remote] http.headers 136 - http-outgoing-0 &gt;&gt; Host: localhost:16677
17-01-2018 13:11:56 LoggingManagedHttpClientConnection.java DEBUG [Forwarding newSession on session null to remote] http.headers 136 - http-outgoing-0 &gt;&gt; Connection: Keep-Alive
17-01-2018 13:11:56 LoggingManagedHttpClientConnection.java DEBUG [Forwarding newSession on session null to remote] http.headers 136 - http-outgoing-0 &gt;&gt; User-Agent: Apache-HttpClient/4.5.3 (Java/9.0.1)
17-01-2018 13:11:56 LoggingManagedHttpClientConnection.java DEBUG [Forwarding newSession on session null to remote] http.headers 136 - http-outgoing-0 &gt;&gt; Accept-Encoding: gzip,deflate
17-01-2018 13:11:56 Wire.java DEBUG [Forwarding newSession on session null to remote] http.wire 73 - http-outgoing-0 &gt;&gt; &quot;POST /session HTTP/1.1[\r][\n]&quot;
17-01-2018 13:11:56 Wire.java DEBUG [Forwarding newSession on session null to remote] http.wire 73 - http-outgoing-0 &gt;&gt; &quot;Content-Type: application/json; charset=utf-8[\r][\n]&quot;
17-01-2018 13:11:56 Wire.java DEBUG [Forwarding newSession on session null to remote] http.wire 73 - http-outgoing-0 &gt;&gt; &quot;Content-Length: 335[\r][\n]&quot;
17-01-2018 13:11:56 Wire.java DEBUG [Forwarding newSession on session null to remote] http.wire 73 - http-outgoing-0 &gt;&gt; &quot;Host: localhost:16677[\r][\n]&quot;
17-01-2018 13:11:56 Wire.java DEBUG [Forwarding newSession on session null to remote] http.wire 73 - http-outgoing-0 &gt;&gt; &quot;Connection: Keep-Alive[\r][\n]&quot;
17-01-2018 13:11:56 Wire.java DEBUG [Forwarding newSession on session null to remote] http.wire 73 - http-outgoing-0 &gt;&gt; &quot;User-Agent: Apache-HttpClient/4.5.3 (Java/9.0.1)[\r][\n]&quot;
17-01-2018 13:11:56 Wire.java DEBUG [Forwarding newSession on session null to remote] http.wire 73 - http-outgoing-0 &gt;&gt; &quot;Accept-Encoding: gzip,deflate[\r][\n]&quot;
17-01-2018 13:11:56 Wire.java DEBUG [Forwarding newSession on session null to remote] http.wire 73 - http-outgoing-0 &gt;&gt; &quot;[\r][\n]&quot;
17-01-2018 13:11:56 Wire.java DEBUG [Forwarding newSession on session null to remote] http.wire 73 - http-outgoing-0 &gt;&gt; &quot;{[\n]&quot;
17-01-2018 13:11:56 Wire.java DEBUG [Forwarding newSession on session null to remote] http.wire 73 - http-outgoing-0 &gt;&gt; &quot;  &quot;desiredCapabilities&quot;: {&quot;browserName&quot;:&quot;chrome&quot;,&quot;goog:chromeOptions&quot;:{&quot;args&quot;:[],&quot;extensions&quot;:[]}},[\n]&quot;
17-01-2018 13:11:56 Wire.java DEBUG [Forwarding newSession on session null to remote] http.wire 73 - http-outgoing-0 &gt;&gt; &quot;  &quot;capabilities&quot;: {[\n]&quot;
17-01-2018 13:11:56 Wire.java DEBUG [Forwarding newSession on session null to remote] http.wire 73 - http-outgoing-0 &gt;&gt; &quot;    &quot;desiredCapabilities&quot;: {&quot;browserName&quot;:&quot;chrome&quot;,&quot;goog:chromeOptions&quot;:{&quot;args&quot;:[],&quot;extensions&quot;:[]}},[\n]&quot;
17-01-2018 13:11:56 Wire.java DEBUG [Forwarding newSession on session null to remote] http.wire 73 - http-outgoing-0 &gt;&gt; &quot;    &quot;firstMatch&quot;: [[\n]&quot;
17-01-2018 13:11:56 Wire.java DEBUG [Forwarding newSession on session null to remote] http.wire 73 - http-outgoing-0 &gt;&gt; &quot;      {&quot;browserName&quot;:&quot;chrome&quot;,&quot;goog:chromeOptions&quot;:{&quot;args&quot;:[],&quot;extensions&quot;:[]}}[\n]&quot;
17-01-2018 13:11:56 Wire.java DEBUG [Forwarding newSession on session null to remote] http.wire 73 - http-outgoing-0 &gt;&gt; &quot;    ][\n]&quot;
17-01-2018 13:11:56 Wire.java DEBUG [Forwarding newSession on session null to remote] http.wire 73 - http-outgoing-0 &gt;&gt; &quot;  }[\n]&quot;
17-01-2018 13:11:56 Wire.java DEBUG [Forwarding newSession on session null to remote] http.wire 87 - http-outgoing-0 &gt;&gt; &quot;}&quot;
17-01-2018 13:11:59 Wire.java DEBUG [Forwarding newSession on session null to remote] http.wire 73 - http-outgoing-0 &lt;&lt; &quot;HTTP/1.1 200 OK[\r][\n]&quot;
17-01-2018 13:11:59 Wire.java DEBUG [Forwarding newSession on session null to remote] http.wire 73 - http-outgoing-0 &lt;&lt; &quot;Content-Length:799[\r][\n]&quot;
17-01-2018 13:11:59 Wire.java DEBUG [Forwarding newSession on session null to remote] http.wire 73 - http-outgoing-0 &lt;&lt; &quot;Content-Type:application/json; charset=utf-8[\r][\n]&quot;
17-01-2018 13:11:59 Wire.java DEBUG [Forwarding newSession on session null to remote] http.wire 73 - http-outgoing-0 &lt;&lt; &quot;Connection:close[\r][\n]&quot;
17-01-2018 13:11:59 Wire.java DEBUG [Forwarding newSession on session null to remote] http.wire 73 - http-outgoing-0 &lt;&lt; &quot;[\r][\n]&quot;
17-01-2018 13:11:59 Wire.java DEBUG [Forwarding newSession on session null to remote] http.wire 87 - http-outgoing-0 &lt;&lt; &quot;{&quot;sessionId&quot;:&quot;e7520d0f6ee7d85781382fd196895de5&quot;,&quot;status&quot;:0,&quot;value&quot;:{&quot;acceptSslCerts&quot;:true,&quot;applicationCacheEnabled&quot;:false,&quot;browserConnectionEnabled&quot;:false,&quot;browserName&quot;:&quot;chrome&quot;,&quot;chrome&quot;:{&quot;chromedriverVersion&quot;:&quot;2.33.506120 (e3e53437346286c0bc2d2dc9aa4915ba81d9023f)&quot;,&quot;userDataDir&quot;:&quot;C:\\Users\\User1\\AppData\\Local\\Temp\\scoped_dir6260_24114&quot;},&quot;cssSelectorsEnabled&quot;:true,&quot;databaseEnabled&quot;:false,&quot;handlesAlerts&quot;:true,&quot;hasTouchScreen&quot;:false,&quot;javascriptEnabled&quot;:true,&quot;locationContextEnabled&quot;:true,&quot;mobileEmulationEnabled&quot;:false,&quot;nativeEvents&quot;:true,&quot;networkConnectionEnabled&quot;:false,&quot;pageLoadStrategy&quot;:&quot;normal&quot;,&quot;platform&quot;:&quot;Windows NT&quot;,&quot;rotatable&quot;:false,&quot;setWindowRect&quot;:true,&quot;takesHeapSnapshot&quot;:true,&quot;takesScreenshot&quot;:true,&quot;unexpectedAlertBehaviour&quot;:&quot;&quot;,&quot;version&quot;:&quot;63.0.3239.84&quot;,&quot;webStorageEnabled&quot;:true}}&quot;
17-01-2018 13:11:59 LoggingManagedHttpClientConnection.java DEBUG [Forwarding newSession on session null to remote] http.headers 122 - http-outgoing-0 &lt;&lt; HTTP/1.1 200 OK
17-01-2018 13:11:59 LoggingManagedHttpClientConnection.java DEBUG [Forwarding newSession on session null to remote] http.headers 125 - http-outgoing-0 &lt;&lt; Content-Length:799
17-01-2018 13:11:59 LoggingManagedHttpClientConnection.java DEBUG [Forwarding newSession on session null to remote] http.headers 125 - http-outgoing-0 &lt;&lt; Content-Type:application/json; charset=utf-8
17-01-2018 13:11:59 LoggingManagedHttpClientConnection.java DEBUG [Forwarding newSession on session null to remote] http.headers 125 - http-outgoing-0 &lt;&lt; Connection:close
17-01-2018 13:11:59 LoggingManagedHttpClientConnection.java DEBUG [Forwarding newSession on session null to remote] conn.DefaultManagedHttpClientConnection 79 - http-outgoing-0: Close connection
17-01-2018 13:11:59 ConnectionHolder.java DEBUG [Forwarding newSession on session null to remote] execchain.MainClientExec 104 - Connection discarded
17-01-2018 13:11:59 PoolingHttpClientConnectionManager.java DEBUG [Forwarding newSession on session null to remote] conn.PoolingHttpClientConnectionManager 326 - Connection released: [id: 0][route: {}-&gt;http://localhost:16677][total kept alive: 0; route allocated: 0 of 2000; total allocated: 0 of 2000]
17-01-2018 13:12:00 RequestAddCookies.java DEBUG [Forwarding maximizeCurrentWindow on session e7520d0f6ee7d85781382fd196895de5 to remote] protocol.RequestAddCookies 123 - CookieSpec selected: default
17-01-2018 13:12:00 RequestAuthCache.java DEBUG [Forwarding maximizeCurrentWindow on session e7520d0f6ee7d85781382fd196895de5 to remote] protocol.RequestAuthCache 77 - Auth cache not set in the context
17-01-2018 13:12:00 PoolingHttpClientConnectionManager.java DEBUG [Forwarding maximizeCurrentWindow on session e7520d0f6ee7d85781382fd196895de5 to remote] conn.PoolingHttpClientConnectionManager 255 - Connection request: [route: {}-&gt;http://localhost:16677][total kept alive: 0; route allocated: 0 of 2000; total allocated: 0 of 2000]
17-01-2018 13:12:00 PoolingHttpClientConnectionManager.java DEBUG [Forwarding maximizeCurrentWindow on session e7520d0f6ee7d85781382fd196895de5 to remote] conn.PoolingHttpClientConnectionManager 288 - Connection leased: [id: 1][route: {}-&gt;http://localhost:16677][total kept alive: 0; route allocated: 1 of 2000; total allocated: 1 of 2000]
17-01-2018 13:12:00 MainClientExec.java DEBUG [Forwarding maximizeCurrentWindow on session e7520d0f6ee7d85781382fd196895de5 to remote] execchain.MainClientExec 235 - Opening connection {}-&gt;http://localhost:16677
17-01-2018 13:12:00 DefaultHttpClientConnectionOperator.java DEBUG [Forwarding maximizeCurrentWindow on session e7520d0f6ee7d85781382fd196895de5 to remote] conn.DefaultHttpClientConnectionOperator 139 - Connecting to localhost/127.0.0.1:16677
17-01-2018 13:12:00 DefaultHttpClientConnectionOperator.java DEBUG [Forwarding maximizeCurrentWindow on session e7520d0f6ee7d85781382fd196895de5 to remote] conn.DefaultHttpClientConnectionOperator 146 - Connection established 127.0.0.1:64616&lt;-&gt;127.0.0.1:16677
17-01-2018 13:12:00 LoggingManagedHttpClientConnection.java DEBUG [Forwarding maximizeCurrentWindow on session e7520d0f6ee7d85781382fd196895de5 to remote] conn.DefaultManagedHttpClientConnection 88 - http-outgoing-1: set socket timeout to 10800000
17-01-2018 13:12:00 MainClientExec.java DEBUG [Forwarding maximizeCurrentWindow on session e7520d0f6ee7d85781382fd196895de5 to remote] execchain.MainClientExec 256 - Executing request POST /session/e7520d0f6ee7d85781382fd196895de5/window/current/maximize HTTP/1.1
17-01-2018 13:12:00 MainClientExec.java DEBUG [Forwarding maximizeCurrentWindow on session e7520d0f6ee7d85781382fd196895de5 to remote] execchain.MainClientExec 261 - Target auth state: UNCHALLENGED
17-01-2018 13:12:00 MainClientExec.java DEBUG [Forwarding maximizeCurrentWindow on session e7520d0f6ee7d85781382fd196895de5 to remote] execchain.MainClientExec 267 - Proxy auth state: UNCHALLENGED
17-01-2018 13:12:00 LoggingManagedHttpClientConnection.java DEBUG [Forwarding maximizeCurrentWindow on session e7520d0f6ee7d85781382fd196895de5 to remote] http.headers 133 - http-outgoing-1 &gt;&gt; POST /session/e7520d0f6ee7d85781382fd196895de5/window/current/maximize HTTP/1.1
17-01-2018 13:12:00 LoggingManagedHttpClientConnection.java DEBUG [Forwarding maximizeCurrentWindow on session e7520d0f6ee7d85781382fd196895de5 to remote] http.headers 136 - http-outgoing-1 &gt;&gt; Content-Type: application/json; charset=utf-8
17-01-2018 13:12:00 LoggingManagedHttpClientConnection.java DEBUG [Forwarding maximizeCurrentWindow on session e7520d0f6ee7d85781382fd196895de5 to remote] http.headers 136 - http-outgoing-1 &gt;&gt; Content-Length: 45
17-01-2018 13:12:00 LoggingManagedHttpClientConnection.java DEBUG [Forwarding maximizeCurrentWindow on session e7520d0f6ee7d85781382fd196895de5 to remote] http.headers 136 - http-outgoing-1 &gt;&gt; Host: localhost:16677
17-01-2018 13:12:00 LoggingManagedHttpClientConnection.java DEBUG [Forwarding maximizeCurrentWindow on session e7520d0f6ee7d85781382fd196895de5 to remote] http.headers 136 - http-outgoing-1 &gt;&gt; Connection: Keep-Alive
17-01-2018 13:12:00 LoggingManagedHttpClientConnection.java DEBUG [Forwarding maximizeCurrentWindow on session e7520d0f6ee7d85781382fd196895de5 to remote] http.headers 136 - http-outgoing-1 &gt;&gt; User-Agent: Apache-HttpClient/4.5.3 (Java/9.0.1)
17-01-2018 13:12:00 LoggingManagedHttpClientConnection.java DEBUG [Forwarding maximizeCurrentWindow on session e7520d0f6ee7d85781382fd196895de5 to remote] http.headers 136 - http-outgoing-1 &gt;&gt; Accept-Encoding: gzip,deflate
17-01-2018 13:12:00 Wire.java DEBUG [Forwarding maximizeCurrentWindow on session e7520d0f6ee7d85781382fd196895de5 to remote] http.wire 73 - http-outgoing-1 &gt;&gt; &quot;POST /session/e7520d0f6ee7d85781382fd196895de5/window/current/maximize HTTP/1.1[\r][\n]&quot;
17-01-2018 13:12:00 Wire.java DEBUG [Forwarding maximizeCurrentWindow on session e7520d0f6ee7d85781382fd196895de5 to remote] http.wire 73 - http-outgoing-1 &gt;&gt; &quot;Content-Type: application/json; charset=utf-8[\r][\n]&quot;
17-01-2018 13:12:00 Wire.java DEBUG [Forwarding maximizeCurrentWindow on session e7520d0f6ee7d85781382fd196895de5 to remote] http.wire 73 - http-outgoing-1 &gt;&gt; &quot;Content-Length: 45[\r][\n]&quot;
17-01-2018 13:12:00 Wire.java DEBUG [Forwarding maximizeCurrentWindow on session e7520d0f6ee7d85781382fd196895de5 to remote] http.wire 73 - http-outgoing-1 &gt;&gt; &quot;Host: localhost:16677[\r][\n]&quot;
17-01-2018 13:12:00 Wire.java DEBUG [Forwarding maximizeCurrentWindow on session e7520d0f6ee7d85781382fd196895de5 to remote] http.wire 73 - http-outgoing-1 &gt;&gt; &quot;Connection: Keep-Alive[\r][\n]&quot;
17-01-2018 13:12:00 Wire.java DEBUG [Forwarding maximizeCurrentWindow on session e7520d0f6ee7d85781382fd196895de5 to remote] http.wire 73 - http-outgoing-1 &gt;&gt; &quot;User-Agent: Apache-HttpClient/4.5.3 (Java/9.0.1)[\r][\n]&quot;
17-01-2018 13:12:00 Wire.java DEBUG [Forwarding maximizeCurrentWindow on session e7520d0f6ee7d85781382fd196895de5 to remote] http.wire 73 - http-outgoing-1 &gt;&gt; &quot;Accept-Encoding: gzip,deflate[\r][\n]&quot;
17-01-2018 13:12:00 Wire.java DEBUG [Forwarding maximizeCurrentWindow on session e7520d0f6ee7d85781382fd196895de5 to remote] http.wire 73 - http-outgoing-1 &gt;&gt; &quot;[\r][\n]&quot;
17-01-2018 13:12:00 Wire.java DEBUG [Forwarding maximizeCurrentWindow on session e7520d0f6ee7d85781382fd196895de5 to remote] http.wire 87 - http-outgoing-1 &gt;&gt; &quot;{&quot;windowHandle&quot;:&quot;current&quot;,&quot;handle&quot;:&quot;current&quot;}&quot;
17-01-2018 13:12:01 Wire.java DEBUG [Forwarding maximizeCurrentWindow on session e7520d0f6ee7d85781382fd196895de5 to remote] http.wire 73 - http-outgoing-1 &lt;&lt; &quot;HTTP/1.1 200 OK[\r][\n]&quot;
17-01-2018 13:12:01 Wire.java DEBUG [Forwarding maximizeCurrentWindow on session e7520d0f6ee7d85781382fd196895de5 to remote] http.wire 73 - http-outgoing-1 &lt;&lt; &quot;Content-Length:72[\r][\n]&quot;
17-01-2018 13:12:01 Wire.java DEBUG [Forwarding maximizeCurrentWindow on session e7520d0f6ee7d85781382fd196895de5 to remote] http.wire 73 - http-outgoing-1 &lt;&lt; &quot;Content-Type:application/json; charset=utf-8[\r][\n]&quot;
17-01-2018 13:12:01 Wire.java DEBUG [Forwarding maximizeCurrentWindow on session e7520d0f6ee7d85781382fd196895de5 to remote] http.wire 73 - http-outgoing-1 &lt;&lt; &quot;Connection:close[\r][\n]&quot;
17-01-2018 13:12:01 Wire.java DEBUG [Forwarding maximizeCurrentWindow on session e7520d0f6ee7d85781382fd196895de5 to remote] http.wire 73 - http-outgoing-1 &lt;&lt; &quot;[\r][\n]&quot;
17-01-2018 13:12:01 Wire.java DEBUG [Forwarding maximizeCurrentWindow on session e7520d0f6ee7d85781382fd196895de5 to remote] http.wire 87 - http-outgoing-1 &lt;&lt; &quot;{&quot;sessionId&quot;:&quot;e7520d0f6ee7d85781382fd196895de5&quot;,&quot;status&quot;:0,&quot;value&quot;:null}&quot;
17-01-2018 13:12:01 LoggingManagedHttpClientConnection.java DEBUG [Forwarding maximizeCurrentWindow on session e7520d0f6ee7d85781382fd196895de5 to remote] http.headers 122 - http-outgoing-1 &lt;&lt; HTTP/1.1 200 OK
17-01-2018 13:12:01 LoggingManagedHttpClientConnection.java DEBUG [Forwarding maximizeCurrentWindow on session e7520d0f6ee7d85781382fd196895de5 to remote] http.headers 125 - http-outgoing-1 &lt;&lt; Content-Length:72
17-01-2018 13:12:01 LoggingManagedHttpClientConnection.java DEBUG [Forwarding maximizeCurrentWindow on session e7520d0f6ee7d85781382fd196895de5 to remote] http.headers 125 - http-outgoing-1 &lt;&lt; Content-Type:application/json; charset=utf-8
17-01-2018 13:12:01 LoggingManagedHttpClientConnection.java DEBUG [Forwarding maximizeCurrentWindow on session e7520d0f6ee7d85781382fd196895de5 to remote] http.headers 125 - http-outgoing-1 &lt;&lt; Connection:close
17-01-2018 13:12:01 LoggingManagedHttpClientConnection.java DEBUG [Forwarding maximizeCurrentWindow on session e7520d0f6ee7d85781382fd196895de5 to remote] conn.DefaultManagedHttpClientConnection 79 - http-outgoing-1: Close connection
17-01-2018 13:12:01 ConnectionHolder.java DEBUG [Forwarding maximizeCurrentWindow on session e7520d0f6ee7d85781382fd196895de5 to remote] execchain.MainClientExec 104 - Connection discarded
17-01-2018 13:12:01 PoolingHttpClientConnectionManager.java DEBUG [Forwarding maximizeCurrentWindow on session e7520d0f6ee7d85781382fd196895de5 to remote] conn.PoolingHttpClientConnectionManager 326 - Connection released: [id: 1][route: {}-&gt;http://localhost:16677][total kept alive: 0; route allocated: 0 of 2000; total allocated: 0 of 2000]
17-01-2018 13:12:01 RequestAddCookies.java DEBUG [Forwarding deleteAllCookies on session e7520d0f6ee7d85781382fd196895de5 to remote] protocol.RequestAddCookies 123 - CookieSpec selected: default
17-01-2018 13:12:01 RequestAuthCache.java DEBUG [Forwarding deleteAllCookies on session e7520d0f6ee7d85781382fd196895de5 to remote] protocol.RequestAuthCache 77 - Auth cache not set in the context
17-01-2018 13:12:01 PoolingHttpClientConnectionManager.java DEBUG [Forwarding deleteAllCookies on session e7520d0f6ee7d85781382fd196895de5 to remote] conn.PoolingHttpClientConnectionManager 255 - Connection request: [route: {}-&gt;http://localhost:16677][total kept alive: 0; route allocated: 0 of 2000; total allocated: 0 of 2000]
17-01-2018 13:12:01 PoolingHttpClientConnectionManager.java DEBUG [Forwarding deleteAllCookies on session e7520d0f6ee7d85781382fd196895de5 to remote] conn.PoolingHttpClientConnectionManager 288 - Connection leased: [id: 2][route: {}-&gt;http://localhost:16677][total kept alive: 0; route allocated: 1 of 2000; total allocated: 1 of 2000]
17-01-2018 13:12:01 MainClientExec.java DEBUG [Forwarding deleteAllCookies on session e7520d0f6ee7d85781382fd196895de5 to remote] execchain.MainClientExec 235 - Opening connection {}-&gt;http://localhost:16677
17-01-2018 13:12:01 DefaultHttpClientConnectionOperator.java DEBUG [Forwarding deleteAllCookies on session e7520d0f6ee7d85781382fd196895de5 to remote] conn.DefaultHttpClientConnectionOperator 139 - Connecting to localhost/127.0.0.1:16677
17-01-2018 13:12:01 DefaultHttpClientConnectionOperator.java DEBUG [Forwarding deleteAllCookies on session e7520d0f6ee7d85781382fd196895de5 to remote] conn.DefaultHttpClientConnectionOperator 146 - Connection established 127.0.0.1:64620&lt;-&gt;127.0.0.1:16677
17-01-2018 13:12:01 LoggingManagedHttpClientConnection.java DEBUG [Forwarding deleteAllCookies on session e7520d0f6ee7d85781382fd196895de5 to remote] conn.DefaultManagedHttpClientConnection 88 - http-outgoing-2: set socket timeout to 10800000
17-01-2018 13:12:01 MainClientExec.java DEBUG [Forwarding deleteAllCookies on session e7520d0f6ee7d85781382fd196895de5 to remote] execchain.MainClientExec 256 - Executing request DELETE /session/e7520d0f6ee7d85781382fd196895de5/cookie HTTP/1.1
17-01-2018 13:12:01 MainClientExec.java DEBUG [Forwarding deleteAllCookies on session e7520d0f6ee7d85781382fd196895de5 to remote] execchain.MainClientExec 261 - Target auth state: UNCHALLENGED
17-01-2018 13:12:01 MainClientExec.java DEBUG [Forwarding deleteAllCookies on session e7520d0f6ee7d85781382fd196895de5 to remote] execchain.MainClientExec 267 - Proxy auth state: UNCHALLENGED
17-01-2018 13:12:01 LoggingManagedHttpClientConnection.java DEBUG [Forwarding deleteAllCookies on session e7520d0f6ee7d85781382fd196895de5 to remote] http.headers 133 - http-outgoing-2 &gt;&gt; DELETE /session/e7520d0f6ee7d85781382fd196895de5/cookie HTTP/1.1
17-01-2018 13:12:01 LoggingManagedHttpClientConnection.java DEBUG [Forwarding deleteAllCookies on session e7520d0f6ee7d85781382fd196895de5 to remote] http.headers 136 - http-outgoing-2 &gt;&gt; Host: localhost:16677
17-01-2018 13:12:01 LoggingManagedHttpClientConnection.java DEBUG [Forwarding deleteAllCookies on session e7520d0f6ee7d85781382fd196895de5 to remote] http.headers 136 - http-outgoing-2 &gt;&gt; Connection: Keep-Alive
17-01-2018 13:12:01 LoggingManagedHttpClientConnection.java DEBUG [Forwarding deleteAllCookies on session e7520d0f6ee7d85781382fd196895de5 to remote] http.headers 136 - http-outgoing-2 &gt;&gt; User-Agent: Apache-HttpClient/4.5.3 (Java/9.0.1)
17-01-2018 13:12:01 LoggingManagedHttpClientConnection.java DEBUG [Forwarding deleteAllCookies on session e7520d0f6ee7d85781382fd196895de5 to remote] http.headers 136 - http-outgoing-2 &gt;&gt; Accept-Encoding: gzip,deflate
17-01-2018 13:12:01 Wire.java DEBUG [Forwarding deleteAllCookies on session e7520d0f6ee7d85781382fd196895de5 to remote] http.wire 73 - http-outgoing-2 &gt;&gt; &quot;DELETE /session/e7520d0f6ee7d85781382fd196895de5/cookie HTTP/1.1[\r][\n]&quot;
17-01-2018 13:12:01 Wire.java DEBUG [Forwarding deleteAllCookies on session e7520d0f6ee7d85781382fd196895de5 to remote] http.wire 73 - http-outgoing-2 &gt;&gt; &quot;Host: localhost:16677[\r][\n]&quot;
17-01-2018 13:12:01 Wire.java DEBUG [Forwarding deleteAllCookies on session e7520d0f6ee7d85781382fd196895de5 to remote] http.wire 73 - http-outgoing-2 &gt;&gt; &quot;Connection: Keep-Alive[\r][\n]&quot;
17-01-2018 13:12:01 Wire.java DEBUG [Forwarding deleteAllCookies on session e7520d0f6ee7d85781382fd196895de5 to remote] http.wire 73 - http-outgoing-2 &gt;&gt; &quot;User-Agent: Apache-HttpClient/4.5.3 (Java/9.0.1)[\r][\n]&quot;
17-01-2018 13:12:01 Wire.java DEBUG [Forwarding deleteAllCookies on session e7520d0f6ee7d85781382fd196895de5 to remote] http.wire 73 - http-outgoing-2 &gt;&gt; &quot;Accept-Encoding: gzip,deflate[\r][\n]&quot;
17-01-2018 13:12:01 Wire.java DEBUG [Forwarding deleteAllCookies on session e7520d0f6ee7d85781382fd196895de5 to remote] http.wire 73 - http-outgoing-2 &gt;&gt; &quot;[\r][\n]&quot;
17-01-2018 13:12:02 Wire.java DEBUG [Forwarding deleteAllCookies on session e7520d0f6ee7d85781382fd196895de5 to remote] http.wire 73 - http-outgoing-2 &lt;&lt; &quot;HTTP/1.1 200 OK[\r][\n]&quot;
17-01-2018 13:12:02 Wire.java DEBUG [Forwarding deleteAllCookies on session e7520d0f6ee7d85781382fd196895de5 to remote] http.wire 73 - http-outgoing-2 &lt;&lt; &quot;Content-Length:72[\r][\n]&quot;
17-01-2018 13:12:02 Wire.java DEBUG [Forwarding deleteAllCookies on session e7520d0f6ee7d85781382fd196895de5 to remote] http.wire 73 - http-outgoing-2 &lt;&lt; &quot;Content-Type:application/json; charset=utf-8[\r][\n]&quot;
17-01-2018 13:12:02 Wire.java DEBUG [Forwarding deleteAllCookies on session e7520d0f6ee7d85781382fd196895de5 to remote] http.wire 73 - http-outgoing-2 &lt;&lt; &quot;Connection:close[\r][\n]&quot;
17-01-2018 13:12:02 Wire.java DEBUG [Forwarding deleteAllCookies on session e7520d0f6ee7d85781382fd196895de5 to remote] http.wire 73 - http-outgoing-2 &lt;&lt; &quot;[\r][\n]&quot;
17-01-2018 13:12:02 Wire.java DEBUG [Forwarding deleteAllCookies on session e7520d0f6ee7d85781382fd196895de5 to remote] http.wire 87 - http-outgoing-2 &lt;&lt; &quot;{&quot;sessionId&quot;:&quot;e7520d0f6ee7d85781382fd196895de5&quot;,&quot;status&quot;:0,&quot;value&quot;:null}&quot;
17-01-2018 13:12:02 LoggingManagedHttpClientConnection.java DEBUG [Forwarding deleteAllCookies on session e7520d0f6ee7d85781382fd196895de5 to remote] http.headers 122 - http-outgoing-2 &lt;&lt; HTTP/1.1 200 OK
17-01-2018 13:12:02 LoggingManagedHttpClientConnection.java DEBUG [Forwarding deleteAllCookies on session e7520d0f6ee7d85781382fd196895de5 to remote] http.headers 125 - http-outgoing-2 &lt;&lt; Content-Length:72
17-01-2018 13:12:02 LoggingManagedHttpClientConnection.java DEBUG [Forwarding deleteAllCookies on session e7520d0f6ee7d85781382fd196895de5 to remote] http.headers 125 - http-outgoing-2 &lt;&lt; Content-Type:application/json; charset=utf-8
17-01-2018 13:12:02 LoggingManagedHttpClientConnection.java DEBUG [Forwarding deleteAllCookies on session e7520d0f6ee7d85781382fd196895de5 to remote] http.headers 125 - http-outgoing-2 &lt;&lt; Connection:close
17-01-2018 13:12:02 LoggingManagedHttpClientConnection.java DEBUG [Forwarding deleteAllCookies on session e7520d0f6ee7d85781382fd196895de5 to remote] conn.DefaultManagedHttpClientConnection 79 - http-outgoing-2: Close connection
17-01-2018 13:12:02 ConnectionHolder.java DEBUG [Forwarding deleteAllCookies on session e7520d0f6ee7d85781382fd196895de5 to remote] execchain.MainClientExec 104 - Connection discarded
17-01-2018 13:12:02 PoolingHttpClientConnectionManager.java DEBUG [Forwarding deleteAllCookies on session e7520d0f6ee7d85781382fd196895de5 to remote] conn.PoolingHttpClientConnectionManager 326 - Connection released: [id: 2][route: {}-&gt;http://localhost:16677][total kept alive: 0; route allocated: 0 of 2000; total allocated: 0 of 2000]
17-01-2018 13:12:02 RequestAddCookies.java DEBUG [Forwarding setTimeout on session e7520d0f6ee7d85781382fd196895de5 to remote] protocol.RequestAddCookies 123 - CookieSpec selected: default
17-01-2018 13:12:02 RequestAuthCache.java DEBUG [Forwarding setTimeout on session e7520d0f6ee7d85781382fd196895de5 to remote] protocol.RequestAuthCache 77 - Auth cache not set in the context
17-01-2018 13:12:02 PoolingHttpClientConnectionManager.java DEBUG [Forwarding setTimeout on session e7520d0f6ee7d85781382fd196895de5 to remote] conn.PoolingHttpClientConnectionManager 255 - Connection request: [route: {}-&gt;http://localhost:16677][total kept alive: 0; route allocated: 0 of 2000; total allocated: 0 of 2000]
17-01-2018 13:12:02 PoolingHttpClientConnectionManager.java DEBUG [Forwarding setTimeout on session e7520d0f6ee7d85781382fd196895de5 to remote] conn.PoolingHttpClientConnectionManager 288 - Connection leased: [id: 3][route: {}-&gt;http://localhost:16677][total kept alive: 0; route allocated: 1 of 2000; total allocated: 1 of 2000]
17-01-2018 13:12:02 MainClientExec.java DEBUG [Forwarding setTimeout on session e7520d0f6ee7d85781382fd196895de5 to remote] execchain.MainClientExec 235 - Opening connection {}-&gt;http://localhost:16677
17-01-2018 13:12:02 DefaultHttpClientConnectionOperator.java DEBUG [Forwarding setTimeout on session e7520d0f6ee7d85781382fd196895de5 to remote] conn.DefaultHttpClientConnectionOperator 139 - Connecting to localhost/127.0.0.1:16677
17-01-2018 13:12:02 DefaultHttpClientConnectionOperator.java DEBUG [Forwarding setTimeout on session e7520d0f6ee7d85781382fd196895de5 to remote] conn.DefaultHttpClientConnectionOperator 146 - Connection established 127.0.0.1:64621&lt;-&gt;127.0.0.1:16677
17-01-2018 13:12:02 LoggingManagedHttpClientConnection.java DEBUG [Forwarding setTimeout on session e7520d0f6ee7d85781382fd196895de5 to remote] conn.DefaultManagedHttpClientConnection 88 - http-outgoing-3: set socket timeout to 10800000
17-01-2018 13:12:02 MainClientExec.java DEBUG [Forwarding setTimeout on session e7520d0f6ee7d85781382fd196895de5 to remote] execchain.MainClientExec 256 - Executing request POST /session/e7520d0f6ee7d85781382fd196895de5/timeouts HTTP/1.1
17-01-2018 13:12:02 MainClientExec.java DEBUG [Forwarding setTimeout on session e7520d0f6ee7d85781382fd196895de5 to remote] execchain.MainClientExec 261 - Target auth state: UNCHALLENGED
17-01-2018 13:12:02 MainClientExec.java DEBUG [Forwarding setTimeout on session e7520d0f6ee7d85781382fd196895de5 to remote] execchain.MainClientExec 267 - Proxy auth state: UNCHALLENGED
17-01-2018 13:12:02 LoggingManagedHttpClientConnection.java DEBUG [Forwarding setTimeout on session e7520d0f6ee7d85781382fd196895de5 to remote] http.headers 133 - http-outgoing-3 &gt;&gt; POST /session/e7520d0f6ee7d85781382fd196895de5/timeouts HTTP/1.1
17-01-2018 13:12:02 LoggingManagedHttpClientConnection.java DEBUG [Forwarding setTimeout on session e7520d0f6ee7d85781382fd196895de5 to remote] http.headers 136 - http-outgoing-3 &gt;&gt; Content-Type: application/json; charset=utf-8
17-01-2018 13:12:02 LoggingManagedHttpClientConnection.java DEBUG [Forwarding setTimeout on session e7520d0f6ee7d85781382fd196895de5 to remote] http.headers 136 - http-outgoing-3 &gt;&gt; Content-Length: 31
17-01-2018 13:12:02 LoggingManagedHttpClientConnection.java DEBUG [Forwarding setTimeout on session e7520d0f6ee7d85781382fd196895de5 to remote] http.headers 136 - http-outgoing-3 &gt;&gt; Host: localhost:16677
17-01-2018 13:12:02 LoggingManagedHttpClientConnection.java DEBUG [Forwarding setTimeout on session e7520d0f6ee7d85781382fd196895de5 to remote] http.headers 136 - http-outgoing-3 &gt;&gt; Connection: Keep-Alive
17-01-2018 13:12:02 LoggingManagedHttpClientConnection.java DEBUG [Forwarding setTimeout on session e7520d0f6ee7d85781382fd196895de5 to remote] http.headers 136 - http-outgoing-3 &gt;&gt; User-Agent: Apache-HttpClient/4.5.3 (Java/9.0.1)
17-01-2018 13:12:02 LoggingManagedHttpClientConnection.java DEBUG [Forwarding setTimeout on session e7520d0f6ee7d85781382fd196895de5 to remote] http.headers 136 - http-outgoing-3 &gt;&gt; Accept-Encoding: gzip,deflate
17-01-2018 13:12:02 Wire.java DEBUG [Forwarding setTimeout on session e7520d0f6ee7d85781382fd196895de5 to remote] http.wire 73 - http-outgoing-3 &gt;&gt; &quot;POST /session/e7520d0f6ee7d85781382fd196895de5/timeouts HTTP/1.1[\r][\n]&quot;
17-01-2018 13:12:02 Wire.java DEBUG [Forwarding setTimeout on session e7520d0f6ee7d85781382fd196895de5 to remote] http.wire 73 - http-outgoing-3 &gt;&gt; &quot;Content-Type: application/json; charset=utf-8[\r][\n]&quot;
17-01-2018 13:12:02 Wire.java DEBUG [Forwarding setTimeout on session e7520d0f6ee7d85781382fd196895de5 to remote] http.wire 73 - http-outgoing-3 &gt;&gt; &quot;Content-Length: 31[\r][\n]&quot;
17-01-2018 13:12:02 Wire.java DEBUG [Forwarding setTimeout on session e7520d0f6ee7d85781382fd196895de5 to remote] http.wire 73 - http-outgoing-3 &gt;&gt; &quot;Host: localhost:16677[\r][\n]&quot;
17-01-2018 13:12:02 Wire.java DEBUG [Forwarding setTimeout on session e7520d0f6ee7d85781382fd196895de5 to remote] http.wire 73 - http-outgoing-3 &gt;&gt; &quot;Connection: Keep-Alive[\r][\n]&quot;
17-01-2018 13:12:02 Wire.java DEBUG [Forwarding setTimeout on session e7520d0f6ee7d85781382fd196895de5 to remote] http.wire 73 - http-outgoing-3 &gt;&gt; &quot;User-Agent: Apache-HttpClient/4.5.3 (Java/9.0.1)[\r][\n]&quot;
17-01-2018 13:12:02 Wire.java DEBUG [Forwarding setTimeout on session e7520d0f6ee7d85781382fd196895de5 to remote] http.wire 73 - http-outgoing-3 &gt;&gt; &quot;Accept-Encoding: gzip,deflate[\r][\n]&quot;
17-01-2018 13:12:02 Wire.java DEBUG [Forwarding setTimeout on session e7520d0f6ee7d85781382fd196895de5 to remote] http.wire 73 - http-outgoing-3 &gt;&gt; &quot;[\r][\n]&quot;
17-01-2018 13:12:02 Wire.java DEBUG [Forwarding setTimeout on session e7520d0f6ee7d85781382fd196895de5 to remote] http.wire 87 - http-outgoing-3 &gt;&gt; &quot;{&quot;type&quot;:&quot;page load&quot;,&quot;ms&quot;:20000}&quot;
17-01-2018 13:12:02 Wire.java DEBUG [Forwarding setTimeout on session e7520d0f6ee7d85781382fd196895de5 to remote] http.wire 73 - http-outgoing-3 &lt;&lt; &quot;HTTP/1.1 200 OK[\r][\n]&quot;
17-01-2018 13:12:02 Wire.java DEBUG [Forwarding setTimeout on session e7520d0f6ee7d85781382fd196895de5 to remote] http.wire 73 - http-outgoing-3 &lt;&lt; &quot;Content-Length:72[\r][\n]&quot;
17-01-2018 13:12:02 Wire.java DEBUG [Forwarding setTimeout on session e7520d0f6ee7d85781382fd196895de5 to remote] http.wire 73 - http-outgoing-3 &lt;&lt; &quot;Content-Type:application/json; charset=utf-8[\r][\n]&quot;
17-01-2018 13:12:02 Wire.java DEBUG [Forwarding setTimeout on session e7520d0f6ee7d85781382fd196895de5 to remote] http.wire 73 - http-outgoing-3 &lt;&lt; &quot;Connection:close[\r][\n]&quot;
17-01-2018 13:12:02 Wire.java DEBUG [Forwarding setTimeout on session e7520d0f6ee7d85781382fd196895de5 to remote] http.wire 73 - http-outgoing-3 &lt;&lt; &quot;[\r][\n]&quot;
17-01-2018 13:12:02 Wire.java DEBUG [Forwarding setTimeout on session e7520d0f6ee7d85781382fd196895de5 to remote] http.wire 87 - http-outgoing-3 &lt;&lt; &quot;{&quot;sessionId&quot;:&quot;e7520d0f6ee7d85781382fd196895de5&quot;,&quot;status&quot;:0,&quot;value&quot;:null}&quot;
17-01-2018 13:12:02 LoggingManagedHttpClientConnection.java DEBUG [Forwarding setTimeout on session e7520d0f6ee7d85781382fd196895de5 to remote] http.headers 122 - http-outgoing-3 &lt;&lt; HTTP/1.1 200 OK
17-01-2018 13:12:02 LoggingManagedHttpClientConnection.java DEBUG [Forwarding setTimeout on session e7520d0f6ee7d85781382fd196895de5 to remote] http.headers 125 - http-outgoing-3 &lt;&lt; Content-Length:72
17-01-2018 13:12:02 LoggingManagedHttpClientConnection.java DEBUG [Forwarding setTimeout on session e7520d0f6ee7d85781382fd196895de5 to remote] http.headers 125 - http-outgoing-3 &lt;&lt; Content-Type:application/json; charset=utf-8
17-01-2018 13:12:02 LoggingManagedHttpClientConnection.java DEBUG [Forwarding setTimeout on session e7520d0f6ee7d85781382fd196895de5 to remote] http.headers 125 - http-outgoing-3 &lt;&lt; Connection:close
17-01-2018 13:12:02 LoggingManagedHttpClientConnection.java DEBUG [Forwarding setTimeout on session e7520d0f6ee7d85781382fd196895de5 to remote] conn.DefaultManagedHttpClientConnection 79 - http-outgoing-3: Close connection
17-01-2018 13:12:02 ConnectionHolder.java DEBUG [Forwarding setTimeout on session e7520d0f6ee7d85781382fd196895de5 to remote] execchain.MainClientExec 104 - Connection discarded
17-01-2018 13:12:02 PoolingHttpClientConnectionManager.java DEBUG [Forwarding setTimeout on session e7520d0f6ee7d85781382fd196895de5 to remote] conn.PoolingHttpClientConnectionManager 326 - Connection released: [id: 3][route: {}-&gt;http://localhost:16677][total kept alive: 0; route allocated: 0 of 2000; total allocated: 0 of 2000]
17-01-2018 13:12:02 RequestAddCookies.java DEBUG [Forwarding setTimeout on session e7520d0f6ee7d85781382fd196895de5 to remote] protocol.RequestAddCookies 123 - CookieSpec selected: default
17-01-2018 13:12:02 RequestAuthCache.java DEBUG [Forwarding setTimeout on session e7520d0f6ee7d85781382fd196895de5 to remote] protocol.RequestAuthCache 77 - Auth cache not set in the context
17-01-2018 13:12:02 PoolingHttpClientConnectionManager.java DEBUG [Forwarding setTimeout on session e7520d0f6ee7d85781382fd196895de5 to remote] conn.PoolingHttpClientConnectionManager 255 - Connection request: [route: {}-&gt;http://localhost:16677][total kept alive: 0; route allocated: 0 of 2000; total allocated: 0 of 2000]
17-01-2018 13:12:02 PoolingHttpClientConnectionManager.java DEBUG [Forwarding setTimeout on session e7520d0f6ee7d85781382fd196895de5 to remote] conn.PoolingHttpClientConnectionManager 288 - Connection leased: [id: 4][route: {}-&gt;http://localhost:16677][total kept alive: 0; route allocated: 1 of 2000; total allocated: 1 of 2000]
17-01-2018 13:12:02 MainClientExec.java DEBUG [Forwarding setTimeout on session e7520d0f6ee7d85781382fd196895de5 to remote] execchain.MainClientExec 235 - Opening connection {}-&gt;http://localhost:16677
17-01-2018 13:12:02 DefaultHttpClientConnectionOperator.java DEBUG [Forwarding setTimeout on session e7520d0f6ee7d85781382fd196895de5 to remote] conn.DefaultHttpClientConnectionOperator 139 - Connecting to localhost/127.0.0.1:16677
17-01-2018 13:12:02 DefaultHttpClientConnectionOperator.java DEBUG [Forwarding setTimeout on session e7520d0f6ee7d85781382fd196895de5 to remote] conn.DefaultHttpClientConnectionOperator 146 - Connection established 127.0.0.1:64622&lt;-&gt;127.0.0.1:16677
17-01-2018 13:12:02 LoggingManagedHttpClientConnection.java DEBUG [Forwarding setTimeout on session e7520d0f6ee7d85781382fd196895de5 to remote] conn.DefaultManagedHttpClientConnection 88 - http-outgoing-4: set socket timeout to 10800000
17-01-2018 13:12:02 MainClientExec.java DEBUG [Forwarding setTimeout on session e7520d0f6ee7d85781382fd196895de5 to remote] execchain.MainClientExec 256 - Executing request POST /session/e7520d0f6ee7d85781382fd196895de5/timeouts HTTP/1.1
17-01-2018 13:12:02 MainClientExec.java DEBUG [Forwarding setTimeout on session e7520d0f6ee7d85781382fd196895de5 to remote] execchain.MainClientExec 261 - Target auth state: UNCHALLENGED
17-01-2018 13:12:02 MainClientExec.java DEBUG [Forwarding setTimeout on session e7520d0f6ee7d85781382fd196895de5 to remote] execchain.MainClientExec 267 - Proxy auth state: UNCHALLENGED
17-01-2018 13:12:02 LoggingManagedHttpClientConnection.java DEBUG [Forwarding setTimeout on session e7520d0f6ee7d85781382fd196895de5 to remote] http.headers 133 - http-outgoing-4 &gt;&gt; POST /session/e7520d0f6ee7d85781382fd196895de5/timeouts HTTP/1.1
17-01-2018 13:12:02 LoggingManagedHttpClientConnection.java DEBUG [Forwarding setTimeout on session e7520d0f6ee7d85781382fd196895de5 to remote] http.headers 136 - http-outgoing-4 &gt;&gt; Content-Type: application/json; charset=utf-8
17-01-2018 13:12:02 LoggingManagedHttpClientConnection.java DEBUG [Forwarding setTimeout on session e7520d0f6ee7d85781382fd196895de5 to remote] http.headers 136 - http-outgoing-4 &gt;&gt; Content-Length: 30
17-01-2018 13:12:02 LoggingManagedHttpClientConnection.java DEBUG [Forwarding setTimeout on session e7520d0f6ee7d85781382fd196895de5 to remote] http.headers 136 - http-outgoing-4 &gt;&gt; Host: localhost:16677
17-01-2018 13:12:02 LoggingManagedHttpClientConnection.java DEBUG [Forwarding setTimeout on session e7520d0f6ee7d85781382fd196895de5 to remote] http.headers 136 - http-outgoing-4 &gt;&gt; Connection: Keep-Alive
17-01-2018 13:12:02 LoggingManagedHttpClientConnection.java DEBUG [Forwarding setTimeout on session e7520d0f6ee7d85781382fd196895de5 to remote] http.headers 136 - http-outgoing-4 &gt;&gt; User-Agent: Apache-HttpClient/4.5.3 (Java/9.0.1)
17-01-2018 13:12:02 LoggingManagedHttpClientConnection.java DEBUG [Forwarding setTimeout on session e7520d0f6ee7d85781382fd196895de5 to remote] http.headers 136 - http-outgoing-4 &gt;&gt; Accept-Encoding: gzip,deflate
17-01-2018 13:12:02 Wire.java DEBUG [Forwarding setTimeout on session e7520d0f6ee7d85781382fd196895de5 to remote] http.wire 73 - http-outgoing-4 &gt;&gt; &quot;POST /session/e7520d0f6ee7d85781382fd196895de5/timeouts HTTP/1.1[\r][\n]&quot;
17-01-2018 13:12:02 Wire.java DEBUG [Forwarding setTimeout on session e7520d0f6ee7d85781382fd196895de5 to remote] http.wire 73 - http-outgoing-4 &gt;&gt; &quot;Content-Type: application/json; charset=utf-8[\r][\n]&quot;
17-01-2018 13:12:02 Wire.java DEBUG [Forwarding setTimeout on session e7520d0f6ee7d85781382fd196895de5 to remote] http.wire 73 - http-outgoing-4 &gt;&gt; &quot;Content-Length: 30[\r][\n]&quot;
17-01-2018 13:12:02 Wire.java DEBUG [Forwarding setTimeout on session e7520d0f6ee7d85781382fd196895de5 to remote] http.wire 73 - http-outgoing-4 &gt;&gt; &quot;Host: localhost:16677[\r][\n]&quot;
17-01-2018 13:12:02 Wire.java DEBUG [Forwarding setTimeout on session e7520d0f6ee7d85781382fd196895de5 to remote] http.wire 73 - http-outgoing-4 &gt;&gt; &quot;Connection: Keep-Alive[\r][\n]&quot;
17-01-2018 13:12:02 Wire.java DEBUG [Forwarding setTimeout on session e7520d0f6ee7d85781382fd196895de5 to remote] http.wire 73 - http-outgoing-4 &gt;&gt; &quot;User-Agent: Apache-HttpClient/4.5.3 (Java/9.0.1)[\r][\n]&quot;
17-01-2018 13:12:02 Wire.java DEBUG [Forwarding setTimeout on session e7520d0f6ee7d85781382fd196895de5 to remote] http.wire 73 - http-outgoing-4 &gt;&gt; &quot;Accept-Encoding: gzip,deflate[\r][\n]&quot;
17-01-2018 13:12:02 Wire.java DEBUG [Forwarding setTimeout on session e7520d0f6ee7d85781382fd196895de5 to remote] http.wire 73 - http-outgoing-4 &gt;&gt; &quot;[\r][\n]&quot;
17-01-2018 13:12:02 Wire.java DEBUG [Forwarding setTimeout on session e7520d0f6ee7d85781382fd196895de5 to remote] http.wire 87 - http-outgoing-4 &gt;&gt; &quot;{&quot;type&quot;:&quot;implicit&quot;,&quot;ms&quot;:10000}&quot;
17-01-2018 13:12:02 Wire.java DEBUG [Forwarding setTimeout on session e7520d0f6ee7d85781382fd196895de5 to remote] http.wire 73 - http-outgoing-4 &lt;&lt; &quot;HTTP/1.1 200 OK[\r][\n]&quot;
17-01-2018 13:12:02 Wire.java DEBUG [Forwarding setTimeout on session e7520d0f6ee7d85781382fd196895de5 to remote] http.wire 73 - http-outgoing-4 &lt;&lt; &quot;Content-Length:72[\r][\n]&quot;
17-01-2018 13:12:02 Wire.java DEBUG [Forwarding setTimeout on session e7520d0f6ee7d85781382fd196895de5 to remote] http.wire 73 - http-outgoing-4 &lt;&lt; &quot;Content-Type:application/json; charset=utf-8[\r][\n]&quot;
17-01-2018 13:12:02 Wire.java DEBUG [Forwarding setTimeout on session e7520d0f6ee7d85781382fd196895de5 to remote] http.wire 73 - http-outgoing-4 &lt;&lt; &quot;Connection:close[\r][\n]&quot;
17-01-2018 13:12:02 Wire.java DEBUG [Forwarding setTimeout on session e7520d0f6ee7d85781382fd196895de5 to remote] http.wire 73 - http-outgoing-4 &lt;&lt; &quot;[\r][\n]&quot;
17-01-2018 13:12:02 Wire.java DEBUG [Forwarding setTimeout on session e7520d0f6ee7d85781382fd196895de5 to remote] http.wire 87 - http-outgoing-4 &lt;&lt; &quot;{&quot;sessionId&quot;:&quot;e7520d0f6ee7d85781382fd196895de5&quot;,&quot;status&quot;:0,&quot;value&quot;:null}&quot;
17-01-2018 13:12:02 LoggingManagedHttpClientConnection.java DEBUG [Forwarding setTimeout on session e7520d0f6ee7d85781382fd196895de5 to remote] http.headers 122 - http-outgoing-4 &lt;&lt; HTTP/1.1 200 OK
17-01-2018 13:12:02 LoggingManagedHttpClientConnection.java DEBUG [Forwarding setTimeout on session e7520d0f6ee7d85781382fd196895de5 to remote] http.headers 125 - http-outgoing-4 &lt;&lt; Content-Length:72
17-01-2018 13:12:02 LoggingManagedHttpClientConnection.java DEBUG [Forwarding setTimeout on session e7520d0f6ee7d85781382fd196895de5 to remote] http.headers 125 - http-outgoing-4 &lt;&lt; Content-Type:application/json; charset=utf-8
17-01-2018 13:12:02 LoggingManagedHttpClientConnection.java DEBUG [Forwarding setTimeout on session e7520d0f6ee7d85781382fd196895de5 to remote] http.headers 125 - http-outgoing-4 &lt;&lt; Connection:close
17-01-2018 13:12:02 LoggingManagedHttpClientConnection.java DEBUG [Forwarding setTimeout on session e7520d0f6ee7d85781382fd196895de5 to remote] conn.DefaultManagedHttpClientConnection 79 - http-outgoing-4: Close connection
17-01-2018 13:12:02 ConnectionHolder.java DEBUG [Forwarding setTimeout on session e7520d0f6ee7d85781382fd196895de5 to remote] execchain.MainClientExec 104 - Connection discarded
17-01-2018 13:12:02 PoolingHttpClientConnectionManager.java DEBUG [Forwarding setTimeout on session e7520d0f6ee7d85781382fd196895de5 to remote] conn.PoolingHttpClientConnectionManager 326 - Connection released: [id: 4][route: {}-&gt;http://localhost:16677][total kept alive: 0; route allocated: 0 of 2000; total allocated: 0 of 2000]
17-01-2018 13:12:02 RequestAddCookies.java DEBUG [Forwarding get on session e7520d0f6ee7d85781382fd196895de5 to remote] protocol.RequestAddCookies 123 - CookieSpec selected: default
17-01-2018 13:12:02 RequestAuthCache.java DEBUG [Forwarding get on session e7520d0f6ee7d85781382fd196895de5 to remote] protocol.RequestAuthCache 77 - Auth cache not set in the context
17-01-2018 13:12:02 PoolingHttpClientConnectionManager.java DEBUG [Forwarding get on session e7520d0f6ee7d85781382fd196895de5 to remote] conn.PoolingHttpClientConnectionManager 255 - Connection request: [route: {}-&gt;http://localhost:16677][total kept alive: 0; route allocated: 0 of 2000; total allocated: 0 of 2000]
17-01-2018 13:12:02 PoolingHttpClientConnectionManager.java DEBUG [Forwarding get on session e7520d0f6ee7d85781382fd196895de5 to remote] conn.PoolingHttpClientConnectionManager 288 - Connection leased: [id: 5][route: {}-&gt;http://localhost:16677][total kept alive: 0; route allocated: 1 of 2000; total allocated: 1 of 2000]
17-01-2018 13:12:02 MainClientExec.java DEBUG [Forwarding get on session e7520d0f6ee7d85781382fd196895de5 to remote] execchain.MainClientExec 235 - Opening connection {}-&gt;http://localhost:16677
17-01-2018 13:12:02 DefaultHttpClientConnectionOperator.java DEBUG [Forwarding get on session e7520d0f6ee7d85781382fd196895de5 to remote] conn.DefaultHttpClientConnectionOperator 139 - Connecting to localhost/127.0.0.1:16677
17-01-2018 13:12:02 DefaultHttpClientConnectionOperator.java DEBUG [Forwarding get on session e7520d0f6ee7d85781382fd196895de5 to remote] conn.DefaultHttpClientConnectionOperator 146 - Connection established 127.0.0.1:64623&lt;-&gt;127.0.0.1:16677
17-01-2018 13:12:02 LoggingManagedHttpClientConnection.java DEBUG [Forwarding get on session e7520d0f6ee7d85781382fd196895de5 to remote] conn.DefaultManagedHttpClientConnection 88 - http-outgoing-5: set socket timeout to 10800000
17-01-2018 13:12:02 MainClientExec.java DEBUG [Forwarding get on session e7520d0f6ee7d85781382fd196895de5 to remote] execchain.MainClientExec 256 - Executing request POST /session/e7520d0f6ee7d85781382fd196895de5/url HTTP/1.1
17-01-2018 13:12:02 MainClientExec.java DEBUG [Forwarding get on session e7520d0f6ee7d85781382fd196895de5 to remote] execchain.MainClientExec 261 - Target auth state: UNCHALLENGED
17-01-2018 13:12:02 MainClientExec.java DEBUG [Forwarding get on session e7520d0f6ee7d85781382fd196895de5 to remote] execchain.MainClientExec 267 - Proxy auth state: UNCHALLENGED
17-01-2018 13:12:02 LoggingManagedHttpClientConnection.java DEBUG [Forwarding get on session e7520d0f6ee7d85781382fd196895de5 to remote] http.headers 133 - http-outgoing-5 &gt;&gt; POST /session/e7520d0f6ee7d85781382fd196895de5/url HTTP/1.1
17-01-2018 13:12:02 LoggingManagedHttpClientConnection.java DEBUG [Forwarding get on session e7520d0f6ee7d85781382fd196895de5 to remote] http.headers 136 - http-outgoing-5 &gt;&gt; Content-Type: application/json; charset=utf-8
17-01-2018 13:12:02 LoggingManagedHttpClientConnection.java DEBUG [Forwarding get on session e7520d0f6ee7d85781382fd196895de5 to remote] http.headers 136 - http-outgoing-5 &gt;&gt; Content-Length: 47
17-01-2018 13:12:02 LoggingManagedHttpClientConnection.java DEBUG [Forwarding get on session e7520d0f6ee7d85781382fd196895de5 to remote] http.headers 136 - http-outgoing-5 &gt;&gt; Host: localhost:16677
17-01-2018 13:12:02 LoggingManagedHttpClientConnection.java DEBUG [Forwarding get on session e7520d0f6ee7d85781382fd196895de5 to remote] http.headers 136 - http-outgoing-5 &gt;&gt; Connection: Keep-Alive
17-01-2018 13:12:02 LoggingManagedHttpClientConnection.java DEBUG [Forwarding get on session e7520d0f6ee7d85781382fd196895de5 to remote] http.headers 136 - http-outgoing-5 &gt;&gt; User-Agent: Apache-HttpClient/4.5.3 (Java/9.0.1)
17-01-2018 13:12:02 LoggingManagedHttpClientConnection.java DEBUG [Forwarding get on session e7520d0f6ee7d85781382fd196895de5 to remote] http.headers 136 - http-outgoing-5 &gt;&gt; Accept-Encoding: gzip,deflate
17-01-2018 13:12:02 Wire.java DEBUG [Forwarding get on session e7520d0f6ee7d85781382fd196895de5 to remote] http.wire 73 - http-outgoing-5 &gt;&gt; &quot;POST /session/e7520d0f6ee7d85781382fd196895de5/url HTTP/1.1[\r][\n]&quot;
17-01-2018 13:12:02 Wire.java DEBUG [Forwarding get on session e7520d0f6ee7d85781382fd196895de5 to remote] http.wire 73 - http-outgoing-5 &gt;&gt; &quot;Content-Type: application/json; charset=utf-8[\r][\n]&quot;
17-01-2018 13:12:02 Wire.java DEBUG [Forwarding get on session e7520d0f6ee7d85781382fd196895de5 to remote] http.wire 73 - http-outgoing-5 &gt;&gt; &quot;Content-Length: 47[\r][\n]&quot;
17-01-2018 13:12:02 Wire.java DEBUG [Forwarding get on session e7520d0f6ee7d85781382fd196895de5 to remote] http.wire 73 - http-outgoing-5 &gt;&gt; &quot;Host: localhost:16677[\r][\n]&quot;
17-01-2018 13:12:02 Wire.java DEBUG [Forwarding get on session e7520d0f6ee7d85781382fd196895de5 to remote] http.wire 73 - http-outgoing-5 &gt;&gt; &quot;Connection: Keep-Alive[\r][\n]&quot;
17-01-2018 13:12:02 Wire.java DEBUG [Forwarding get on session e7520d0f6ee7d85781382fd196895de5 to remote] http.wire 73 - http-outgoing-5 &gt;&gt; &quot;User-Agent: Apache-HttpClient/4.5.3 (Java/9.0.1)[\r][\n]&quot;
17-01-2018 13:12:02 Wire.java DEBUG [Forwarding get on session e7520d0f6ee7d85781382fd196895de5 to remote] http.wire 73 - http-outgoing-5 &gt;&gt; &quot;Accept-Encoding: gzip,deflate[\r][\n]&quot;
17-01-2018 13:12:02 Wire.java DEBUG [Forwarding get on session e7520d0f6ee7d85781382fd196895de5 to remote] http.wire 73 - http-outgoing-5 &gt;&gt; &quot;[\r][\n]&quot;
17-01-2018 13:12:02 Wire.java DEBUG [Forwarding get on session e7520d0f6ee7d85781382fd196895de5 to remote] http.wire 87 - http-outgoing-5 &gt;&gt; &quot;{&quot;url&quot;:&quot;http://seller.qa4.industrybuying.com/&quot;}&quot;
17-01-2018 13:12:06 Wire.java DEBUG [Forwarding get on session e7520d0f6ee7d85781382fd196895de5 to remote] http.wire 73 - http-outgoing-5 &lt;&lt; &quot;HTTP/1.1 200 OK[\r][\n]&quot;
17-01-2018 13:12:06 Wire.java DEBUG [Forwarding get on session e7520d0f6ee7d85781382fd196895de5 to remote] http.wire 73 - http-outgoing-5 &lt;&lt; &quot;Content-Length:72[\r][\n]&quot;
17-01-2018 13:12:06 Wire.java DEBUG [Forwarding get on session e7520d0f6ee7d85781382fd196895de5 to remote] http.wire 73 - http-outgoing-5 &lt;&lt; &quot;Content-Type:application/json; charset=utf-8[\r][\n]&quot;
17-01-2018 13:12:06 Wire.java DEBUG [Forwarding get on session e7520d0f6ee7d85781382fd196895de5 to remote] http.wire 73 - http-outgoing-5 &lt;&lt; &quot;Connection:close[\r][\n]&quot;
17-01-2018 13:12:06 Wire.java DEBUG [Forwarding get on session e7520d0f6ee7d85781382fd196895de5 to remote] http.wire 73 - http-outgoing-5 &lt;&lt; &quot;[\r][\n]&quot;
17-01-2018 13:12:06 Wire.java DEBUG [Forwarding get on session e7520d0f6ee7d85781382fd196895de5 to remote] http.wire 87 - http-outgoing-5 &lt;&lt; &quot;{&quot;sessionId&quot;:&quot;e7520d0f6ee7d85781382fd196895de5&quot;,&quot;status&quot;:0,&quot;value&quot;:null}&quot;
17-01-2018 13:12:06 LoggingManagedHttpClientConnection.java DEBUG [Forwarding get on session e7520d0f6ee7d85781382fd196895de5 to remote] http.headers 122 - http-outgoing-5 &lt;&lt; HTTP/1.1 200 OK
17-01-2018 13:12:06 LoggingManagedHttpClientConnection.java DEBUG [Forwarding get on session e7520d0f6ee7d85781382fd196895de5 to remote] http.headers 125 - http-outgoing-5 &lt;&lt; Content-Length:72
17-01-2018 13:12:06 LoggingManagedHttpClientConnection.java DEBUG [Forwarding get on session e7520d0f6ee7d85781382fd196895de5 to remote] http.headers 125 - http-outgoing-5 &lt;&lt; Content-Type:application/json; charset=utf-8
17-01-2018 13:12:06 LoggingManagedHttpClientConnection.java DEBUG [Forwarding get on session e7520d0f6ee7d85781382fd196895de5 to remote] http.headers 125 - http-outgoing-5 &lt;&lt; Connection:close
17-01-2018 13:12:06 LoggingManagedHttpClientConnection.java DEBUG [Forwarding get on session e7520d0f6ee7d85781382fd196895de5 to remote] conn.DefaultManagedHttpClientConnection 79 - http-outgoing-5: Close connection
17-01-2018 13:12:06 ConnectionHolder.java DEBUG [Forwarding get on session e7520d0f6ee7d85781382fd196895de5 to remote] execchain.MainClientExec 104 - Connection discarded
17-01-2018 13:12:06 PoolingHttpClientConnectionManager.java DEBUG [Forwarding get on session e7520d0f6ee7d85781382fd196895de5 to remote] conn.PoolingHttpClientConnectionManager 326 - Connection released: [id: 5][route: {}-&gt;http://localhost:16677][total kept alive: 0; route allocated: 0 of 2000; total allocated: 0 of 2000]
17-01-2018 13:12:06 RequestAddCookies.java DEBUG [Forwarding findElement on session e7520d0f6ee7d85781382fd196895de5 to remote] protocol.RequestAddCookies 123 - CookieSpec selected: default
17-01-2018 13:12:06 RequestAuthCache.java DEBUG [Forwarding findElement on session e7520d0f6ee7d85781382fd196895de5 to remote] protocol.RequestAuthCache 77 - Auth cache not set in the context
17-01-2018 13:12:06 PoolingHttpClientConnectionManager.java DEBUG [Forwarding findElement on session e7520d0f6ee7d85781382fd196895de5 to remote] conn.PoolingHttpClientConnectionManager 255 - Connection request: [route: {}-&gt;http://localhost:16677][total kept alive: 0; route allocated: 0 of 2000; total allocated: 0 of 2000]
17-01-2018 13:12:06 PoolingHttpClientConnectionManager.java DEBUG [Forwarding findElement on session e7520d0f6ee7d85781382fd196895de5 to remote] conn.PoolingHttpClientConnectionManager 288 - Connection leased: [id: 6][route: {}-&gt;http://localhost:16677][total kept alive: 0; route allocated: 1 of 2000; total allocated: 1 of 2000]
17-01-2018 13:12:06 MainClientExec.java DEBUG [Forwarding findElement on session e7520d0f6ee7d85781382fd196895de5 to remote] execchain.MainClientExec 235 - Opening connection {}-&gt;http://localhost:16677
17-01-2018 13:12:06 DefaultHttpClientConnectionOperator.java DEBUG [Forwarding findElement on session e7520d0f6ee7d85781382fd196895de5 to remote] conn.DefaultHttpClientConnectionOperator 139 - Connecting to localhost/127.0.0.1:16677
17-01-2018 13:12:06 DefaultHttpClientConnectionOperator.java DEBUG [Forwarding findElement on session e7520d0f6ee7d85781382fd196895de5 to remote] conn.DefaultHttpClientConnectionOperator 146 - Connection established 127.0.0.1:64632&lt;-&gt;127.0.0.1:16677
17-01-2018 13:12:06 LoggingManagedHttpClientConnection.java DEBUG [Forwarding findElement on session e7520d0f6ee7d85781382fd196895de5 to remote] conn.DefaultManagedHttpClientConnection 88 - http-outgoing-6: set socket timeout to 10800000
17-01-2018 13:12:06 MainClientExec.java DEBUG [Forwarding findElement on session e7520d0f6ee7d85781382fd196895de5 to remote] execchain.MainClientExec 256 - Executing request POST /session/e7520d0f6ee7d85781382fd196895de5/element HTTP/1.1
17-01-2018 13:12:06 MainClientExec.java DEBUG [Forwarding findElement on session e7520d0f6ee7d85781382fd196895de5 to remote] execchain.MainClientExec 261 - Target auth state: UNCHALLENGED
17-01-2018 13:12:06 MainClientExec.java DEBUG [Forwarding findElement on session e7520d0f6ee7d85781382fd196895de5 to remote] execchain.MainClientExec 267 - Proxy auth state: UNCHALLENGED
17-01-2018 13:12:06 LoggingManagedHttpClientConnection.java DEBUG [Forwarding findElement on session e7520d0f6ee7d85781382fd196895de5 to remote] http.headers 133 - http-outgoing-6 &gt;&gt; POST /session/e7520d0f6ee7d85781382fd196895de5/element HTTP/1.1
17-01-2018 13:12:06 LoggingManagedHttpClientConnection.java DEBUG [Forwarding findElement on session e7520d0f6ee7d85781382fd196895de5 to remote] http.headers 136 - http-outgoing-6 &gt;&gt; Content-Type: application/json; charset=utf-8
17-01-2018 13:12:06 LoggingManagedHttpClientConnection.java DEBUG [Forwarding findElement on session e7520d0f6ee7d85781382fd196895de5 to remote] http.headers 136 - http-outgoing-6 &gt;&gt; Content-Length: 32
17-01-2018 13:12:06 LoggingManagedHttpClientConnection.java DEBUG [Forwarding findElement on session e7520d0f6ee7d85781382fd196895de5 to remote] http.headers 136 - http-outgoing-6 &gt;&gt; Host: localhost:16677
17-01-2018 13:12:06 LoggingManagedHttpClientConnection.java DEBUG [Forwarding findElement on session e7520d0f6ee7d85781382fd196895de5 to remote] http.headers 136 - http-outgoing-6 &gt;&gt; Connection: Keep-Alive
17-01-2018 13:12:06 LoggingManagedHttpClientConnection.java DEBUG [Forwarding findElement on session e7520d0f6ee7d85781382fd196895de5 to remote] http.headers 136 - http-outgoing-6 &gt;&gt; User-Agent: Apache-HttpClient/4.5.3 (Java/9.0.1)
17-01-2018 13:12:06 LoggingManagedHttpClientConnection.java DEBUG [Forwarding findElement on session e7520d0f6ee7d85781382fd196895de5 to remote] http.headers 136 - http-outgoing-6 &gt;&gt; Accept-Encoding: gzip,deflate
17-01-2018 13:12:06 Wire.java DEBUG [Forwarding findElement on session e7520d0f6ee7d85781382fd196895de5 to remote] http.wire 73 - http-outgoing-6 &gt;&gt; &quot;POST /session/e7520d0f6ee7d85781382fd196895de5/element HTTP/1.1[\r][\n]&quot;
17-01-2018 13:12:06 Wire.java DEBUG [Forwarding findElement on session e7520d0f6ee7d85781382fd196895de5 to remote] http.wire 73 - http-outgoing-6 &gt;&gt; &quot;Content-Type: application/json; charset=utf-8[\r][\n]&quot;
17-01-2018 13:12:06 Wire.java DEBUG [Forwarding findElement on session e7520d0f6ee7d85781382fd196895de5 to remote] http.wire 73 - http-outgoing-6 &gt;&gt; &quot;Content-Length: 32[\r][\n]&quot;
17-01-2018 13:12:06 Wire.java DEBUG [Forwarding findElement on session e7520d0f6ee7d85781382fd196895de5 to remote] http.wire 73 - http-outgoing-6 &gt;&gt; &quot;Host: localhost:16677[\r][\n]&quot;
17-01-2018 13:12:06 Wire.java DEBUG [Forwarding findElement on session e7520d0f6ee7d85781382fd196895de5 to remote] http.wire 73 - http-outgoing-6 &gt;&gt; &quot;Connection: Keep-Alive[\r][\n]&quot;
17-01-2018 13:12:06 Wire.java DEBUG [Forwarding findElement on session e7520d0f6ee7d85781382fd196895de5 to remote] http.wire 73 - http-outgoing-6 &gt;&gt; &quot;User-Agent: Apache-HttpClient/4.5.3 (Java/9.0.1)[\r][\n]&quot;
17-01-2018 13:12:06 Wire.java DEBUG [Forwarding findElement on session e7520d0f6ee7d85781382fd196895de5 to remote] http.wire 73 - http-outgoing-6 &gt;&gt; &quot;Accept-Encoding: gzip,deflate[\r][\n]&quot;
17-01-2018 13:12:06 Wire.java DEBUG [Forwarding findElement on session e7520d0f6ee7d85781382fd196895de5 to remote] http.wire 73 - http-outgoing-6 &gt;&gt; &quot;[\r][\n]&quot;
17-01-2018 13:12:06 Wire.java DEBUG [Forwarding findElement on session e7520d0f6ee7d85781382fd196895de5 to remote] http.wire 87 - http-outgoing-6 &gt;&gt; &quot;{&quot;using&quot;:&quot;name&quot;,&quot;value&quot;:&quot;email&quot;}&quot;
17-01-2018 13:12:06 Wire.java DEBUG [Forwarding findElement on session e7520d0f6ee7d85781382fd196895de5 to remote] http.wire 73 - http-outgoing-6 &lt;&lt; &quot;HTTP/1.1 200 OK[\r][\n]&quot;
17-01-2018 13:12:06 Wire.java DEBUG [Forwarding findElement on session e7520d0f6ee7d85781382fd196895de5 to remote] http.wire 73 - http-outgoing-6 &lt;&lt; &quot;Content-Length:102[\r][\n]&quot;
17-01-2018 13:12:06 Wire.java DEBUG [Forwarding findElement on session e7520d0f6ee7d85781382fd196895de5 to remote] http.wire 73 - http-outgoing-6 &lt;&lt; &quot;Content-Type:application/json; charset=utf-8[\r][\n]&quot;
17-01-2018 13:12:06 Wire.java DEBUG [Forwarding findElement on session e7520d0f6ee7d85781382fd196895de5 to remote] http.wire 73 - http-outgoing-6 &lt;&lt; &quot;Connection:close[\r][\n]&quot;
17-01-2018 13:12:06 Wire.java DEBUG [Forwarding findElement on session e7520d0f6ee7d85781382fd196895de5 to remote] http.wire 73 - http-outgoing-6 &lt;&lt; &quot;[\r][\n]&quot;
17-01-2018 13:12:06 Wire.java DEBUG [Forwarding findElement on session e7520d0f6ee7d85781382fd196895de5 to remote] http.wire 87 - http-outgoing-6 &lt;&lt; &quot;{&quot;sessionId&quot;:&quot;e7520d0f6ee7d85781382fd196895de5&quot;,&quot;status&quot;:0,&quot;value&quot;:{&quot;ELEMENT&quot;:&quot;0.7328772789980968-1&quot;}}&quot;
17-01-2018 13:12:06 LoggingManagedHttpClientConnection.java DEBUG [Forwarding findElement on session e7520d0f6ee7d85781382fd196895de5 to remote] http.headers 122 - http-outgoing-6 &lt;&lt; HTTP/1.1 200 OK
17-01-2018 13:12:06 LoggingManagedHttpClientConnection.java DEBUG [Forwarding findElement on session e7520d0f6ee7d85781382fd196895de5 to remote] http.headers 125 - http-outgoing-6 &lt;&lt; Content-Length:102
17-01-2018 13:12:06 LoggingManagedHttpClientConnection.java DEBUG [Forwarding findElement on session e7520d0f6ee7d85781382fd196895de5 to remote] http.headers 125 - http-outgoing-6 &lt;&lt; Content-Type:application/json; charset=utf-8
17-01-2018 13:12:06 LoggingManagedHttpClientConnection.java DEBUG [Forwarding findElement on session e7520d0f6ee7d85781382fd196895de5 to remote] http.headers 125 - http-outgoing-6 &lt;&lt; Connection:close
17-01-2018 13:12:06 LoggingManagedHttpClientConnection.java DEBUG [Forwarding findElement on session e7520d0f6ee7d85781382fd196895de5 to remote] conn.DefaultManagedHttpClientConnection 79 - http-outgoing-6: Close connection
17-01-2018 13:12:06 ConnectionHolder.java DEBUG [Forwarding findElement on session e7520d0f6ee7d85781382fd196895de5 to remote] execchain.MainClientExec 104 - Connection discarded
17-01-2018 13:12:06 PoolingHttpClientConnectionManager.java DEBUG [Forwarding findElement on session e7520d0f6ee7d85781382fd196895de5 to remote] conn.PoolingHttpClientConnectionManager 326 - Connection released: [id: 6][route: {}-&gt;http://localhost:16677][total kept alive: 0; route allocated: 0 of 2000; total allocated: 0 of 2000]
17-01-2018 13:12:06 RequestAddCookies.java DEBUG [Forwarding sendKeysToElement on session e7520d0f6ee7d85781382fd196895de5 to remote] protocol.RequestAddCookies 123 - CookieSpec selected: default
17-01-2018 13:12:06 RequestAuthCache.java DEBUG [Forwarding sendKeysToElement on session e7520d0f6ee7d85781382fd196895de5 to remote] protocol.RequestAuthCache 77 - Auth cache not set in the context
17-01-2018 13:12:06 PoolingHttpClientConnectionManager.java DEBUG [Forwarding sendKeysToElement on session e7520d0f6ee7d85781382fd196895de5 to remote] conn.PoolingHttpClientConnectionManager 255 - Connection request: [route: {}-&gt;http://localhost:16677][total kept alive: 0; route allocated: 0 of 2000; total allocated: 0 of 2000]
17-01-2018 13:12:06 PoolingHttpClientConnectionManager.java DEBUG [Forwarding sendKeysToElement on session e7520d0f6ee7d85781382fd196895de5 to remote] conn.PoolingHttpClientConnectionManager 288 - Connection leased: [id: 7][route: {}-&gt;http://localhost:16677][total kept alive: 0; route allocated: 1 of 2000; total allocated: 1 of 2000]
17-01-2018 13:12:06 MainClientExec.java DEBUG [Forwarding sendKeysToElement on session e7520d0f6ee7d85781382fd196895de5 to remote] execchain.MainClientExec 235 - Opening connection {}-&gt;http://localhost:16677
17-01-2018 13:12:06 DefaultHttpClientConnectionOperator.java DEBUG [Forwarding sendKeysToElement on session e7520d0f6ee7d85781382fd196895de5 to remote] conn.DefaultHttpClientConnectionOperator 139 - Connecting to localhost/127.0.0.1:16677
17-01-2018 13:12:06 DefaultHttpClientConnectionOperator.java DEBUG [Forwarding sendKeysToElement on session e7520d0f6ee7d85781382fd196895de5 to remote] conn.DefaultHttpClientConnectionOperator 146 - Connection established 127.0.0.1:64633&lt;-&gt;127.0.0.1:16677
17-01-2018 13:12:06 LoggingManagedHttpClientConnection.java DEBUG [Forwarding sendKeysToElement on session e7520d0f6ee7d85781382fd196895de5 to remote] conn.DefaultManagedHttpClientConnection 88 - http-outgoing-7: set socket timeout to 10800000
17-01-2018 13:12:06 MainClientExec.java DEBUG [Forwarding sendKeysToElement on session e7520d0f6ee7d85781382fd196895de5 to remote] execchain.MainClientExec 256 - Executing request POST /session/e7520d0f6ee7d85781382fd196895de5/element/0.7328772789980968-1/value HTTP/1.1
17-01-2018 13:12:06 MainClientExec.java DEBUG [Forwarding sendKeysToElement on session e7520d0f6ee7d85781382fd196895de5 to remote] execchain.MainClientExec 261 - Target auth state: UNCHALLENGED
17-01-2018 13:12:06 MainClientExec.java DEBUG [Forwarding sendKeysToElement on session e7520d0f6ee7d85781382fd196895de5 to remote] execchain.MainClientExec 267 - Proxy auth state: UNCHALLENGED
17-01-2018 13:12:06 LoggingManagedHttpClientConnection.java DEBUG [Forwarding sendKeysToElement on session e7520d0f6ee7d85781382fd196895de5 to remote] http.headers 133 - http-outgoing-7 &gt;&gt; POST /session/e7520d0f6ee7d85781382fd196895de5/element/0.7328772789980968-1/value HTTP/1.1
17-01-2018 13:12:06 LoggingManagedHttpClientConnection.java DEBUG [Forwarding sendKeysToElement on session e7520d0f6ee7d85781382fd196895de5 to remote] http.headers 136 - http-outgoing-7 &gt;&gt; Content-Type: application/json; charset=utf-8
17-01-2018 13:12:06 LoggingManagedHttpClientConnection.java DEBUG [Forwarding sendKeysToElement on session e7520d0f6ee7d85781382fd196895de5 to remote] http.headers 136 - http-outgoing-7 &gt;&gt; Content-Length: 75
17-01-2018 13:12:06 LoggingManagedHttpClientConnection.java DEBUG [Forwarding sendKeysToElement on session e7520d0f6ee7d85781382fd196895de5 to remote] http.headers 136 - http-outgoing-7 &gt;&gt; Host: localhost:16677
17-01-2018 13:12:06 LoggingManagedHttpClientConnection.java DEBUG [Forwarding sendKeysToElement on session e7520d0f6ee7d85781382fd196895de5 to remote] http.headers 136 - http-outgoing-7 &gt;&gt; Connection: Keep-Alive
17-01-2018 13:12:06 LoggingManagedHttpClientConnection.java DEBUG [Forwarding sendKeysToElement on session e7520d0f6ee7d85781382fd196895de5 to remote] http.headers 136 - http-outgoing-7 &gt;&gt; User-Agent: Apache-HttpClient/4.5.3 (Java/9.0.1)
17-01-2018 13:12:06 LoggingManagedHttpClientConnection.java DEBUG [Forwarding sendKeysToElement on session e7520d0f6ee7d85781382fd196895de5 to remote] http.headers 136 - http-outgoing-7 &gt;&gt; Accept-Encoding: gzip,deflate
17-01-2018 13:12:06 Wire.java DEBUG [Forwarding sendKeysToElement on session e7520d0f6ee7d85781382fd196895de5 to remote] http.wire 73 - http-outgoing-7 &gt;&gt; &quot;POST /session/e7520d0f6ee7d85781382fd196895de5/element/0.7328772789980968-1/value HTTP/1.1[\r][\n]&quot;
17-01-2018 13:12:06 Wire.java DEBUG [Forwarding sendKeysToElement on session e7520d0f6ee7d85781382fd196895de5 to remote] http.wire 73 - http-outgoing-7 &gt;&gt; &quot;Content-Type: application/json; charset=utf-8[\r][\n]&quot;
17-01-2018 13:12:06 Wire.java DEBUG [Forwarding sendKeysToElement on session e7520d0f6ee7d85781382fd196895de5 to remote] http.wire 73 - http-outgoing-7 &gt;&gt; &quot;Content-Length: 75[\r][\n]&quot;
17-01-2018 13:12:06 Wire.java DEBUG [Forwarding sendKeysToElement on session e7520d0f6ee7d85781382fd196895de5 to remote] http.wire 73 - http-outgoing-7 &gt;&gt; &quot;Host: localhost:16677[\r][\n]&quot;
17-01-2018 13:12:06 Wire.java DEBUG [Forwarding sendKeysToElement on session e7520d0f6ee7d85781382fd196895de5 to remote] http.wire 73 - http-outgoing-7 &gt;&gt; &quot;Connection: Keep-Alive[\r][\n]&quot;
17-01-2018 13:12:06 Wire.java DEBUG [Forwarding sendKeysToElement on session e7520d0f6ee7d85781382fd196895de5 to remote] http.wire 73 - http-outgoing-7 &gt;&gt; &quot;User-Agent: Apache-HttpClient/4.5.3 (Java/9.0.1)[\r][\n]&quot;
17-01-2018 13:12:06 Wire.java DEBUG [Forwarding sendKeysToElement on session e7520d0f6ee7d85781382fd196895de5 to remote] http.wire 73 - http-outgoing-7 &gt;&gt; &quot;Accept-Encoding: gzip,deflate[\r][\n]&quot;
17-01-2018 13:12:06 Wire.java DEBUG [Forwarding sendKeysToElement on session e7520d0f6ee7d85781382fd196895de5 to remote] http.wire 73 - http-outgoing-7 &gt;&gt; &quot;[\r][\n]&quot;
17-01-2018 13:12:06 Wire.java DEBUG [Forwarding sendKeysToElement on session e7520d0f6ee7d85781382fd196895de5 to remote] http.wire 87 - http-outgoing-7 &gt;&gt; &quot;{&quot;id&quot;:&quot;0.7328772789980968-1&quot;,&quot;value&quot;:[&quot;himanshu.singh@industrybuying.com&quot;]}&quot;
17-01-2018 13:12:07 Wire.java DEBUG [Forwarding sendKeysToElement on session e7520d0f6ee7d85781382fd196895de5 to remote] http.wire 73 - http-outgoing-7 &lt;&lt; &quot;HTTP/1.1 200 OK[\r][\n]&quot;
17-01-2018 13:12:07 Wire.java DEBUG [Forwarding sendKeysToElement on session e7520d0f6ee7d85781382fd196895de5 to remote] http.wire 73 - http-outgoing-7 &lt;&lt; &quot;Content-Length:72[\r][\n]&quot;
17-01-2018 13:12:07 Wire.java DEBUG [Forwarding sendKeysToElement on session e7520d0f6ee7d85781382fd196895de5 to remote] http.wire 73 - http-outgoing-7 &lt;&lt; &quot;Content-Type:application/json; charset=utf-8[\r][\n]&quot;
17-01-2018 13:12:07 Wire.java DEBUG [Forwarding sendKeysToElement on session e7520d0f6ee7d85781382fd196895de5 to remote] http.wire 73 - http-outgoing-7 &lt;&lt; &quot;Connection:close[\r][\n]&quot;
17-01-2018 13:12:07 Wire.java DEBUG [Forwarding sendKeysToElement on session e7520d0f6ee7d85781382fd196895de5 to remote] http.wire 73 - http-outgoing-7 &lt;&lt; &quot;[\r][\n]&quot;
17-01-2018 13:12:07 Wire.java DEBUG [Forwarding sendKeysToElement on session e7520d0f6ee7d85781382fd196895de5 to remote] http.wire 87 - http-outgoing-7 &lt;&lt; &quot;{&quot;sessionId&quot;:&quot;e7520d0f6ee7d85781382fd196895de5&quot;,&quot;status&quot;:0,&quot;value&quot;:null}&quot;
17-01-2018 13:12:07 LoggingManagedHttpClientConnection.java DEBUG [Forwarding sendKeysToElement on session e7520d0f6ee7d85781382fd196895de5 to remote] http.headers 122 - http-outgoing-7 &lt;&lt; HTTP/1.1 200 OK
17-01-2018 13:12:07 LoggingManagedHttpClientConnection.java DEBUG [Forwarding sendKeysToElement on session e7520d0f6ee7d85781382fd196895de5 to remote] http.headers 125 - http-outgoing-7 &lt;&lt; Content-Length:72
17-01-2018 13:12:07 LoggingManagedHttpClientConnection.java DEBUG [Forwarding sendKeysToElement on session e7520d0f6ee7d85781382fd196895de5 to remote] http.headers 125 - http-outgoing-7 &lt;&lt; Content-Type:application/json; charset=utf-8
17-01-2018 13:12:07 LoggingManagedHttpClientConnection.java DEBUG [Forwarding sendKeysToElement on session e7520d0f6ee7d85781382fd196895de5 to remote] http.headers 125 - http-outgoing-7 &lt;&lt; Connection:close
17-01-2018 13:12:07 LoggingManagedHttpClientConnection.java DEBUG [Forwarding sendKeysToElement on session e7520d0f6ee7d85781382fd196895de5 to remote] conn.DefaultManagedHttpClientConnection 79 - http-outgoing-7: Close connection
17-01-2018 13:12:07 ConnectionHolder.java DEBUG [Forwarding sendKeysToElement on session e7520d0f6ee7d85781382fd196895de5 to remote] execchain.MainClientExec 104 - Connection discarded
17-01-2018 13:12:07 PoolingHttpClientConnectionManager.java DEBUG [Forwarding sendKeysToElement on session e7520d0f6ee7d85781382fd196895de5 to remote] conn.PoolingHttpClientConnectionManager 326 - Connection released: [id: 7][route: {}-&gt;http://localhost:16677][total kept alive: 0; route allocated: 0 of 2000; total allocated: 0 of 2000]
17-01-2018 13:12:07 RequestAddCookies.java DEBUG [Forwarding findElement on session e7520d0f6ee7d85781382fd196895de5 to remote] protocol.RequestAddCookies 123 - CookieSpec selected: default
17-01-2018 13:12:07 RequestAuthCache.java DEBUG [Forwarding findElement on session e7520d0f6ee7d85781382fd196895de5 to remote] protocol.RequestAuthCache 77 - Auth cache not set in the context
17-01-2018 13:12:07 PoolingHttpClientConnectionManager.java DEBUG [Forwarding findElement on session e7520d0f6ee7d85781382fd196895de5 to remote] conn.PoolingHttpClientConnectionManager 255 - Connection request: [route: {}-&gt;http://localhost:16677][total kept alive: 0; route allocated: 0 of 2000; total allocated: 0 of 2000]
17-01-2018 13:12:07 PoolingHttpClientConnectionManager.java DEBUG [Forwarding findElement on session e7520d0f6ee7d85781382fd196895de5 to remote] conn.PoolingHttpClientConnectionManager 288 - Connection leased: [id: 8][route: {}-&gt;http://localhost:16677][total kept alive: 0; route allocated: 1 of 2000; total allocated: 1 of 2000]
17-01-2018 13:12:07 MainClientExec.java DEBUG [Forwarding findElement on session e7520d0f6ee7d85781382fd196895de5 to remote] execchain.MainClientExec 235 - Opening connection {}-&gt;http://localhost:16677
17-01-2018 13:12:07 DefaultHttpClientConnectionOperator.java DEBUG [Forwarding findElement on session e7520d0f6ee7d85781382fd196895de5 to remote] conn.DefaultHttpClientConnectionOperator 139 - Connecting to localhost/127.0.0.1:16677
17-01-2018 13:12:07 DefaultHttpClientConnectionOperator.java DEBUG [Forwarding findElement on session e7520d0f6ee7d85781382fd196895de5 to remote] conn.DefaultHttpClientConnectionOperator 146 - Connection established 127.0.0.1:64635&lt;-&gt;127.0.0.1:16677
17-01-2018 13:12:07 LoggingManagedHttpClientConnection.java DEBUG [Forwarding findElement on session e7520d0f6ee7d85781382fd196895de5 to remote] conn.DefaultManagedHttpClientConnection 88 - http-outgoing-8: set socket timeout to 10800000
17-01-2018 13:12:07 MainClientExec.java DEBUG [Forwarding findElement on session e7520d0f6ee7d85781382fd196895de5 to remote] execchain.MainClientExec 256 - Executing request POST /session/e7520d0f6ee7d85781382fd196895de5/element HTTP/1.1
17-01-2018 13:12:07 MainClientExec.java DEBUG [Forwarding findElement on session e7520d0f6ee7d85781382fd196895de5 to remote] execchain.MainClientExec 261 - Target auth state: UNCHALLENGED
17-01-2018 13:12:07 MainClientExec.java DEBUG [Forwarding findElement on session e7520d0f6ee7d85781382fd196895de5 to remote] execchain.MainClientExec 267 - Proxy auth state: UNCHALLENGED
17-01-2018 13:12:07 LoggingManagedHttpClientConnection.java DEBUG [Forwarding findElement on session e7520d0f6ee7d85781382fd196895de5 to remote] http.headers 133 - http-outgoing-8 &gt;&gt; POST /session/e7520d0f6ee7d85781382fd196895de5/element HTTP/1.1
17-01-2018 13:12:07 LoggingManagedHttpClientConnection.java DEBUG [Forwarding findElement on session e7520d0f6ee7d85781382fd196895de5 to remote] http.headers 136 - http-outgoing-8 &gt;&gt; Content-Type: application/json; charset=utf-8
17-01-2018 13:12:07 LoggingManagedHttpClientConnection.java DEBUG [Forwarding findElement on session e7520d0f6ee7d85781382fd196895de5 to remote] http.headers 136 - http-outgoing-8 &gt;&gt; Content-Length: 35
17-01-2018 13:12:07 LoggingManagedHttpClientConnection.java DEBUG [Forwarding findElement on session e7520d0f6ee7d85781382fd196895de5 to remote] http.headers 136 - http-outgoing-8 &gt;&gt; Host: localhost:16677
17-01-2018 13:12:07 LoggingManagedHttpClientConnection.java DEBUG [Forwarding findElement on session e7520d0f6ee7d85781382fd196895de5 to remote] http.headers 136 - http-outgoing-8 &gt;&gt; Connection: Keep-Alive
17-01-2018 13:12:07 LoggingManagedHttpClientConnection.java DEBUG [Forwarding findElement on session e7520d0f6ee7d85781382fd196895de5 to remote] http.headers 136 - http-outgoing-8 &gt;&gt; User-Agent: Apache-HttpClient/4.5.3 (Java/9.0.1)
17-01-2018 13:12:07 LoggingManagedHttpClientConnection.java DEBUG [Forwarding findElement on session e7520d0f6ee7d85781382fd196895de5 to remote] http.headers 136 - http-outgoing-8 &gt;&gt; Accept-Encoding: gzip,deflate
17-01-2018 13:12:07 Wire.java DEBUG [Forwarding findElement on session e7520d0f6ee7d85781382fd196895de5 to remote] http.wire 73 - http-outgoing-8 &gt;&gt; &quot;POST /session/e7520d0f6ee7d85781382fd196895de5/element HTTP/1.1[\r][\n]&quot;
17-01-2018 13:12:07 Wire.java DEBUG [Forwarding findElement on session e7520d0f6ee7d85781382fd196895de5 to remote] http.wire 73 - http-outgoing-8 &gt;&gt; &quot;Content-Type: application/json; charset=utf-8[\r][\n]&quot;
17-01-2018 13:12:07 Wire.java DEBUG [Forwarding findElement on session e7520d0f6ee7d85781382fd196895de5 to remote] http.wire 73 - http-outgoing-8 &gt;&gt; &quot;Content-Length: 35[\r][\n]&quot;
17-01-2018 13:12:07 Wire.java DEBUG [Forwarding findElement on session e7520d0f6ee7d85781382fd196895de5 to remote] http.wire 73 - http-outgoing-8 &gt;&gt; &quot;Host: localhost:16677[\r][\n]&quot;
17-01-2018 13:12:07 Wire.java DEBUG [Forwarding findElement on session e7520d0f6ee7d85781382fd196895de5 to remote] http.wire 73 - http-outgoing-8 &gt;&gt; &quot;Connection: Keep-Alive[\r][\n]&quot;
17-01-2018 13:12:07 Wire.java DEBUG [Forwarding findElement on session e7520d0f6ee7d85781382fd196895de5 to remote] http.wire 73 - http-outgoing-8 &gt;&gt; &quot;User-Agent: Apache-HttpClient/4.5.3 (Java/9.0.1)[\r][\n]&quot;
17-01-2018 13:12:07 Wire.java DEBUG [Forwarding findElement on session e7520d0f6ee7d85781382fd196895de5 to remote] http.wire 73 - http-outgoing-8 &gt;&gt; &quot;Accept-Encoding: gzip,deflate[\r][\n]&quot;
17-01-2018 13:12:07 Wire.java DEBUG [Forwarding findElement on session e7520d0f6ee7d85781382fd196895de5 to remote] http.wire 73 - http-outgoing-8 &gt;&gt; &quot;[\r][\n]&quot;
17-01-2018 13:12:07 Wire.java DEBUG [Forwarding findElement on session e7520d0f6ee7d85781382fd196895de5 to remote] http.wire 87 - http-outgoing-8 &gt;&gt; &quot;{&quot;using&quot;:&quot;name&quot;,&quot;value&quot;:&quot;password&quot;}&quot;
17-01-2018 13:12:07 Wire.java DEBUG [Forwarding findElement on session e7520d0f6ee7d85781382fd196895de5 to remote] http.wire 73 - http-outgoing-8 &lt;&lt; &quot;HTTP/1.1 200 OK[\r][\n]&quot;
17-01-2018 13:12:07 Wire.java DEBUG [Forwarding findElement on session e7520d0f6ee7d85781382fd196895de5 to remote] http.wire 73 - http-outgoing-8 &lt;&lt; &quot;Content-Length:102[\r][\n]&quot;
17-01-2018 13:12:07 Wire.java DEBUG [Forwarding findElement on session e7520d0f6ee7d85781382fd196895de5 to remote] http.wire 73 - http-outgoing-8 &lt;&lt; &quot;Content-Type:application/json; charset=utf-8[\r][\n]&quot;
17-01-2018 13:12:07 Wire.java DEBUG [Forwarding findElement on session e7520d0f6ee7d85781382fd196895de5 to remote] http.wire 73 - http-outgoing-8 &lt;&lt; &quot;Connection:close[\r][\n]&quot;
17-01-2018 13:12:07 Wire.java DEBUG [Forwarding findElement on session e7520d0f6ee7d85781382fd196895de5 to remote] http.wire 73 - http-outgoing-8 &lt;&lt; &quot;[\r][\n]&quot;
17-01-2018 13:12:07 Wire.java DEBUG [Forwarding findElement on session e7520d0f6ee7d85781382fd196895de5 to remote] http.wire 87 - http-outgoing-8 &lt;&lt; &quot;{&quot;sessionId&quot;:&quot;e7520d0f6ee7d85781382fd196895de5&quot;,&quot;status&quot;:0,&quot;value&quot;:{&quot;ELEMENT&quot;:&quot;0.7328772789980968-2&quot;}}&quot;
17-01-2018 13:12:07 LoggingManagedHttpClientConnection.java DEBUG [Forwarding findElement on session e7520d0f6ee7d85781382fd196895de5 to remote] http.headers 122 - http-outgoing-8 &lt;&lt; HTTP/1.1 200 OK
17-01-2018 13:12:07 LoggingManagedHttpClientConnection.java DEBUG [Forwarding findElement on session e7520d0f6ee7d85781382fd196895de5 to remote] http.headers 125 - http-outgoing-8 &lt;&lt; Content-Length:102
17-01-2018 13:12:07 LoggingManagedHttpClientConnection.java DEBUG [Forwarding findElement on session e7520d0f6ee7d85781382fd196895de5 to remote] http.headers 125 - http-outgoing-8 &lt;&lt; Content-Type:application/json; charset=utf-8
17-01-2018 13:12:07 LoggingManagedHttpClientConnection.java DEBUG [Forwarding findElement on session e7520d0f6ee7d85781382fd196895de5 to remote] http.headers 125 - http-outgoing-8 &lt;&lt; Connection:close
17-01-2018 13:12:07 LoggingManagedHttpClientConnection.java DEBUG [Forwarding findElement on session e7520d0f6ee7d85781382fd196895de5 to remote] conn.DefaultManagedHttpClientConnection 79 - http-outgoing-8: Close connection
17-01-2018 13:12:07 ConnectionHolder.java DEBUG [Forwarding findElement on session e7520d0f6ee7d85781382fd196895de5 to remote] execchain.MainClientExec 104 - Connection discarded
17-01-2018 13:12:07 PoolingHttpClientConnectionManager.java DEBUG [Forwarding findElement on session e7520d0f6ee7d85781382fd196895de5 to remote] conn.PoolingHttpClientConnectionManager 326 - Connection released: [id: 8][route: {}-&gt;http://localhost:16677][total kept alive: 0; route allocated: 0 of 2000; total allocated: 0 of 2000]
17-01-2018 13:12:07 RequestAddCookies.java DEBUG [Forwarding sendKeysToElement on session e7520d0f6ee7d85781382fd196895de5 to remote] protocol.RequestAddCookies 123 - CookieSpec selected: default
17-01-2018 13:12:07 RequestAuthCache.java DEBUG [Forwarding sendKeysToElement on session e7520d0f6ee7d85781382fd196895de5 to remote] protocol.RequestAuthCache 77 - Auth cache not set in the context
17-01-2018 13:12:07 PoolingHttpClientConnectionManager.java DEBUG [Forwarding sendKeysToElement on session e7520d0f6ee7d85781382fd196895de5 to remote] conn.PoolingHttpClientConnectionManager 255 - Connection request: [route: {}-&gt;http://localhost:16677][total kept alive: 0; route allocated: 0 of 2000; total allocated: 0 of 2000]
17-01-2018 13:12:07 PoolingHttpClientConnectionManager.java DEBUG [Forwarding sendKeysToElement on session e7520d0f6ee7d85781382fd196895de5 to remote] conn.PoolingHttpClientConnectionManager 288 - Connection leased: [id: 9][route: {}-&gt;http://localhost:16677][total kept alive: 0; route allocated: 1 of 2000; total allocated: 1 of 2000]
17-01-2018 13:12:07 MainClientExec.java DEBUG [Forwarding sendKeysToElement on session e7520d0f6ee7d85781382fd196895de5 to remote] execchain.MainClientExec 235 - Opening connection {}-&gt;http://localhost:16677
17-01-2018 13:12:07 DefaultHttpClientConnectionOperator.java DEBUG [Forwarding sendKeysToElement on session e7520d0f6ee7d85781382fd196895de5 to remote] conn.DefaultHttpClientConnectionOperator 139 - Connecting to localhost/127.0.0.1:16677
17-01-2018 13:12:07 DefaultHttpClientConnectionOperator.java DEBUG [Forwarding sendKeysToElement on session e7520d0f6ee7d85781382fd196895de5 to remote] conn.DefaultHttpClientConnectionOperator 146 - Connection established 127.0.0.1:64636&lt;-&gt;127.0.0.1:16677
17-01-2018 13:12:07 LoggingManagedHttpClientConnection.java DEBUG [Forwarding sendKeysToElement on session e7520d0f6ee7d85781382fd196895de5 to remote] conn.DefaultManagedHttpClientConnection 88 - http-outgoing-9: set socket timeout to 10800000
17-01-2018 13:12:07 MainClientExec.java DEBUG [Forwarding sendKeysToElement on session e7520d0f6ee7d85781382fd196895de5 to remote] execchain.MainClientExec 256 - Executing request POST /session/e7520d0f6ee7d85781382fd196895de5/element/0.7328772789980968-2/value HTTP/1.1
17-01-2018 13:12:07 MainClientExec.java DEBUG [Forwarding sendKeysToElement on session e7520d0f6ee7d85781382fd196895de5 to remote] execchain.MainClientExec 261 - Target auth state: UNCHALLENGED
17-01-2018 13:12:07 MainClientExec.java DEBUG [Forwarding sendKeysToElement on session e7520d0f6ee7d85781382fd196895de5 to remote] execchain.MainClientExec 267 - Proxy auth state: UNCHALLENGED
17-01-2018 13:12:07 LoggingManagedHttpClientConnection.java DEBUG [Forwarding sendKeysToElement on session e7520d0f6ee7d85781382fd196895de5 to remote] http.headers 133 - http-outgoing-9 &gt;&gt; POST /session/e7520d0f6ee7d85781382fd196895de5/element/0.7328772789980968-2/value HTTP/1.1
17-01-2018 13:12:07 LoggingManagedHttpClientConnection.java DEBUG [Forwarding sendKeysToElement on session e7520d0f6ee7d85781382fd196895de5 to remote] http.headers 136 - http-outgoing-9 &gt;&gt; Content-Type: application/json; charset=utf-8
17-01-2018 13:12:07 LoggingManagedHttpClientConnection.java DEBUG [Forwarding sendKeysToElement on session e7520d0f6ee7d85781382fd196895de5 to remote] http.headers 136 - http-outgoing-9 &gt;&gt; Content-Length: 45
17-01-2018 13:12:07 LoggingManagedHttpClientConnection.java DEBUG [Forwarding sendKeysToElement on session e7520d0f6ee7d85781382fd196895de5 to remote] http.headers 136 - http-outgoing-9 &gt;&gt; Host: localhost:16677
17-01-2018 13:12:07 LoggingManagedHttpClientConnection.java DEBUG [Forwarding sendKeysToElement on session e7520d0f6ee7d85781382fd196895de5 to remote] http.headers 136 - http-outgoing-9 &gt;&gt; Connection: Keep-Alive
17-01-2018 13:12:07 LoggingManagedHttpClientConnection.java DEBUG [Forwarding sendKeysToElement on session e7520d0f6ee7d85781382fd196895de5 to remote] http.headers 136 - http-outgoing-9 &gt;&gt; User-Agent: Apache-HttpClient/4.5.3 (Java/9.0.1)
17-01-2018 13:12:07 LoggingManagedHttpClientConnection.java DEBUG [Forwarding sendKeysToElement on session e7520d0f6ee7d85781382fd196895de5 to remote] http.headers 136 - http-outgoing-9 &gt;&gt; Accept-Encoding: gzip,deflate
17-01-2018 13:12:07 Wire.java DEBUG [Forwarding sendKeysToElement on session e7520d0f6ee7d85781382fd196895de5 to remote] http.wire 73 - http-outgoing-9 &gt;&gt; &quot;POST /session/e7520d0f6ee7d85781382fd196895de5/element/0.7328772789980968-2/value HTTP/1.1[\r][\n]&quot;
17-01-2018 13:12:07 Wire.java DEBUG [Forwarding sendKeysToElement on session e7520d0f6ee7d85781382fd196895de5 to remote] http.wire 73 - http-outgoing-9 &gt;&gt; &quot;Content-Type: application/json; charset=utf-8[\r][\n]&quot;
17-01-2018 13:12:07 Wire.java DEBUG [Forwarding sendKeysToElement on session e7520d0f6ee7d85781382fd196895de5 to remote] http.wire 73 - http-outgoing-9 &gt;&gt; &quot;Content-Length: 45[\r][\n]&quot;
17-01-2018 13:12:07 Wire.java DEBUG [Forwarding sendKeysToElement on session e7520d0f6ee7d85781382fd196895de5 to remote] http.wire 73 - http-outgoing-9 &gt;&gt; &quot;Host: localhost:16677[\r][\n]&quot;
17-01-2018 13:12:07 Wire.java DEBUG [Forwarding sendKeysToElement on session e7520d0f6ee7d85781382fd196895de5 to remote] http.wire 73 - http-outgoing-9 &gt;&gt; &quot;Connection: Keep-Alive[\r][\n]&quot;
17-01-2018 13:12:07 Wire.java DEBUG [Forwarding sendKeysToElement on session e7520d0f6ee7d85781382fd196895de5 to remote] http.wire 73 - http-outgoing-9 &gt;&gt; &quot;User-Agent: Apache-HttpClient/4.5.3 (Java/9.0.1)[\r][\n]&quot;
17-01-2018 13:12:07 Wire.java DEBUG [Forwarding sendKeysToElement on session e7520d0f6ee7d85781382fd196895de5 to remote] http.wire 73 - http-outgoing-9 &gt;&gt; &quot;Accept-Encoding: gzip,deflate[\r][\n]&quot;
17-01-2018 13:12:07 Wire.java DEBUG [Forwarding sendKeysToElement on session e7520d0f6ee7d85781382fd196895de5 to remote] http.wire 73 - http-outgoing-9 &gt;&gt; &quot;[\r][\n]&quot;
17-01-2018 13:12:07 Wire.java DEBUG [Forwarding sendKeysToElement on session e7520d0f6ee7d85781382fd196895de5 to remote] http.wire 87 - http-outgoing-9 &gt;&gt; &quot;{&quot;id&quot;:&quot;0.7328772789980968-2&quot;,&quot;value&quot;:[&quot;him&quot;]}&quot;
17-01-2018 13:12:07 Wire.java DEBUG [Forwarding sendKeysToElement on session e7520d0f6ee7d85781382fd196895de5 to remote] http.wire 73 - http-outgoing-9 &lt;&lt; &quot;HTTP/1.1 200 OK[\r][\n]&quot;
17-01-2018 13:12:07 Wire.java DEBUG [Forwarding sendKeysToElement on session e7520d0f6ee7d85781382fd196895de5 to remote] http.wire 73 - http-outgoing-9 &lt;&lt; &quot;Content-Length:72[\r][\n]&quot;
17-01-2018 13:12:07 Wire.java DEBUG [Forwarding sendKeysToElement on session e7520d0f6ee7d85781382fd196895de5 to remote] http.wire 73 - http-outgoing-9 &lt;&lt; &quot;Content-Type:application/json; charset=utf-8[\r][\n]&quot;
17-01-2018 13:12:07 Wire.java DEBUG [Forwarding sendKeysToElement on session e7520d0f6ee7d85781382fd196895de5 to remote] http.wire 73 - http-outgoing-9 &lt;&lt; &quot;Connection:close[\r][\n]&quot;
17-01-2018 13:12:07 Wire.java DEBUG [Forwarding sendKeysToElement on session e7520d0f6ee7d85781382fd196895de5 to remote] http.wire 73 - http-outgoing-9 &lt;&lt; &quot;[\r][\n]&quot;
17-01-2018 13:12:07 Wire.java DEBUG [Forwarding sendKeysToElement on session e7520d0f6ee7d85781382fd196895de5 to remote] http.wire 87 - http-outgoing-9 &lt;&lt; &quot;{&quot;sessionId&quot;:&quot;e7520d0f6ee7d85781382fd196895de5&quot;,&quot;status&quot;:0,&quot;value&quot;:null}&quot;
17-01-2018 13:12:07 LoggingManagedHttpClientConnection.java DEBUG [Forwarding sendKeysToElement on session e7520d0f6ee7d85781382fd196895de5 to remote] http.headers 122 - http-outgoing-9 &lt;&lt; HTTP/1.1 200 OK
17-01-2018 13:12:07 LoggingManagedHttpClientConnection.java DEBUG [Forwarding sendKeysToElement on session e7520d0f6ee7d85781382fd196895de5 to remote] http.headers 125 - http-outgoing-9 &lt;&lt; Content-Length:72
17-01-2018 13:12:07 LoggingManagedHttpClientConnection.java DEBUG [Forwarding sendKeysToElement on session e7520d0f6ee7d85781382fd196895de5 to remote] http.headers 125 - http-outgoing-9 &lt;&lt; Content-Type:application/json; charset=utf-8
17-01-2018 13:12:07 LoggingManagedHttpClientConnection.java DEBUG [Forwarding sendKeysToElement on session e7520d0f6ee7d85781382fd196895de5 to remote] http.headers 125 - http-outgoing-9 &lt;&lt; Connection:close
17-01-2018 13:12:07 LoggingManagedHttpClientConnection.java DEBUG [Forwarding sendKeysToElement on session e7520d0f6ee7d85781382fd196895de5 to remote] conn.DefaultManagedHttpClientConnection 79 - http-outgoing-9: Close connection
17-01-2018 13:12:07 ConnectionHolder.java DEBUG [Forwarding sendKeysToElement on session e7520d0f6ee7d85781382fd196895de5 to remote] execchain.MainClientExec 104 - Connection discarded
17-01-2018 13:12:07 PoolingHttpClientConnectionManager.java DEBUG [Forwarding sendKeysToElement on session e7520d0f6ee7d85781382fd196895de5 to remote] conn.PoolingHttpClientConnectionManager 326 - Connection released: [id: 9][route: {}-&gt;http://localhost:16677][total kept alive: 0; route allocated: 0 of 2000; total allocated: 0 of 2000]
17-01-2018 13:12:07 RequestAddCookies.java DEBUG [Forwarding findElement on session e7520d0f6ee7d85781382fd196895de5 to remote] protocol.RequestAddCookies 123 - CookieSpec selected: default
17-01-2018 13:12:07 RequestAuthCache.java DEBUG [Forwarding findElement on session e7520d0f6ee7d85781382fd196895de5 to remote] protocol.RequestAuthCache 77 - Auth cache not set in the context
17-01-2018 13:12:07 PoolingHttpClientConnectionManager.java DEBUG [Forwarding findElement on session e7520d0f6ee7d85781382fd196895de5 to remote] conn.PoolingHttpClientConnectionManager 255 - Connection request: [route: {}-&gt;http://localhost:16677][total kept alive: 0; route allocated: 0 of 2000; total allocated: 0 of 2000]
17-01-2018 13:12:07 PoolingHttpClientConnectionManager.java DEBUG [Forwarding findElement on session e7520d0f6ee7d85781382fd196895de5 to remote] conn.PoolingHttpClientConnectionManager 288 - Connection leased: [id: 10][route: {}-&gt;http://localhost:16677][total kept alive: 0; route allocated: 1 of 2000; total allocated: 1 of 2000]
17-01-2018 13:12:07 MainClientExec.java DEBUG [Forwarding findElement on session e7520d0f6ee7d85781382fd196895de5 to remote] execchain.MainClientExec 235 - Opening connection {}-&gt;http://localhost:16677
17-01-2018 13:12:07 DefaultHttpClientConnectionOperator.java DEBUG [Forwarding findElement on session e7520d0f6ee7d85781382fd196895de5 to remote] conn.DefaultHttpClientConnectionOperator 139 - Connecting to localhost/127.0.0.1:16677
17-01-2018 13:12:07 DefaultHttpClientConnectionOperator.java DEBUG [Forwarding findElement on session e7520d0f6ee7d85781382fd196895de5 to remote] conn.DefaultHttpClientConnectionOperator 146 - Connection established 127.0.0.1:64638&lt;-&gt;127.0.0.1:16677
17-01-2018 13:12:07 LoggingManagedHttpClientConnection.java DEBUG [Forwarding findElement on session e7520d0f6ee7d85781382fd196895de5 to remote] conn.DefaultManagedHttpClientConnection 88 - http-outgoing-10: set socket timeout to 10800000
17-01-2018 13:12:07 MainClientExec.java DEBUG [Forwarding findElement on session e7520d0f6ee7d85781382fd196895de5 to remote] execchain.MainClientExec 256 - Executing request POST /session/e7520d0f6ee7d85781382fd196895de5/element HTTP/1.1
17-01-2018 13:12:07 MainClientExec.java DEBUG [Forwarding findElement on session e7520d0f6ee7d85781382fd196895de5 to remote] execchain.MainClientExec 261 - Target auth state: UNCHALLENGED
17-01-2018 13:12:07 MainClientExec.java DEBUG [Forwarding findElement on session e7520d0f6ee7d85781382fd196895de5 to remote] execchain.MainClientExec 267 - Proxy auth state: UNCHALLENGED
17-01-2018 13:12:07 LoggingManagedHttpClientConnection.java DEBUG [Forwarding findElement on session e7520d0f6ee7d85781382fd196895de5 to remote] http.headers 133 - http-outgoing-10 &gt;&gt; POST /session/e7520d0f6ee7d85781382fd196895de5/element HTTP/1.1
17-01-2018 13:12:07 LoggingManagedHttpClientConnection.java DEBUG [Forwarding findElement on session e7520d0f6ee7d85781382fd196895de5 to remote] http.headers 136 - http-outgoing-10 &gt;&gt; Content-Type: application/json; charset=utf-8
17-01-2018 13:12:07 LoggingManagedHttpClientConnection.java DEBUG [Forwarding findElement on session e7520d0f6ee7d85781382fd196895de5 to remote] http.headers 136 - http-outgoing-10 &gt;&gt; Content-Length: 65
17-01-2018 13:12:07 LoggingManagedHttpClientConnection.java DEBUG [Forwarding findElement on session e7520d0f6ee7d85781382fd196895de5 to remote] http.headers 136 - http-outgoing-10 &gt;&gt; Host: localhost:16677
17-01-2018 13:12:07 LoggingManagedHttpClientConnection.java DEBUG [Forwarding findElement on session e7520d0f6ee7d85781382fd196895de5 to remote] http.headers 136 - http-outgoing-10 &gt;&gt; Connection: Keep-Alive
17-01-2018 13:12:07 LoggingManagedHttpClientConnection.java DEBUG [Forwarding findElement on session e7520d0f6ee7d85781382fd196895de5 to remote] http.headers 136 - http-outgoing-10 &gt;&gt; User-Agent: Apache-HttpClient/4.5.3 (Java/9.0.1)
17-01-2018 13:12:07 LoggingManagedHttpClientConnection.java DEBUG [Forwarding findElement on session e7520d0f6ee7d85781382fd196895de5 to remote] http.headers 136 - http-outgoing-10 &gt;&gt; Accept-Encoding: gzip,deflate
17-01-2018 13:12:07 Wire.java DEBUG [Forwarding findElement on session e7520d0f6ee7d85781382fd196895de5 to remote] http.wire 73 - http-outgoing-10 &gt;&gt; &quot;POST /session/e7520d0f6ee7d85781382fd196895de5/element HTTP/1.1[\r][\n]&quot;
17-01-2018 13:12:07 Wire.java DEBUG [Forwarding findElement on session e7520d0f6ee7d85781382fd196895de5 to remote] http.wire 73 - http-outgoing-10 &gt;&gt; &quot;Content-Type: application/json; charset=utf-8[\r][\n]&quot;
17-01-2018 13:12:07 Wire.java DEBUG [Forwarding findElement on session e7520d0f6ee7d85781382fd196895de5 to remote] http.wire 73 - http-outgoing-10 &gt;&gt; &quot;Content-Length: 65[\r][\n]&quot;
17-01-2018 13:12:07 Wire.java DEBUG [Forwarding findElement on session e7520d0f6ee7d85781382fd196895de5 to remote] http.wire 73 - http-outgoing-10 &gt;&gt; &quot;Host: localhost:16677[\r][\n]&quot;
17-01-2018 13:12:07 Wire.java DEBUG [Forwarding findElement on session e7520d0f6ee7d85781382fd196895de5 to remote] http.wire 73 - http-outgoing-10 &gt;&gt; &quot;Connection: Keep-Alive[\r][\n]&quot;
17-01-2018 13:12:07 Wire.java DEBUG [Forwarding findElement on session e7520d0f6ee7d85781382fd196895de5 to remote] http.wire 73 - http-outgoing-10 &gt;&gt; &quot;User-Agent: Apache-HttpClient/4.5.3 (Java/9.0.1)[\r][\n]&quot;
17-01-2018 13:12:07 Wire.java DEBUG [Forwarding findElement on session e7520d0f6ee7d85781382fd196895de5 to remote] http.wire 73 - http-outgoing-10 &gt;&gt; &quot;Accept-Encoding: gzip,deflate[\r][\n]&quot;
17-01-2018 13:12:07 Wire.java DEBUG [Forwarding findElement on session e7520d0f6ee7d85781382fd196895de5 to remote] http.wire 73 - http-outgoing-10 &gt;&gt; &quot;[\r][\n]&quot;
17-01-2018 13:12:07 Wire.java DEBUG [Forwarding findElement on session e7520d0f6ee7d85781382fd196895de5 to remote] http.wire 87 - http-outgoing-10 &gt;&gt; &quot;{&quot;using&quot;:&quot;xpath&quot;,&quot;value&quot;:&quot;//button[contains(text(),\&quot;Log in\&quot;)]&quot;}&quot;
17-01-2018 13:12:07 Wire.java DEBUG [Forwarding findElement on session e7520d0f6ee7d85781382fd196895de5 to remote] http.wire 73 - http-outgoing-10 &lt;&lt; &quot;HTTP/1.1 200 OK[\r][\n]&quot;
17-01-2018 13:12:07 Wire.java DEBUG [Forwarding findElement on session e7520d0f6ee7d85781382fd196895de5 to remote] http.wire 73 - http-outgoing-10 &lt;&lt; &quot;Content-Length:102[\r][\n]&quot;
17-01-2018 13:12:07 Wire.java DEBUG [Forwarding findElement on session e7520d0f6ee7d85781382fd196895de5 to remote] http.wire 73 - http-outgoing-10 &lt;&lt; &quot;Content-Type:application/json; charset=utf-8[\r][\n]&quot;
17-01-2018 13:12:07 Wire.java DEBUG [Forwarding findElement on session e7520d0f6ee7d85781382fd196895de5 to remote] http.wire 73 - http-outgoing-10 &lt;&lt; &quot;Connection:close[\r][\n]&quot;
17-01-2018 13:12:07 Wire.java DEBUG [Forwarding findElement on session e7520d0f6ee7d85781382fd196895de5 to remote] http.wire 73 - http-outgoing-10 &lt;&lt; &quot;[\r][\n]&quot;
17-01-2018 13:12:07 Wire.java DEBUG [Forwarding findElement on session e7520d0f6ee7d85781382fd196895de5 to remote] http.wire 87 - http-outgoing-10 &lt;&lt; &quot;{&quot;sessionId&quot;:&quot;e7520d0f6ee7d85781382fd196895de5&quot;,&quot;status&quot;:0,&quot;value&quot;:{&quot;ELEMENT&quot;:&quot;0.7328772789980968-3&quot;}}&quot;
17-01-2018 13:12:07 LoggingManagedHttpClientConnection.java DEBUG [Forwarding findElement on session e7520d0f6ee7d85781382fd196895de5 to remote] http.headers 122 - http-outgoing-10 &lt;&lt; HTTP/1.1 200 OK
17-01-2018 13:12:07 LoggingManagedHttpClientConnection.java DEBUG [Forwarding findElement on session e7520d0f6ee7d85781382fd196895de5 to remote] http.headers 125 - http-outgoing-10 &lt;&lt; Content-Length:102
17-01-2018 13:12:07 LoggingManagedHttpClientConnection.java DEBUG [Forwarding findElement on session e7520d0f6ee7d85781382fd196895de5 to remote] http.headers 125 - http-outgoing-10 &lt;&lt; Content-Type:application/json; charset=utf-8
17-01-2018 13:12:07 LoggingManagedHttpClientConnection.java DEBUG [Forwarding findElement on session e7520d0f6ee7d85781382fd196895de5 to remote] http.headers 125 - http-outgoing-10 &lt;&lt; Connection:close
17-01-2018 13:12:07 LoggingManagedHttpClientConnection.java DEBUG [Forwarding findElement on session e7520d0f6ee7d85781382fd196895de5 to remote] conn.DefaultManagedHttpClientConnection 79 - http-outgoing-10: Close connection
17-01-2018 13:12:07 ConnectionHolder.java DEBUG [Forwarding findElement on session e7520d0f6ee7d85781382fd196895de5 to remote] execchain.MainClientExec 104 - Connection discarded
17-01-2018 13:12:07 PoolingHttpClientConnectionManager.java DEBUG [Forwarding findElement on session e7520d0f6ee7d85781382fd196895de5 to remote] conn.PoolingHttpClientConnectionManager 326 - Connection released: [id: 10][route: {}-&gt;http://localhost:16677][total kept alive: 0; route allocated: 0 of 2000; total allocated: 0 of 2000]
17-01-2018 13:12:07 RequestAddCookies.java DEBUG [Forwarding clickElement on session e7520d0f6ee7d85781382fd196895de5 to remote] protocol.RequestAddCookies 123 - CookieSpec selected: default
17-01-2018 13:12:07 RequestAuthCache.java DEBUG [Forwarding clickElement on session e7520d0f6ee7d85781382fd196895de5 to remote] protocol.RequestAuthCache 77 - Auth cache not set in the context
17-01-2018 13:12:07 PoolingHttpClientConnectionManager.java DEBUG [Forwarding clickElement on session e7520d0f6ee7d85781382fd196895de5 to remote] conn.PoolingHttpClientConnectionManager 255 - Connection request: [route: {}-&gt;http://localhost:16677][total kept alive: 0; route allocated: 0 of 2000; total allocated: 0 of 2000]
17-01-2018 13:12:07 PoolingHttpClientConnectionManager.java DEBUG [Forwarding clickElement on session e7520d0f6ee7d85781382fd196895de5 to remote] conn.PoolingHttpClientConnectionManager 288 - Connection leased: [id: 11][route: {}-&gt;http://localhost:16677][total kept alive: 0; route allocated: 1 of 2000; total allocated: 1 of 2000]
17-01-2018 13:12:07 MainClientExec.java DEBUG [Forwarding clickElement on session e7520d0f6ee7d85781382fd196895de5 to remote] execchain.MainClientExec 235 - Opening connection {}-&gt;http://localhost:16677
17-01-2018 13:12:07 DefaultHttpClientConnectionOperator.java DEBUG [Forwarding clickElement on session e7520d0f6ee7d85781382fd196895de5 to remote] conn.DefaultHttpClientConnectionOperator 139 - Connecting to localhost/127.0.0.1:16677
17-01-2018 13:12:07 DefaultHttpClientConnectionOperator.java DEBUG [Forwarding clickElement on session e7520d0f6ee7d85781382fd196895de5 to remote] conn.DefaultHttpClientConnectionOperator 146 - Connection established 127.0.0.1:64639&lt;-&gt;127.0.0.1:16677
17-01-2018 13:12:07 LoggingManagedHttpClientConnection.java DEBUG [Forwarding clickElement on session e7520d0f6ee7d85781382fd196895de5 to remote] conn.DefaultManagedHttpClientConnection 88 - http-outgoing-11: set socket timeout to 10800000
17-01-2018 13:12:07 MainClientExec.java DEBUG [Forwarding clickElement on session e7520d0f6ee7d85781382fd196895de5 to remote] execchain.MainClientExec 256 - Executing request POST /session/e7520d0f6ee7d85781382fd196895de5/element/0.7328772789980968-3/click HTTP/1.1
17-01-2018 13:12:07 MainClientExec.java DEBUG [Forwarding clickElement on session e7520d0f6ee7d85781382fd196895de5 to remote] execchain.MainClientExec 261 - Target auth state: UNCHALLENGED
17-01-2018 13:12:07 MainClientExec.java DEBUG [Forwarding clickElement on session e7520d0f6ee7d85781382fd196895de5 to remote] execchain.MainClientExec 267 - Proxy auth state: UNCHALLENGED
17-01-2018 13:12:07 LoggingManagedHttpClientConnection.java DEBUG [Forwarding clickElement on session e7520d0f6ee7d85781382fd196895de5 to remote] http.headers 133 - http-outgoing-11 &gt;&gt; POST /session/e7520d0f6ee7d85781382fd196895de5/element/0.7328772789980968-3/click HTTP/1.1
17-01-2018 13:12:07 LoggingManagedHttpClientConnection.java DEBUG [Forwarding clickElement on session e7520d0f6ee7d85781382fd196895de5 to remote] http.headers 136 - http-outgoing-11 &gt;&gt; Content-Type: application/json; charset=utf-8
17-01-2018 13:12:07 LoggingManagedHttpClientConnection.java DEBUG [Forwarding clickElement on session e7520d0f6ee7d85781382fd196895de5 to remote] http.headers 136 - http-outgoing-11 &gt;&gt; Content-Length: 29
17-01-2018 13:12:07 LoggingManagedHttpClientConnection.java DEBUG [Forwarding clickElement on session e7520d0f6ee7d85781382fd196895de5 to remote] http.headers 136 - http-outgoing-11 &gt;&gt; Host: localhost:16677
17-01-2018 13:12:07 LoggingManagedHttpClientConnection.java DEBUG [Forwarding clickElement on session e7520d0f6ee7d85781382fd196895de5 to remote] http.headers 136 - http-outgoing-11 &gt;&gt; Connection: Keep-Alive
17-01-2018 13:12:07 LoggingManagedHttpClientConnection.java DEBUG [Forwarding clickElement on session e7520d0f6ee7d85781382fd196895de5 to remote] http.headers 136 - http-outgoing-11 &gt;&gt; User-Agent: Apache-HttpClient/4.5.3 (Java/9.0.1)
17-01-2018 13:12:07 LoggingManagedHttpClientConnection.java DEBUG [Forwarding clickElement on session e7520d0f6ee7d85781382fd196895de5 to remote] http.headers 136 - http-outgoing-11 &gt;&gt; Accept-Encoding: gzip,deflate
17-01-2018 13:12:07 Wire.java DEBUG [Forwarding clickElement on session e7520d0f6ee7d85781382fd196895de5 to remote] http.wire 73 - http-outgoing-11 &gt;&gt; &quot;POST /session/e7520d0f6ee7d85781382fd196895de5/element/0.7328772789980968-3/click HTTP/1.1[\r][\n]&quot;
17-01-2018 13:12:07 Wire.java DEBUG [Forwarding clickElement on session e7520d0f6ee7d85781382fd196895de5 to remote] http.wire 73 - http-outgoing-11 &gt;&gt; &quot;Content-Type: application/json; charset=utf-8[\r][\n]&quot;
17-01-2018 13:12:07 Wire.java DEBUG [Forwarding clickElement on session e7520d0f6ee7d85781382fd196895de5 to remote] http.wire 73 - http-outgoing-11 &gt;&gt; &quot;Content-Length: 29[\r][\n]&quot;
17-01-2018 13:12:07 Wire.java DEBUG [Forwarding clickElement on session e7520d0f6ee7d85781382fd196895de5 to remote] http.wire 73 - http-outgoing-11 &gt;&gt; &quot;Host: localhost:16677[\r][\n]&quot;
17-01-2018 13:12:07 Wire.java DEBUG [Forwarding clickElement on session e7520d0f6ee7d85781382fd196895de5 to remote] http.wire 73 - http-outgoing-11 &gt;&gt; &quot;Connection: Keep-Alive[\r][\n]&quot;
17-01-2018 13:12:07 Wire.java DEBUG [Forwarding clickElement on session e7520d0f6ee7d85781382fd196895de5 to remote] http.wire 73 - http-outgoing-11 &gt;&gt; &quot;User-Agent: Apache-HttpClient/4.5.3 (Java/9.0.1)[\r][\n]&quot;
17-01-2018 13:12:07 Wire.java DEBUG [Forwarding clickElement on session e7520d0f6ee7d85781382fd196895de5 to remote] http.wire 73 - http-outgoing-11 &gt;&gt; &quot;Accept-Encoding: gzip,deflate[\r][\n]&quot;
17-01-2018 13:12:07 Wire.java DEBUG [Forwarding clickElement on session e7520d0f6ee7d85781382fd196895de5 to remote] http.wire 73 - http-outgoing-11 &gt;&gt; &quot;[\r][\n]&quot;
17-01-2018 13:12:07 Wire.java DEBUG [Forwarding clickElement on session e7520d0f6ee7d85781382fd196895de5 to remote] http.wire 87 - http-outgoing-11 &gt;&gt; &quot;{&quot;id&quot;:&quot;0.7328772789980968-3&quot;}&quot;
17-01-2018 13:12:07 Wire.java DEBUG [Forwarding clickElement on session e7520d0f6ee7d85781382fd196895de5 to remote] http.wire 73 - http-outgoing-11 &lt;&lt; &quot;HTTP/1.1 200 OK[\r][\n]&quot;
17-01-2018 13:12:07 Wire.java DEBUG [Forwarding clickElement on session e7520d0f6ee7d85781382fd196895de5 to remote] http.wire 73 - http-outgoing-11 &lt;&lt; &quot;Content-Length:72[\r][\n]&quot;
17-01-2018 13:12:07 Wire.java DEBUG [Forwarding clickElement on session e7520d0f6ee7d85781382fd196895de5 to remote] http.wire 73 - http-outgoing-11 &lt;&lt; &quot;Content-Type:application/json; charset=utf-8[\r][\n]&quot;
17-01-2018 13:12:07 Wire.java DEBUG [Forwarding clickElement on session e7520d0f6ee7d85781382fd196895de5 to remote] http.wire 73 - http-outgoing-11 &lt;&lt; &quot;Connection:close[\r][\n]&quot;
17-01-2018 13:12:07 Wire.java DEBUG [Forwarding clickElement on session e7520d0f6ee7d85781382fd196895de5 to remote] http.wire 73 - http-outgoing-11 &lt;&lt; &quot;[\r][\n]&quot;
17-01-2018 13:12:07 Wire.java DEBUG [Forwarding clickElement on session e7520d0f6ee7d85781382fd196895de5 to remote] http.wire 87 - http-outgoing-11 &lt;&lt; &quot;{&quot;sessionId&quot;:&quot;e7520d0f6ee7d85781382fd196895de5&quot;,&quot;status&quot;:0,&quot;value&quot;:null}&quot;
17-01-2018 13:12:07 LoggingManagedHttpClientConnection.java DEBUG [Forwarding clickElement on session e7520d0f6ee7d85781382fd196895de5 to remote] http.headers 122 - http-outgoing-11 &lt;&lt; HTTP/1.1 200 OK
17-01-2018 13:12:07 LoggingManagedHttpClientConnection.java DEBUG [Forwarding clickElement on session e7520d0f6ee7d85781382fd196895de5 to remote] http.headers 125 - http-outgoing-11 &lt;&lt; Content-Length:72
17-01-2018 13:12:07 LoggingManagedHttpClientConnection.java DEBUG [Forwarding clickElement on session e7520d0f6ee7d85781382fd196895de5 to remote] http.headers 125 - http-outgoing-11 &lt;&lt; Content-Type:application/json; charset=utf-8
17-01-2018 13:12:07 LoggingManagedHttpClientConnection.java DEBUG [Forwarding clickElement on session e7520d0f6ee7d85781382fd196895de5 to remote] http.headers 125 - http-outgoing-11 &lt;&lt; Connection:close
17-01-2018 13:12:07 LoggingManagedHttpClientConnection.java DEBUG [Forwarding clickElement on session e7520d0f6ee7d85781382fd196895de5 to remote] conn.DefaultManagedHttpClientConnection 79 - http-outgoing-11: Close connection
17-01-2018 13:12:07 ConnectionHolder.java DEBUG [Forwarding clickElement on session e7520d0f6ee7d85781382fd196895de5 to remote] execchain.MainClientExec 104 - Connection discarded
17-01-2018 13:12:07 PoolingHttpClientConnectionManager.java DEBUG [Forwarding clickElement on session e7520d0f6ee7d85781382fd196895de5 to remote] conn.PoolingHttpClientConnectionManager 326 - Connection released: [id: 11][route: {}-&gt;http://localhost:16677][total kept alive: 0; route allocated: 0 of 2000; total allocated: 0 of 2000]
17-01-2018 13:12:07 RequestAddCookies.java DEBUG [Forwarding findElement on session e7520d0f6ee7d85781382fd196895de5 to remote] protocol.RequestAddCookies 123 - CookieSpec selected: default
17-01-2018 13:12:07 RequestAuthCache.java DEBUG [Forwarding findElement on session e7520d0f6ee7d85781382fd196895de5 to remote] protocol.RequestAuthCache 77 - Auth cache not set in the context
17-01-2018 13:12:07 PoolingHttpClientConnectionManager.java DEBUG [Forwarding findElement on session e7520d0f6ee7d85781382fd196895de5 to remote] conn.PoolingHttpClientConnectionManager 255 - Connection request: [route: {}-&gt;http://localhost:16677][total kept alive: 0; route allocated: 0 of 2000; total allocated: 0 of 2000]
17-01-2018 13:12:07 PoolingHttpClientConnectionManager.java DEBUG [Forwarding findElement on session e7520d0f6ee7d85781382fd196895de5 to remote] conn.PoolingHttpClientConnectionManager 288 - Connection leased: [id: 12][route: {}-&gt;http://localhost:16677][total kept alive: 0; route allocated: 1 of 2000; total allocated: 1 of 2000]
17-01-2018 13:12:07 MainClientExec.java DEBUG [Forwarding findElement on session e7520d0f6ee7d85781382fd196895de5 to remote] execchain.MainClientExec 235 - Opening connection {}-&gt;http://localhost:16677
17-01-2018 13:12:07 DefaultHttpClientConnectionOperator.java DEBUG [Forwarding findElement on session e7520d0f6ee7d85781382fd196895de5 to remote] conn.DefaultHttpClientConnectionOperator 139 - Connecting to localhost/127.0.0.1:16677
17-01-2018 13:12:07 DefaultHttpClientConnectionOperator.java DEBUG [Forwarding findElement on session e7520d0f6ee7d85781382fd196895de5 to remote] conn.DefaultHttpClientConnectionOperator 146 - Connection established 127.0.0.1:64640&lt;-&gt;127.0.0.1:16677
17-01-2018 13:12:07 LoggingManagedHttpClientConnection.java DEBUG [Forwarding findElement on session e7520d0f6ee7d85781382fd196895de5 to remote] conn.DefaultManagedHttpClientConnection 88 - http-outgoing-12: set socket timeout to 10800000
17-01-2018 13:12:07 MainClientExec.java DEBUG [Forwarding findElement on session e7520d0f6ee7d85781382fd196895de5 to remote] execchain.MainClientExec 256 - Executing request POST /session/e7520d0f6ee7d85781382fd196895de5/element HTTP/1.1
17-01-2018 13:12:07 MainClientExec.java DEBUG [Forwarding findElement on session e7520d0f6ee7d85781382fd196895de5 to remote] execchain.MainClientExec 261 - Target auth state: UNCHALLENGED
17-01-2018 13:12:07 MainClientExec.java DEBUG [Forwarding findElement on session e7520d0f6ee7d85781382fd196895de5 to remote] execchain.MainClientExec 267 - Proxy auth state: UNCHALLENGED
17-01-2018 13:12:07 LoggingManagedHttpClientConnection.java DEBUG [Forwarding findElement on session e7520d0f6ee7d85781382fd196895de5 to remote] http.headers 133 - http-outgoing-12 &gt;&gt; POST /session/e7520d0f6ee7d85781382fd196895de5/element HTTP/1.1
17-01-2018 13:12:07 LoggingManagedHttpClientConnection.java DEBUG [Forwarding findElement on session e7520d0f6ee7d85781382fd196895de5 to remote] http.headers 136 - http-outgoing-12 &gt;&gt; Content-Type: application/json; charset=utf-8
17-01-2018 13:12:07 LoggingManagedHttpClientConnection.java DEBUG [Forwarding findElement on session e7520d0f6ee7d85781382fd196895de5 to remote] http.headers 136 - http-outgoing-12 &gt;&gt; Content-Length: 85
17-01-2018 13:12:07 LoggingManagedHttpClientConnection.java DEBUG [Forwarding findElement on session e7520d0f6ee7d85781382fd196895de5 to remote] http.headers 136 - http-outgoing-12 &gt;&gt; Host: localhost:16677
17-01-2018 13:12:07 LoggingManagedHttpClientConnection.java DEBUG [Forwarding findElement on session e7520d0f6ee7d85781382fd196895de5 to remote] http.headers 136 - http-outgoing-12 &gt;&gt; Connection: Keep-Alive
17-01-2018 13:12:07 LoggingManagedHttpClientConnection.java DEBUG [Forwarding findElement on session e7520d0f6ee7d85781382fd196895de5 to remote] http.headers 136 - http-outgoing-12 &gt;&gt; User-Agent: Apache-HttpClient/4.5.3 (Java/9.0.1)
17-01-2018 13:12:07 LoggingManagedHttpClientConnection.java DEBUG [Forwarding findElement on session e7520d0f6ee7d85781382fd196895de5 to remote] http.headers 136 - http-outgoing-12 &gt;&gt; Accept-Encoding: gzip,deflate
17-01-2018 13:12:07 Wire.java DEBUG [Forwarding findElement on session e7520d0f6ee7d85781382fd196895de5 to remote] http.wire 73 - http-outgoing-12 &gt;&gt; &quot;POST /session/e7520d0f6ee7d85781382fd196895de5/element HTTP/1.1[\r][\n]&quot;
17-01-2018 13:12:07 Wire.java DEBUG [Forwarding findElement on session e7520d0f6ee7d85781382fd196895de5 to remote] http.wire 73 - http-outgoing-12 &gt;&gt; &quot;Content-Type: application/json; charset=utf-8[\r][\n]&quot;
17-01-2018 13:12:07 Wire.java DEBUG [Forwarding findElement on session e7520d0f6ee7d85781382fd196895de5 to remote] http.wire 73 - http-outgoing-12 &gt;&gt; &quot;Content-Length: 85[\r][\n]&quot;
17-01-2018 13:12:07 Wire.java DEBUG [Forwarding findElement on session e7520d0f6ee7d85781382fd196895de5 to remote] http.wire 73 - http-outgoing-12 &gt;&gt; &quot;Host: localhost:16677[\r][\n]&quot;
17-01-2018 13:12:07 Wire.java DEBUG [Forwarding findElement on session e7520d0f6ee7d85781382fd196895de5 to remote] http.wire 73 - http-outgoing-12 &gt;&gt; &quot;Connection: Keep-Alive[\r][\n]&quot;
17-01-2018 13:12:07 Wire.java DEBUG [Forwarding findElement on session e7520d0f6ee7d85781382fd196895de5 to remote] http.wire 73 - http-outgoing-12 &gt;&gt; &quot;User-Agent: Apache-HttpClient/4.5.3 (Java/9.0.1)[\r][\n]&quot;
17-01-2018 13:12:07 Wire.java DEBUG [Forwarding findElement on session e7520d0f6ee7d85781382fd196895de5 to remote] http.wire 73 - http-outgoing-12 &gt;&gt; &quot;Accept-Encoding: gzip,deflate[\r][\n]&quot;
17-01-2018 13:12:07 Wire.java DEBUG [Forwarding findElement on session e7520d0f6ee7d85781382fd196895de5 to remote] http.wire 73 - http-outgoing-12 &gt;&gt; &quot;[\r][\n]&quot;
17-01-2018 13:12:07 Wire.java DEBUG [Forwarding findElement on session e7520d0f6ee7d85781382fd196895de5 to remote] http.wire 87 - http-outgoing-12 &gt;&gt; &quot;{&quot;using&quot;:&quot;xpath&quot;,&quot;value&quot;:&quot;//*[contains(@href, \u0027#/app/all-organisations\u0027)]&quot;}&quot;
17-01-2018 13:12:18 Wire.java DEBUG [Forwarding findElement on session e7520d0f6ee7d85781382fd196895de5 to remote] http.wire 73 - http-outgoing-12 &lt;&lt; &quot;HTTP/1.1 200 OK[\r][\n]&quot;
17-01-2018 13:12:18 Wire.java DEBUG [Forwarding findElement on session e7520d0f6ee7d85781382fd196895de5 to remote] http.wire 73 - http-outgoing-12 &lt;&lt; &quot;Content-Length:377[\r][\n]&quot;
17-01-2018 13:12:18 Wire.java DEBUG [Forwarding findElement on session e7520d0f6ee7d85781382fd196895de5 to remote] http.wire 73 - http-outgoing-12 &lt;&lt; &quot;Content-Type:application/json; charset=utf-8[\r][\n]&quot;
17-01-2018 13:12:18 Wire.java DEBUG [Forwarding findElement on session e7520d0f6ee7d85781382fd196895de5 to remote] http.wire 73 - http-outgoing-12 &lt;&lt; &quot;Connection:close[\r][\n]&quot;
17-01-2018 13:12:18 Wire.java DEBUG [Forwarding findElement on session e7520d0f6ee7d85781382fd196895de5 to remote] http.wire 73 - http-outgoing-12 &lt;&lt; &quot;[\r][\n]&quot;
17-01-2018 13:12:18 Wire.java DEBUG [Forwarding findElement on session e7520d0f6ee7d85781382fd196895de5 to remote] http.wire 87 - http-outgoing-12 &lt;&lt; &quot;{&quot;sessionId&quot;:&quot;e7520d0f6ee7d85781382fd196895de5&quot;,&quot;status&quot;:7,&quot;value&quot;:{&quot;message&quot;:&quot;no such element: Unable to locate element: {\&quot;method\&quot;:\&quot;xpath\&quot;,\&quot;selector\&quot;:\&quot;//*[contains(@href, &apos;#/app/all-organisations&apos;)]\&quot;}\n  (Session info: chrome=63.0.3239.84)\n  (Driver info: chromedriver=2.33.506120 (e3e53437346286c0bc2d2dc9aa4915ba81d9023f),platform=Windows NT 6.1.7601 SP1 x86_64)&quot;}}&quot;
17-01-2018 13:12:18 LoggingManagedHttpClientConnection.java DEBUG [Forwarding findElement on session e7520d0f6ee7d85781382fd196895de5 to remote] http.headers 122 - http-outgoing-12 &lt;&lt; HTTP/1.1 200 OK
17-01-2018 13:12:18 LoggingManagedHttpClientConnection.java DEBUG [Forwarding findElement on session e7520d0f6ee7d85781382fd196895de5 to remote] http.headers 125 - http-outgoing-12 &lt;&lt; Content-Length:377
17-01-2018 13:12:18 LoggingManagedHttpClientConnection.java DEBUG [Forwarding findElement on session e7520d0f6ee7d85781382fd196895de5 to remote] http.headers 125 - http-outgoing-12 &lt;&lt; Content-Type:application/json; charset=utf-8
17-01-2018 13:12:18 LoggingManagedHttpClientConnection.java DEBUG [Forwarding findElement on session e7520d0f6ee7d85781382fd196895de5 to remote] http.headers 125 - http-outgoing-12 &lt;&lt; Connection:close
17-01-2018 13:12:18 LoggingManagedHttpClientConnection.java DEBUG [Forwarding findElement on session e7520d0f6ee7d85781382fd196895de5 to remote] conn.DefaultManagedHttpClientConnection 79 - http-outgoing-12: Close connection
17-01-2018 13:12:18 ConnectionHolder.java DEBUG [Forwarding findElement on session e7520d0f6ee7d85781382fd196895de5 to remote] execchain.MainClientExec 104 - Connection discarded
17-01-2018 13:12:18 PoolingHttpClientConnectionManager.java DEBUG [Forwarding findElement on session e7520d0f6ee7d85781382fd196895de5 to remote] conn.PoolingHttpClientConnectionManager 326 - Connection released: [id: 12][route: {}-&gt;http://localhost:16677][total kept alive: 0; route allocated: 0 of 2000; total allocated: 0 of 2000]
17-01-2018 13:12:18 RequestAddCookies.java DEBUG [Forwarding findElement on session e7520d0f6ee7d85781382fd196895de5 to remote] protocol.RequestAddCookies 123 - CookieSpec selected: default
17-01-2018 13:12:18 RequestAuthCache.java DEBUG [Forwarding findElement on session e7520d0f6ee7d85781382fd196895de5 to remote] protocol.RequestAuthCache 77 - Auth cache not set in the context
17-01-2018 13:12:18 PoolingHttpClientConnectionManager.java DEBUG [Forwarding findElement on session e7520d0f6ee7d85781382fd196895de5 to remote] conn.PoolingHttpClientConnectionManager 255 - Connection request: [route: {}-&gt;http://localhost:16677][total kept alive: 0; route allocated: 0 of 2000; total allocated: 0 of 2000]
17-01-2018 13:12:18 PoolingHttpClientConnectionManager.java DEBUG [Forwarding findElement on session e7520d0f6ee7d85781382fd196895de5 to remote] conn.PoolingHttpClientConnectionManager 288 - Connection leased: [id: 13][route: {}-&gt;http://localhost:16677][total kept alive: 0; route allocated: 1 of 2000; total allocated: 1 of 2000]
17-01-2018 13:12:18 MainClientExec.java DEBUG [Forwarding findElement on session e7520d0f6ee7d85781382fd196895de5 to remote] execchain.MainClientExec 235 - Opening connection {}-&gt;http://localhost:16677
17-01-2018 13:12:18 DefaultHttpClientConnectionOperator.java DEBUG [Forwarding findElement on session e7520d0f6ee7d85781382fd196895de5 to remote] conn.DefaultHttpClientConnectionOperator 139 - Connecting to localhost/127.0.0.1:16677
17-01-2018 13:12:18 DefaultHttpClientConnectionOperator.java DEBUG [Forwarding findElement on session e7520d0f6ee7d85781382fd196895de5 to remote] conn.DefaultHttpClientConnectionOperator 146 - Connection established 127.0.0.1:64646&lt;-&gt;127.0.0.1:16677
17-01-2018 13:12:18 LoggingManagedHttpClientConnection.java DEBUG [Forwarding findElement on session e7520d0f6ee7d85781382fd196895de5 to remote] conn.DefaultManagedHttpClientConnection 88 - http-outgoing-13: set socket timeout to 10800000
17-01-2018 13:12:18 MainClientExec.java DEBUG [Forwarding findElement on session e7520d0f6ee7d85781382fd196895de5 to remote] execchain.MainClientExec 256 - Executing request POST /session/e7520d0f6ee7d85781382fd196895de5/element HTTP/1.1
17-01-2018 13:12:18 MainClientExec.java DEBUG [Forwarding findElement on session e7520d0f6ee7d85781382fd196895de5 to remote] execchain.MainClientExec 261 - Target auth state: UNCHALLENGED
17-01-2018 13:12:18 MainClientExec.java DEBUG [Forwarding findElement on session e7520d0f6ee7d85781382fd196895de5 to remote] execchain.MainClientExec 267 - Proxy auth state: UNCHALLENGED
17-01-2018 13:12:18 LoggingManagedHttpClientConnection.java DEBUG [Forwarding findElement on session e7520d0f6ee7d85781382fd196895de5 to remote] http.headers 133 - http-outgoing-13 &gt;&gt; POST /session/e7520d0f6ee7d85781382fd196895de5/element HTTP/1.1
17-01-2018 13:12:18 LoggingManagedHttpClientConnection.java DEBUG [Forwarding findElement on session e7520d0f6ee7d85781382fd196895de5 to remote] http.headers 136 - http-outgoing-13 &gt;&gt; Content-Type: application/json; charset=utf-8
17-01-2018 13:12:18 LoggingManagedHttpClientConnection.java DEBUG [Forwarding findElement on session e7520d0f6ee7d85781382fd196895de5 to remote] http.headers 136 - http-outgoing-13 &gt;&gt; Content-Length: 85
17-01-2018 13:12:18 LoggingManagedHttpClientConnection.java DEBUG [Forwarding findElement on session e7520d0f6ee7d85781382fd196895de5 to remote] http.headers 136 - http-outgoing-13 &gt;&gt; Host: localhost:16677
17-01-2018 13:12:18 LoggingManagedHttpClientConnection.java DEBUG [Forwarding findElement on session e7520d0f6ee7d85781382fd196895de5 to remote] http.headers 136 - http-outgoing-13 &gt;&gt; Connection: Keep-Alive
17-01-2018 13:12:18 LoggingManagedHttpClientConnection.java DEBUG [Forwarding findElement on session e7520d0f6ee7d85781382fd196895de5 to remote] http.headers 136 - http-outgoing-13 &gt;&gt; User-Agent: Apache-HttpClient/4.5.3 (Java/9.0.1)
17-01-2018 13:12:18 LoggingManagedHttpClientConnection.java DEBUG [Forwarding findElement on session e7520d0f6ee7d85781382fd196895de5 to remote] http.headers 136 - http-outgoing-13 &gt;&gt; Accept-Encoding: gzip,deflate
17-01-2018 13:12:18 Wire.java DEBUG [Forwarding findElement on session e7520d0f6ee7d85781382fd196895de5 to remote] http.wire 73 - http-outgoing-13 &gt;&gt; &quot;POST /session/e7520d0f6ee7d85781382fd196895de5/element HTTP/1.1[\r][\n]&quot;
17-01-2018 13:12:18 Wire.java DEBUG [Forwarding findElement on session e7520d0f6ee7d85781382fd196895de5 to remote] http.wire 73 - http-outgoing-13 &gt;&gt; &quot;Content-Type: application/json; charset=utf-8[\r][\n]&quot;
17-01-2018 13:12:18 Wire.java DEBUG [Forwarding findElement on session e7520d0f6ee7d85781382fd196895de5 to remote] http.wire 73 - http-outgoing-13 &gt;&gt; &quot;Content-Length: 85[\r][\n]&quot;
17-01-2018 13:12:18 Wire.java DEBUG [Forwarding findElement on session e7520d0f6ee7d85781382fd196895de5 to remote] http.wire 73 - http-outgoing-13 &gt;&gt; &quot;Host: localhost:16677[\r][\n]&quot;
17-01-2018 13:12:18 Wire.java DEBUG [Forwarding findElement on session e7520d0f6ee7d85781382fd196895de5 to remote] http.wire 73 - http-outgoing-13 &gt;&gt; &quot;Connection: Keep-Alive[\r][\n]&quot;
17-01-2018 13:12:18 Wire.java DEBUG [Forwarding findElement on session e7520d0f6ee7d85781382fd196895de5 to remote] http.wire 73 - http-outgoing-13 &gt;&gt; &quot;User-Agent: Apache-HttpClient/4.5.3 (Java/9.0.1)[\r][\n]&quot;
17-01-2018 13:12:18 Wire.java DEBUG [Forwarding findElement on session e7520d0f6ee7d85781382fd196895de5 to remote] http.wire 73 - http-outgoing-13 &gt;&gt; &quot;Accept-Encoding: gzip,deflate[\r][\n]&quot;
17-01-2018 13:12:18 Wire.java DEBUG [Forwarding findElement on session e7520d0f6ee7d85781382fd196895de5 to remote] http.wire 73 - http-outgoing-13 &gt;&gt; &quot;[\r][\n]&quot;
17-01-2018 13:12:18 Wire.java DEBUG [Forwarding findElement on session e7520d0f6ee7d85781382fd196895de5 to remote] http.wire 87 - http-outgoing-13 &gt;&gt; &quot;{&quot;using&quot;:&quot;xpath&quot;,&quot;value&quot;:&quot;//*[contains(@href, \u0027#/app/all-organisations\u0027)]&quot;}&quot;
17-01-2018 13:12:18 Wire.java DEBUG [Forwarding findElement on session e7520d0f6ee7d85781382fd196895de5 to remote] http.wire 73 - http-outgoing-13 &lt;&lt; &quot;HTTP/1.1 200 OK[\r][\n]&quot;
17-01-2018 13:12:18 Wire.java DEBUG [Forwarding findElement on session e7520d0f6ee7d85781382fd196895de5 to remote] http.wire 73 - http-outgoing-13 &lt;&lt; &quot;Content-Length:102[\r][\n]&quot;
17-01-2018 13:12:18 Wire.java DEBUG [Forwarding findElement on session e7520d0f6ee7d85781382fd196895de5 to remote] http.wire 73 - http-outgoing-13 &lt;&lt; &quot;Content-Type:application/json; charset=utf-8[\r][\n]&quot;
17-01-2018 13:12:18 Wire.java DEBUG [Forwarding findElement on session e7520d0f6ee7d85781382fd196895de5 to remote] http.wire 73 - http-outgoing-13 &lt;&lt; &quot;Connection:close[\r][\n]&quot;
17-01-2018 13:12:18 Wire.java DEBUG [Forwarding findElement on session e7520d0f6ee7d85781382fd196895de5 to remote] http.wire 73 - http-outgoing-13 &lt;&lt; &quot;[\r][\n]&quot;
17-01-2018 13:12:18 Wire.java DEBUG [Forwarding findElement on session e7520d0f6ee7d85781382fd196895de5 to remote] http.wire 87 - http-outgoing-13 &lt;&lt; &quot;{&quot;sessionId&quot;:&quot;e7520d0f6ee7d85781382fd196895de5&quot;,&quot;status&quot;:0,&quot;value&quot;:{&quot;ELEMENT&quot;:&quot;0.8334041992104928-1&quot;}}&quot;
17-01-2018 13:12:18 LoggingManagedHttpClientConnection.java DEBUG [Forwarding findElement on session e7520d0f6ee7d85781382fd196895de5 to remote] http.headers 122 - http-outgoing-13 &lt;&lt; HTTP/1.1 200 OK
17-01-2018 13:12:18 LoggingManagedHttpClientConnection.java DEBUG [Forwarding findElement on session e7520d0f6ee7d85781382fd196895de5 to remote] http.headers 125 - http-outgoing-13 &lt;&lt; Content-Length:102
17-01-2018 13:12:18 LoggingManagedHttpClientConnection.java DEBUG [Forwarding findElement on session e7520d0f6ee7d85781382fd196895de5 to remote] http.headers 125 - http-outgoing-13 &lt;&lt; Content-Type:application/json; charset=utf-8
17-01-2018 13:12:18 LoggingManagedHttpClientConnection.java DEBUG [Forwarding findElement on session e7520d0f6ee7d85781382fd196895de5 to remote] http.headers 125 - http-outgoing-13 &lt;&lt; Connection:close
17-01-2018 13:12:18 LoggingManagedHttpClientConnection.java DEBUG [Forwarding findElement on session e7520d0f6ee7d85781382fd196895de5 to remote] conn.DefaultManagedHttpClientConnection 79 - http-outgoing-13: Close connection
17-01-2018 13:12:18 ConnectionHolder.java DEBUG [Forwarding findElement on session e7520d0f6ee7d85781382fd196895de5 to remote] execchain.MainClientExec 104 - Connection discarded
17-01-2018 13:12:18 PoolingHttpClientConnectionManager.java DEBUG [Forwarding findElement on session e7520d0f6ee7d85781382fd196895de5 to remote] conn.PoolingHttpClientConnectionManager 326 - Connection released: [id: 13][route: {}-&gt;http://localhost:16677][total kept alive: 0; route allocated: 0 of 2000; total allocated: 0 of 2000]
17-01-2018 13:12:18 RequestAddCookies.java DEBUG [Forwarding isElementDisplayed on session e7520d0f6ee7d85781382fd196895de5 to remote] protocol.RequestAddCookies 123 - CookieSpec selected: default
17-01-2018 13:12:18 RequestAuthCache.java DEBUG [Forwarding isElementDisplayed on session e7520d0f6ee7d85781382fd196895de5 to remote] protocol.RequestAuthCache 77 - Auth cache not set in the context
17-01-2018 13:12:18 PoolingHttpClientConnectionManager.java DEBUG [Forwarding isElementDisplayed on session e7520d0f6ee7d85781382fd196895de5 to remote] conn.PoolingHttpClientConnectionManager 255 - Connection request: [route: {}-&gt;http://localhost:16677][total kept alive: 0; route allocated: 0 of 2000; total allocated: 0 of 2000]
17-01-2018 13:12:18 PoolingHttpClientConnectionManager.java DEBUG [Forwarding isElementDisplayed on session e7520d0f6ee7d85781382fd196895de5 to remote] conn.PoolingHttpClientConnectionManager 288 - Connection leased: [id: 14][route: {}-&gt;http://localhost:16677][total kept alive: 0; route allocated: 1 of 2000; total allocated: 1 of 2000]
17-01-2018 13:12:18 MainClientExec.java DEBUG [Forwarding isElementDisplayed on session e7520d0f6ee7d85781382fd196895de5 to remote] execchain.MainClientExec 235 - Opening connection {}-&gt;http://localhost:16677
17-01-2018 13:12:18 DefaultHttpClientConnectionOperator.java DEBUG [Forwarding isElementDisplayed on session e7520d0f6ee7d85781382fd196895de5 to remote] conn.DefaultHttpClientConnectionOperator 139 - Connecting to localhost/127.0.0.1:16677
17-01-2018 13:12:18 DefaultHttpClientConnectionOperator.java DEBUG [Forwarding isElementDisplayed on session e7520d0f6ee7d85781382fd196895de5 to remote] conn.DefaultHttpClientConnectionOperator 146 - Connection established 127.0.0.1:64647&lt;-&gt;127.0.0.1:16677
17-01-2018 13:12:18 LoggingManagedHttpClientConnection.java DEBUG [Forwarding isElementDisplayed on session e7520d0f6ee7d85781382fd196895de5 to remote] conn.DefaultManagedHttpClientConnection 88 - http-outgoing-14: set socket timeout to 10800000
17-01-2018 13:12:18 MainClientExec.java DEBUG [Forwarding isElementDisplayed on session e7520d0f6ee7d85781382fd196895de5 to remote] execchain.MainClientExec 256 - Executing request GET /session/e7520d0f6ee7d85781382fd196895de5/element/0.8334041992104928-1/displayed HTTP/1.1
17-01-2018 13:12:18 MainClientExec.java DEBUG [Forwarding isElementDisplayed on session e7520d0f6ee7d85781382fd196895de5 to remote] execchain.MainClientExec 261 - Target auth state: UNCHALLENGED
17-01-2018 13:12:18 MainClientExec.java DEBUG [Forwarding isElementDisplayed on session e7520d0f6ee7d85781382fd196895de5 to remote] execchain.MainClientExec 267 - Proxy auth state: UNCHALLENGED
17-01-2018 13:12:18 LoggingManagedHttpClientConnection.java DEBUG [Forwarding isElementDisplayed on session e7520d0f6ee7d85781382fd196895de5 to remote] http.headers 133 - http-outgoing-14 &gt;&gt; GET /session/e7520d0f6ee7d85781382fd196895de5/element/0.8334041992104928-1/displayed HTTP/1.1
17-01-2018 13:12:18 LoggingManagedHttpClientConnection.java DEBUG [Forwarding isElementDisplayed on session e7520d0f6ee7d85781382fd196895de5 to remote] http.headers 136 - http-outgoing-14 &gt;&gt; Cache-Control: no-cache
17-01-2018 13:12:19 LoggingManagedHttpClientConnection.java DEBUG [Forwarding isElementDisplayed on session e7520d0f6ee7d85781382fd196895de5 to remote] http.headers 136 - http-outgoing-14 &gt;&gt; Host: localhost:16677
17-01-2018 13:12:19 LoggingManagedHttpClientConnection.java DEBUG [Forwarding isElementDisplayed on session e7520d0f6ee7d85781382fd196895de5 to remote] http.headers 136 - http-outgoing-14 &gt;&gt; Connection: Keep-Alive
17-01-2018 13:12:19 LoggingManagedHttpClientConnection.java DEBUG [Forwarding isElementDisplayed on session e7520d0f6ee7d85781382fd196895de5 to remote] http.headers 136 - http-outgoing-14 &gt;&gt; User-Agent: Apache-HttpClient/4.5.3 (Java/9.0.1)
17-01-2018 13:12:19 LoggingManagedHttpClientConnection.java DEBUG [Forwarding isElementDisplayed on session e7520d0f6ee7d85781382fd196895de5 to remote] http.headers 136 - http-outgoing-14 &gt;&gt; Accept-Encoding: gzip,deflate
17-01-2018 13:12:19 Wire.java DEBUG [Forwarding isElementDisplayed on session e7520d0f6ee7d85781382fd196895de5 to remote] http.wire 73 - http-outgoing-14 &gt;&gt; &quot;GET /session/e7520d0f6ee7d85781382fd196895de5/element/0.8334041992104928-1/displayed HTTP/1.1[\r][\n]&quot;
17-01-2018 13:12:19 Wire.java DEBUG [Forwarding isElementDisplayed on session e7520d0f6ee7d85781382fd196895de5 to remote] http.wire 73 - http-outgoing-14 &gt;&gt; &quot;Cache-Control: no-cache[\r][\n]&quot;
17-01-2018 13:12:19 Wire.java DEBUG [Forwarding isElementDisplayed on session e7520d0f6ee7d85781382fd196895de5 to remote] http.wire 73 - http-outgoing-14 &gt;&gt; &quot;Host: localhost:16677[\r][\n]&quot;
17-01-2018 13:12:19 Wire.java DEBUG [Forwarding isElementDisplayed on session e7520d0f6ee7d85781382fd196895de5 to remote] http.wire 73 - http-outgoing-14 &gt;&gt; &quot;Connection: Keep-Alive[\r][\n]&quot;
17-01-2018 13:12:19 Wire.java DEBUG [Forwarding isElementDisplayed on session e7520d0f6ee7d85781382fd196895de5 to remote] http.wire 73 - http-outgoing-14 &gt;&gt; &quot;User-Agent: Apache-HttpClient/4.5.3 (Java/9.0.1)[\r][\n]&quot;
17-01-2018 13:12:19 Wire.java DEBUG [Forwarding isElementDisplayed on session e7520d0f6ee7d85781382fd196895de5 to remote] http.wire 73 - http-outgoing-14 &gt;&gt; &quot;Accept-Encoding: gzip,deflate[\r][\n]&quot;
17-01-2018 13:12:19 Wire.java DEBUG [Forwarding isElementDisplayed on session e7520d0f6ee7d85781382fd196895de5 to remote] http.wire 73 - http-outgoing-14 &gt;&gt; &quot;[\r][\n]&quot;
17-01-2018 13:12:19 Wire.java DEBUG [Forwarding isElementDisplayed on session e7520d0f6ee7d85781382fd196895de5 to remote] http.wire 73 - http-outgoing-14 &lt;&lt; &quot;HTTP/1.1 200 OK[\r][\n]&quot;
17-01-2018 13:12:19 Wire.java DEBUG [Forwarding isElementDisplayed on session e7520d0f6ee7d85781382fd196895de5 to remote] http.wire 73 - http-outgoing-14 &lt;&lt; &quot;Content-Length:72[\r][\n]&quot;
17-01-2018 13:12:19 Wire.java DEBUG [Forwarding isElementDisplayed on session e7520d0f6ee7d85781382fd196895de5 to remote] http.wire 73 - http-outgoing-14 &lt;&lt; &quot;Content-Type:application/json; charset=utf-8[\r][\n]&quot;
17-01-2018 13:12:19 Wire.java DEBUG [Forwarding isElementDisplayed on session e7520d0f6ee7d85781382fd196895de5 to remote] http.wire 73 - http-outgoing-14 &lt;&lt; &quot;Connection:close[\r][\n]&quot;
17-01-2018 13:12:19 Wire.java DEBUG [Forwarding isElementDisplayed on session e7520d0f6ee7d85781382fd196895de5 to remote] http.wire 73 - http-outgoing-14 &lt;&lt; &quot;[\r][\n]&quot;
17-01-2018 13:12:19 Wire.java DEBUG [Forwarding isElementDisplayed on session e7520d0f6ee7d85781382fd196895de5 to remote] http.wire 87 - http-outgoing-14 &lt;&lt; &quot;{&quot;sessionId&quot;:&quot;e7520d0f6ee7d85781382fd196895de5&quot;,&quot;status&quot;:0,&quot;value&quot;:true}&quot;
17-01-2018 13:12:19 LoggingManagedHttpClientConnection.java DEBUG [Forwarding isElementDisplayed on session e7520d0f6ee7d85781382fd196895de5 to remote] http.headers 122 - http-outgoing-14 &lt;&lt; HTTP/1.1 200 OK
17-01-2018 13:12:19 LoggingManagedHttpClientConnection.java DEBUG [Forwarding isElementDisplayed on session e7520d0f6ee7d85781382fd196895de5 to remote] http.headers 125 - http-outgoing-14 &lt;&lt; Content-Length:72
17-01-2018 13:12:19 LoggingManagedHttpClientConnection.java DEBUG [Forwarding isElementDisplayed on session e7520d0f6ee7d85781382fd196895de5 to remote] http.headers 125 - http-outgoing-14 &lt;&lt; Content-Type:application/json; charset=utf-8
17-01-2018 13:12:19 LoggingManagedHttpClientConnection.java DEBUG [Forwarding isElementDisplayed on session e7520d0f6ee7d85781382fd196895de5 to remote] http.headers 125 - http-outgoing-14 &lt;&lt; Connection:close
17-01-2018 13:12:19 LoggingManagedHttpClientConnection.java DEBUG [Forwarding isElementDisplayed on session e7520d0f6ee7d85781382fd196895de5 to remote] conn.DefaultManagedHttpClientConnection 79 - http-outgoing-14: Close connection
17-01-2018 13:12:19 ConnectionHolder.java DEBUG [Forwarding isElementDisplayed on session e7520d0f6ee7d85781382fd196895de5 to remote] execchain.MainClientExec 104 - Connection discarded
17-01-2018 13:12:19 PoolingHttpClientConnectionManager.java DEBUG [Forwarding isElementDisplayed on session e7520d0f6ee7d85781382fd196895de5 to remote] conn.PoolingHttpClientConnectionManager 326 - Connection released: [id: 14][route: {}-&gt;http://localhost:16677][total kept alive: 0; route allocated: 0 of 2000; total allocated: 0 of 2000]
17-01-2018 13:12:19 RequestAddCookies.java DEBUG [Forwarding findElement on session e7520d0f6ee7d85781382fd196895de5 to remote] protocol.RequestAddCookies 123 - CookieSpec selected: default
17-01-2018 13:12:19 RequestAuthCache.java DEBUG [Forwarding findElement on session e7520d0f6ee7d85781382fd196895de5 to remote] protocol.RequestAuthCache 77 - Auth cache not set in the context
17-01-2018 13:12:19 PoolingHttpClientConnectionManager.java DEBUG [Forwarding findElement on session e7520d0f6ee7d85781382fd196895de5 to remote] conn.PoolingHttpClientConnectionManager 255 - Connection request: [route: {}-&gt;http://localhost:16677][total kept alive: 0; route allocated: 0 of 2000; total allocated: 0 of 2000]
17-01-2018 13:12:19 PoolingHttpClientConnectionManager.java DEBUG [Forwarding findElement on session e7520d0f6ee7d85781382fd196895de5 to remote] conn.PoolingHttpClientConnectionManager 288 - Connection leased: [id: 15][route: {}-&gt;http://localhost:16677][total kept alive: 0; route allocated: 1 of 2000; total allocated: 1 of 2000]
17-01-2018 13:12:19 MainClientExec.java DEBUG [Forwarding findElement on session e7520d0f6ee7d85781382fd196895de5 to remote] execchain.MainClientExec 235 - Opening connection {}-&gt;http://localhost:16677
17-01-2018 13:12:19 DefaultHttpClientConnectionOperator.java DEBUG [Forwarding findElement on session e7520d0f6ee7d85781382fd196895de5 to remote] conn.DefaultHttpClientConnectionOperator 139 - Connecting to localhost/127.0.0.1:16677
17-01-2018 13:12:19 DefaultHttpClientConnectionOperator.java DEBUG [Forwarding findElement on session e7520d0f6ee7d85781382fd196895de5 to remote] conn.DefaultHttpClientConnectionOperator 146 - Connection established 127.0.0.1:64648&lt;-&gt;127.0.0.1:16677
17-01-2018 13:12:19 LoggingManagedHttpClientConnection.java DEBUG [Forwarding findElement on session e7520d0f6ee7d85781382fd196895de5 to remote] conn.DefaultManagedHttpClientConnection 88 - http-outgoing-15: set socket timeout to 10800000
17-01-2018 13:12:19 MainClientExec.java DEBUG [Forwarding findElement on session e7520d0f6ee7d85781382fd196895de5 to remote] execchain.MainClientExec 256 - Executing request POST /session/e7520d0f6ee7d85781382fd196895de5/element HTTP/1.1
17-01-2018 13:12:19 MainClientExec.java DEBUG [Forwarding findElement on session e7520d0f6ee7d85781382fd196895de5 to remote] execchain.MainClientExec 261 - Target auth state: UNCHALLENGED
17-01-2018 13:12:19 MainClientExec.java DEBUG [Forwarding findElement on session e7520d0f6ee7d85781382fd196895de5 to remote] execchain.MainClientExec 267 - Proxy auth state: UNCHALLENGED
17-01-2018 13:12:19 LoggingManagedHttpClientConnection.java DEBUG [Forwarding findElement on session e7520d0f6ee7d85781382fd196895de5 to remote] http.headers 133 - http-outgoing-15 &gt;&gt; POST /session/e7520d0f6ee7d85781382fd196895de5/element HTTP/1.1
17-01-2018 13:12:19 LoggingManagedHttpClientConnection.java DEBUG [Forwarding findElement on session e7520d0f6ee7d85781382fd196895de5 to remote] http.headers 136 - http-outgoing-15 &gt;&gt; Content-Type: application/json; charset=utf-8
17-01-2018 13:12:19 LoggingManagedHttpClientConnection.java DEBUG [Forwarding findElement on session e7520d0f6ee7d85781382fd196895de5 to remote] http.headers 136 - http-outgoing-15 &gt;&gt; Content-Length: 76
17-01-2018 13:12:19 LoggingManagedHttpClientConnection.java DEBUG [Forwarding findElement on session e7520d0f6ee7d85781382fd196895de5 to remote] http.headers 136 - http-outgoing-15 &gt;&gt; Host: localhost:16677
17-01-2018 13:12:19 LoggingManagedHttpClientConnection.java DEBUG [Forwarding findElement on session e7520d0f6ee7d85781382fd196895de5 to remote] http.headers 136 - http-outgoing-15 &gt;&gt; Connection: Keep-Alive
17-01-2018 13:12:19 LoggingManagedHttpClientConnection.java DEBUG [Forwarding findElement on session e7520d0f6ee7d85781382fd196895de5 to remote] http.headers 136 - http-outgoing-15 &gt;&gt; User-Agent: Apache-HttpClient/4.5.3 (Java/9.0.1)
17-01-2018 13:12:19 LoggingManagedHttpClientConnection.java DEBUG [Forwarding findElement on session e7520d0f6ee7d85781382fd196895de5 to remote] http.headers 136 - http-outgoing-15 &gt;&gt; Accept-Encoding: gzip,deflate
17-01-2018 13:12:19 Wire.java DEBUG [Forwarding findElement on session e7520d0f6ee7d85781382fd196895de5 to remote] http.wire 73 - http-outgoing-15 &gt;&gt; &quot;POST /session/e7520d0f6ee7d85781382fd196895de5/element HTTP/1.1[\r][\n]&quot;
17-01-2018 13:12:19 Wire.java DEBUG [Forwarding findElement on session e7520d0f6ee7d85781382fd196895de5 to remote] http.wire 73 - http-outgoing-15 &gt;&gt; &quot;Content-Type: application/json; charset=utf-8[\r][\n]&quot;
17-01-2018 13:12:19 Wire.java DEBUG [Forwarding findElement on session e7520d0f6ee7d85781382fd196895de5 to remote] http.wire 73 - http-outgoing-15 &gt;&gt; &quot;Content-Length: 76[\r][\n]&quot;
17-01-2018 13:12:19 Wire.java DEBUG [Forwarding findElement on session e7520d0f6ee7d85781382fd196895de5 to remote] http.wire 73 - http-outgoing-15 &gt;&gt; &quot;Host: localhost:16677[\r][\n]&quot;
17-01-2018 13:12:19 Wire.java DEBUG [Forwarding findElement on session e7520d0f6ee7d85781382fd196895de5 to remote] http.wire 73 - http-outgoing-15 &gt;&gt; &quot;Connection: Keep-Alive[\r][\n]&quot;
17-01-2018 13:12:19 Wire.java DEBUG [Forwarding findElement on session e7520d0f6ee7d85781382fd196895de5 to remote] http.wire 73 - http-outgoing-15 &gt;&gt; &quot;User-Agent: Apache-HttpClient/4.5.3 (Java/9.0.1)[\r][\n]&quot;
17-01-2018 13:12:19 Wire.java DEBUG [Forwarding findElement on session e7520d0f6ee7d85781382fd196895de5 to remote] http.wire 73 - http-outgoing-15 &gt;&gt; &quot;Accept-Encoding: gzip,deflate[\r][\n]&quot;
17-01-2018 13:12:19 Wire.java DEBUG [Forwarding findElement on session e7520d0f6ee7d85781382fd196895de5 to remote] http.wire 73 - http-outgoing-15 &gt;&gt; &quot;[\r][\n]&quot;
17-01-2018 13:12:19 Wire.java DEBUG [Forwarding findElement on session e7520d0f6ee7d85781382fd196895de5 to remote] http.wire 87 - http-outgoing-15 &gt;&gt; &quot;{&quot;using&quot;:&quot;xpath&quot;,&quot;value&quot;:&quot;//*[contains(@href, \u0027#/app/po-list/\u0027)]&quot;}&quot;
17-01-2018 13:12:19 Wire.java DEBUG [Forwarding findElement on session e7520d0f6ee7d85781382fd196895de5 to remote] http.wire 73 - http-outgoing-15 &lt;&lt; &quot;HTTP/1.1 200 OK[\r][\n]&quot;
17-01-2018 13:12:19 Wire.java DEBUG [Forwarding findElement on session e7520d0f6ee7d85781382fd196895de5 to remote] http.wire 73 - http-outgoing-15 &lt;&lt; &quot;Content-Length:102[\r][\n]&quot;
17-01-2018 13:12:19 Wire.java DEBUG [Forwarding findElement on session e7520d0f6ee7d85781382fd196895de5 to remote] http.wire 73 - http-outgoing-15 &lt;&lt; &quot;Content-Type:application/json; charset=utf-8[\r][\n]&quot;
17-01-2018 13:12:19 Wire.java DEBUG [Forwarding findElement on session e7520d0f6ee7d85781382fd196895de5 to remote] http.wire 73 - http-outgoing-15 &lt;&lt; &quot;Connection:close[\r][\n]&quot;
17-01-2018 13:12:19 Wire.java DEBUG [Forwarding findElement on session e7520d0f6ee7d85781382fd196895de5 to remote] http.wire 73 - http-outgoing-15 &lt;&lt; &quot;[\r][\n]&quot;
17-01-2018 13:12:19 Wire.java DEBUG [Forwarding findElement on session e7520d0f6ee7d85781382fd196895de5 to remote] http.wire 87 - http-outgoing-15 &lt;&lt; &quot;{&quot;sessionId&quot;:&quot;e7520d0f6ee7d85781382fd196895de5&quot;,&quot;status&quot;:0,&quot;value&quot;:{&quot;ELEMENT&quot;:&quot;0.8334041992104928-2&quot;}}&quot;
17-01-2018 13:12:19 LoggingManagedHttpClientConnection.java DEBUG [Forwarding findElement on session e7520d0f6ee7d85781382fd196895de5 to remote] http.headers 122 - http-outgoing-15 &lt;&lt; HTTP/1.1 200 OK
17-01-2018 13:12:19 LoggingManagedHttpClientConnection.java DEBUG [Forwarding findElement on session e7520d0f6ee7d85781382fd196895de5 to remote] http.headers 125 - http-outgoing-15 &lt;&lt; Content-Length:102
17-01-2018 13:12:19 LoggingManagedHttpClientConnection.java DEBUG [Forwarding findElement on session e7520d0f6ee7d85781382fd196895de5 to remote] http.headers 125 - http-outgoing-15 &lt;&lt; Content-Type:application/json; charset=utf-8
17-01-2018 13:12:19 LoggingManagedHttpClientConnection.java DEBUG [Forwarding findElement on session e7520d0f6ee7d85781382fd196895de5 to remote] http.headers 125 - http-outgoing-15 &lt;&lt; Connection:close
17-01-2018 13:12:19 LoggingManagedHttpClientConnection.java DEBUG [Forwarding findElement on session e7520d0f6ee7d85781382fd196895de5 to remote] conn.DefaultManagedHttpClientConnection 79 - http-outgoing-15: Close connection
17-01-2018 13:12:19 ConnectionHolder.java DEBUG [Forwarding findElement on session e7520d0f6ee7d85781382fd196895de5 to remote] execchain.MainClientExec 104 - Connection discarded
17-01-2018 13:12:19 PoolingHttpClientConnectionManager.java DEBUG [Forwarding findElement on session e7520d0f6ee7d85781382fd196895de5 to remote] conn.PoolingHttpClientConnectionManager 326 - Connection released: [id: 15][route: {}-&gt;http://localhost:16677][total kept alive: 0; route allocated: 0 of 2000; total allocated: 0 of 2000]
17-01-2018 13:12:19 RequestAddCookies.java DEBUG [Forwarding clickElement on session e7520d0f6ee7d85781382fd196895de5 to remote] protocol.RequestAddCookies 123 - CookieSpec selected: default
17-01-2018 13:12:19 RequestAuthCache.java DEBUG [Forwarding clickElement on session e7520d0f6ee7d85781382fd196895de5 to remote] protocol.RequestAuthCache 77 - Auth cache not set in the context
17-01-2018 13:12:19 PoolingHttpClientConnectionManager.java DEBUG [Forwarding clickElement on session e7520d0f6ee7d85781382fd196895de5 to remote] conn.PoolingHttpClientConnectionManager 255 - Connection request: [route: {}-&gt;http://localhost:16677][total kept alive: 0; route allocated: 0 of 2000; total allocated: 0 of 2000]
17-01-2018 13:12:19 PoolingHttpClientConnectionManager.java DEBUG [Forwarding clickElement on session e7520d0f6ee7d85781382fd196895de5 to remote] conn.PoolingHttpClientConnectionManager 288 - Connection leased: [id: 16][route: {}-&gt;http://localhost:16677][total kept alive: 0; route allocated: 1 of 2000; total allocated: 1 of 2000]
17-01-2018 13:12:19 MainClientExec.java DEBUG [Forwarding clickElement on session e7520d0f6ee7d85781382fd196895de5 to remote] execchain.MainClientExec 235 - Opening connection {}-&gt;http://localhost:16677
17-01-2018 13:12:19 DefaultHttpClientConnectionOperator.java DEBUG [Forwarding clickElement on session e7520d0f6ee7d85781382fd196895de5 to remote] conn.DefaultHttpClientConnectionOperator 139 - Connecting to localhost/127.0.0.1:16677
17-01-2018 13:12:19 DefaultHttpClientConnectionOperator.java DEBUG [Forwarding clickElement on session e7520d0f6ee7d85781382fd196895de5 to remote] conn.DefaultHttpClientConnectionOperator 146 - Connection established 127.0.0.1:64649&lt;-&gt;127.0.0.1:16677
17-01-2018 13:12:19 LoggingManagedHttpClientConnection.java DEBUG [Forwarding clickElement on session e7520d0f6ee7d85781382fd196895de5 to remote] conn.DefaultManagedHttpClientConnection 88 - http-outgoing-16: set socket timeout to 10800000
17-01-2018 13:12:19 MainClientExec.java DEBUG [Forwarding clickElement on session e7520d0f6ee7d85781382fd196895de5 to remote] execchain.MainClientExec 256 - Executing request POST /session/e7520d0f6ee7d85781382fd196895de5/element/0.8334041992104928-2/click HTTP/1.1
17-01-2018 13:12:19 MainClientExec.java DEBUG [Forwarding clickElement on session e7520d0f6ee7d85781382fd196895de5 to remote] execchain.MainClientExec 261 - Target auth state: UNCHALLENGED
17-01-2018 13:12:19 MainClientExec.java DEBUG [Forwarding clickElement on session e7520d0f6ee7d85781382fd196895de5 to remote] execchain.MainClientExec 267 - Proxy auth state: UNCHALLENGED
17-01-2018 13:12:19 LoggingManagedHttpClientConnection.java DEBUG [Forwarding clickElement on session e7520d0f6ee7d85781382fd196895de5 to remote] http.headers 133 - http-outgoing-16 &gt;&gt; POST /session/e7520d0f6ee7d85781382fd196895de5/element/0.8334041992104928-2/click HTTP/1.1
17-01-2018 13:12:19 LoggingManagedHttpClientConnection.java DEBUG [Forwarding clickElement on session e7520d0f6ee7d85781382fd196895de5 to remote] http.headers 136 - http-outgoing-16 &gt;&gt; Content-Type: application/json; charset=utf-8
17-01-2018 13:12:19 LoggingManagedHttpClientConnection.java DEBUG [Forwarding clickElement on session e7520d0f6ee7d85781382fd196895de5 to remote] http.headers 136 - http-outgoing-16 &gt;&gt; Content-Length: 29
17-01-2018 13:12:19 LoggingManagedHttpClientConnection.java DEBUG [Forwarding clickElement on session e7520d0f6ee7d85781382fd196895de5 to remote] http.headers 136 - http-outgoing-16 &gt;&gt; Host: localhost:16677
17-01-2018 13:12:19 LoggingManagedHttpClientConnection.java DEBUG [Forwarding clickElement on session e7520d0f6ee7d85781382fd196895de5 to remote] http.headers 136 - http-outgoing-16 &gt;&gt; Connection: Keep-Alive
17-01-2018 13:12:19 LoggingManagedHttpClientConnection.java DEBUG [Forwarding clickElement on session e7520d0f6ee7d85781382fd196895de5 to remote] http.headers 136 - http-outgoing-16 &gt;&gt; User-Agent: Apache-HttpClient/4.5.3 (Java/9.0.1)
17-01-2018 13:12:19 LoggingManagedHttpClientConnection.java DEBUG [Forwarding clickElement on session e7520d0f6ee7d85781382fd196895de5 to remote] http.headers 136 - http-outgoing-16 &gt;&gt; Accept-Encoding: gzip,deflate
17-01-2018 13:12:19 Wire.java DEBUG [Forwarding clickElement on session e7520d0f6ee7d85781382fd196895de5 to remote] http.wire 73 - http-outgoing-16 &gt;&gt; &quot;POST /session/e7520d0f6ee7d85781382fd196895de5/element/0.8334041992104928-2/click HTTP/1.1[\r][\n]&quot;
17-01-2018 13:12:19 Wire.java DEBUG [Forwarding clickElement on session e7520d0f6ee7d85781382fd196895de5 to remote] http.wire 73 - http-outgoing-16 &gt;&gt; &quot;Content-Type: application/json; charset=utf-8[\r][\n]&quot;
17-01-2018 13:12:19 Wire.java DEBUG [Forwarding clickElement on session e7520d0f6ee7d85781382fd196895de5 to remote] http.wire 73 - http-outgoing-16 &gt;&gt; &quot;Content-Length: 29[\r][\n]&quot;
17-01-2018 13:12:19 Wire.java DEBUG [Forwarding clickElement on session e7520d0f6ee7d85781382fd196895de5 to remote] http.wire 73 - http-outgoing-16 &gt;&gt; &quot;Host: localhost:16677[\r][\n]&quot;
17-01-2018 13:12:19 Wire.java DEBUG [Forwarding clickElement on session e7520d0f6ee7d85781382fd196895de5 to remote] http.wire 73 - http-outgoing-16 &gt;&gt; &quot;Connection: Keep-Alive[\r][\n]&quot;
17-01-2018 13:12:19 Wire.java DEBUG [Forwarding clickElement on session e7520d0f6ee7d85781382fd196895de5 to remote] http.wire 73 - http-outgoing-16 &gt;&gt; &quot;User-Agent: Apache-HttpClient/4.5.3 (Java/9.0.1)[\r][\n]&quot;
17-01-2018 13:12:19 Wire.java DEBUG [Forwarding clickElement on session e7520d0f6ee7d85781382fd196895de5 to remote] http.wire 73 - http-outgoing-16 &gt;&gt; &quot;Accept-Encoding: gzip,deflate[\r][\n]&quot;
17-01-2018 13:12:19 Wire.java DEBUG [Forwarding clickElement on session e7520d0f6ee7d85781382fd196895de5 to remote] http.wire 73 - http-outgoing-16 &gt;&gt; &quot;[\r][\n]&quot;
17-01-2018 13:12:19 Wire.java DEBUG [Forwarding clickElement on session e7520d0f6ee7d85781382fd196895de5 to remote] http.wire 87 - http-outgoing-16 &gt;&gt; &quot;{&quot;id&quot;:&quot;0.8334041992104928-2&quot;}&quot;
17-01-2018 13:12:19 Wire.java DEBUG [Forwarding clickElement on session e7520d0f6ee7d85781382fd196895de5 to remote] http.wire 73 - http-outgoing-16 &lt;&lt; &quot;HTTP/1.1 200 OK[\r][\n]&quot;
17-01-2018 13:12:19 Wire.java DEBUG [Forwarding clickElement on session e7520d0f6ee7d85781382fd196895de5 to remote] http.wire 73 - http-outgoing-16 &lt;&lt; &quot;Content-Length:72[\r][\n]&quot;
17-01-2018 13:12:19 Wire.java DEBUG [Forwarding clickElement on session e7520d0f6ee7d85781382fd196895de5 to remote] http.wire 73 - http-outgoing-16 &lt;&lt; &quot;Content-Type:application/json; charset=utf-8[\r][\n]&quot;
17-01-2018 13:12:19 Wire.java DEBUG [Forwarding clickElement on session e7520d0f6ee7d85781382fd196895de5 to remote] http.wire 73 - http-outgoing-16 &lt;&lt; &quot;Connection:close[\r][\n]&quot;
17-01-2018 13:12:19 Wire.java DEBUG [Forwarding clickElement on session e7520d0f6ee7d85781382fd196895de5 to remote] http.wire 73 - http-outgoing-16 &lt;&lt; &quot;[\r][\n]&quot;
17-01-2018 13:12:19 Wire.java DEBUG [Forwarding clickElement on session e7520d0f6ee7d85781382fd196895de5 to remote] http.wire 87 - http-outgoing-16 &lt;&lt; &quot;{&quot;sessionId&quot;:&quot;e7520d0f6ee7d85781382fd196895de5&quot;,&quot;status&quot;:0,&quot;value&quot;:null}&quot;
17-01-2018 13:12:19 LoggingManagedHttpClientConnection.java DEBUG [Forwarding clickElement on session e7520d0f6ee7d85781382fd196895de5 to remote] http.headers 122 - http-outgoing-16 &lt;&lt; HTTP/1.1 200 OK
17-01-2018 13:12:19 LoggingManagedHttpClientConnection.java DEBUG [Forwarding clickElement on session e7520d0f6ee7d85781382fd196895de5 to remote] http.headers 125 - http-outgoing-16 &lt;&lt; Content-Length:72
17-01-2018 13:12:19 LoggingManagedHttpClientConnection.java DEBUG [Forwarding clickElement on session e7520d0f6ee7d85781382fd196895de5 to remote] http.headers 125 - http-outgoing-16 &lt;&lt; Content-Type:application/json; charset=utf-8
17-01-2018 13:12:19 LoggingManagedHttpClientConnection.java DEBUG [Forwarding clickElement on session e7520d0f6ee7d85781382fd196895de5 to remote] http.headers 125 - http-outgoing-16 &lt;&lt; Connection:close
17-01-2018 13:12:19 LoggingManagedHttpClientConnection.java DEBUG [Forwarding clickElement on session e7520d0f6ee7d85781382fd196895de5 to remote] conn.DefaultManagedHttpClientConnection 79 - http-outgoing-16: Close connection
17-01-2018 13:12:19 ConnectionHolder.java DEBUG [Forwarding clickElement on session e7520d0f6ee7d85781382fd196895de5 to remote] execchain.MainClientExec 104 - Connection discarded
17-01-2018 13:12:19 PoolingHttpClientConnectionManager.java DEBUG [Forwarding clickElement on session e7520d0f6ee7d85781382fd196895de5 to remote] conn.PoolingHttpClientConnectionManager 326 - Connection released: [id: 16][route: {}-&gt;http://localhost:16677][total kept alive: 0; route allocated: 0 of 2000; total allocated: 0 of 2000]
17-01-2018 13:12:19 RequestAddCookies.java DEBUG [Forwarding findElement on session e7520d0f6ee7d85781382fd196895de5 to remote] protocol.RequestAddCookies 123 - CookieSpec selected: default
17-01-2018 13:12:19 RequestAuthCache.java DEBUG [Forwarding findElement on session e7520d0f6ee7d85781382fd196895de5 to remote] protocol.RequestAuthCache 77 - Auth cache not set in the context
17-01-2018 13:12:19 PoolingHttpClientConnectionManager.java DEBUG [Forwarding findElement on session e7520d0f6ee7d85781382fd196895de5 to remote] conn.PoolingHttpClientConnectionManager 255 - Connection request: [route: {}-&gt;http://localhost:16677][total kept alive: 0; route allocated: 0 of 2000; total allocated: 0 of 2000]
17-01-2018 13:12:19 PoolingHttpClientConnectionManager.java DEBUG [Forwarding findElement on session e7520d0f6ee7d85781382fd196895de5 to remote] conn.PoolingHttpClientConnectionManager 288 - Connection leased: [id: 17][route: {}-&gt;http://localhost:16677][total kept alive: 0; route allocated: 1 of 2000; total allocated: 1 of 2000]
17-01-2018 13:12:19 MainClientExec.java DEBUG [Forwarding findElement on session e7520d0f6ee7d85781382fd196895de5 to remote] execchain.MainClientExec 235 - Opening connection {}-&gt;http://localhost:16677
17-01-2018 13:12:19 DefaultHttpClientConnectionOperator.java DEBUG [Forwarding findElement on session e7520d0f6ee7d85781382fd196895de5 to remote] conn.DefaultHttpClientConnectionOperator 139 - Connecting to localhost/127.0.0.1:16677
17-01-2018 13:12:19 DefaultHttpClientConnectionOperator.java DEBUG [Forwarding findElement on session e7520d0f6ee7d85781382fd196895de5 to remote] conn.DefaultHttpClientConnectionOperator 146 - Connection established 127.0.0.1:64650&lt;-&gt;127.0.0.1:16677
17-01-2018 13:12:19 LoggingManagedHttpClientConnection.java DEBUG [Forwarding findElement on session e7520d0f6ee7d85781382fd196895de5 to remote] conn.DefaultManagedHttpClientConnection 88 - http-outgoing-17: set socket timeout to 10800000
17-01-2018 13:12:19 MainClientExec.java DEBUG [Forwarding findElement on session e7520d0f6ee7d85781382fd196895de5 to remote] execchain.MainClientExec 256 - Executing request POST /session/e7520d0f6ee7d85781382fd196895de5/element HTTP/1.1
17-01-2018 13:12:19 MainClientExec.java DEBUG [Forwarding findElement on session e7520d0f6ee7d85781382fd196895de5 to remote] execchain.MainClientExec 261 - Target auth state: UNCHALLENGED
17-01-2018 13:12:19 MainClientExec.java DEBUG [Forwarding findElement on session e7520d0f6ee7d85781382fd196895de5 to remote] execchain.MainClientExec 267 - Proxy auth state: UNCHALLENGED
17-01-2018 13:12:19 LoggingManagedHttpClientConnection.java DEBUG [Forwarding findElement on session e7520d0f6ee7d85781382fd196895de5 to remote] http.headers 133 - http-outgoing-17 &gt;&gt; POST /session/e7520d0f6ee7d85781382fd196895de5/element HTTP/1.1
17-01-2018 13:12:19 LoggingManagedHttpClientConnection.java DEBUG [Forwarding findElement on session e7520d0f6ee7d85781382fd196895de5 to remote] http.headers 136 - http-outgoing-17 &gt;&gt; Content-Type: application/json; charset=utf-8
17-01-2018 13:12:19 LoggingManagedHttpClientConnection.java DEBUG [Forwarding findElement on session e7520d0f6ee7d85781382fd196895de5 to remote] http.headers 136 - http-outgoing-17 &gt;&gt; Content-Length: 79
17-01-2018 13:12:19 LoggingManagedHttpClientConnection.java DEBUG [Forwarding findElement on session e7520d0f6ee7d85781382fd196895de5 to remote] http.headers 136 - http-outgoing-17 &gt;&gt; Host: localhost:16677
17-01-2018 13:12:19 LoggingManagedHttpClientConnection.java DEBUG [Forwarding findElement on session e7520d0f6ee7d85781382fd196895de5 to remote] http.headers 136 - http-outgoing-17 &gt;&gt; Connection: Keep-Alive
17-01-2018 13:12:19 LoggingManagedHttpClientConnection.java DEBUG [Forwarding findElement on session e7520d0f6ee7d85781382fd196895de5 to remote] http.headers 136 - http-outgoing-17 &gt;&gt; User-Agent: Apache-HttpClient/4.5.3 (Java/9.0.1)
17-01-2018 13:12:19 LoggingManagedHttpClientConnection.java DEBUG [Forwarding findElement on session e7520d0f6ee7d85781382fd196895de5 to remote] http.headers 136 - http-outgoing-17 &gt;&gt; Accept-Encoding: gzip,deflate
17-01-2018 13:12:19 Wire.java DEBUG [Forwarding findElement on session e7520d0f6ee7d85781382fd196895de5 to remote] http.wire 73 - http-outgoing-17 &gt;&gt; &quot;POST /session/e7520d0f6ee7d85781382fd196895de5/element HTTP/1.1[\r][\n]&quot;
17-01-2018 13:12:19 Wire.java DEBUG [Forwarding findElement on session e7520d0f6ee7d85781382fd196895de5 to remote] http.wire 73 - http-outgoing-17 &gt;&gt; &quot;Content-Type: application/json; charset=utf-8[\r][\n]&quot;
17-01-2018 13:12:19 Wire.java DEBUG [Forwarding findElement on session e7520d0f6ee7d85781382fd196895de5 to remote] http.wire 73 - http-outgoing-17 &gt;&gt; &quot;Content-Length: 79[\r][\n]&quot;
17-01-2018 13:12:19 Wire.java DEBUG [Forwarding findElement on session e7520d0f6ee7d85781382fd196895de5 to remote] http.wire 73 - http-outgoing-17 &gt;&gt; &quot;Host: localhost:16677[\r][\n]&quot;
17-01-2018 13:12:19 Wire.java DEBUG [Forwarding findElement on session e7520d0f6ee7d85781382fd196895de5 to remote] http.wire 73 - http-outgoing-17 &gt;&gt; &quot;Connection: Keep-Alive[\r][\n]&quot;
17-01-2018 13:12:19 Wire.java DEBUG [Forwarding findElement on session e7520d0f6ee7d85781382fd196895de5 to remote] http.wire 73 - http-outgoing-17 &gt;&gt; &quot;User-Agent: Apache-HttpClient/4.5.3 (Java/9.0.1)[\r][\n]&quot;
17-01-2018 13:12:19 Wire.java DEBUG [Forwarding findElement on session e7520d0f6ee7d85781382fd196895de5 to remote] http.wire 73 - http-outgoing-17 &gt;&gt; &quot;Accept-Encoding: gzip,deflate[\r][\n]&quot;
17-01-2018 13:12:19 Wire.java DEBUG [Forwarding findElement on session e7520d0f6ee7d85781382fd196895de5 to remote] http.wire 73 - http-outgoing-17 &gt;&gt; &quot;[\r][\n]&quot;
17-01-2018 13:12:19 Wire.java DEBUG [Forwarding findElement on session e7520d0f6ee7d85781382fd196895de5 to remote] http.wire 87 - http-outgoing-17 &gt;&gt; &quot;{&quot;using&quot;:&quot;xpath&quot;,&quot;value&quot;:&quot;//*[contains(text(),\u0027Client Order Date\u0027)]&quot;}&quot;
17-01-2018 13:12:20 Wire.java DEBUG [Forwarding findElement on session e7520d0f6ee7d85781382fd196895de5 to remote] http.wire 73 - http-outgoing-17 &lt;&lt; &quot;HTTP/1.1 200 OK[\r][\n]&quot;
17-01-2018 13:12:20 Wire.java DEBUG [Forwarding findElement on session e7520d0f6ee7d85781382fd196895de5 to remote] http.wire 73 - http-outgoing-17 &lt;&lt; &quot;Content-Length:102[\r][\n]&quot;
17-01-2018 13:12:20 Wire.java DEBUG [Forwarding findElement on session e7520d0f6ee7d85781382fd196895de5 to remote] http.wire 73 - http-outgoing-17 &lt;&lt; &quot;Content-Type:application/json; charset=utf-8[\r][\n]&quot;
17-01-2018 13:12:20 Wire.java DEBUG [Forwarding findElement on session e7520d0f6ee7d85781382fd196895de5 to remote] http.wire 73 - http-outgoing-17 &lt;&lt; &quot;Connection:close[\r][\n]&quot;
17-01-2018 13:12:20 Wire.java DEBUG [Forwarding findElement on session e7520d0f6ee7d85781382fd196895de5 to remote] http.wire 73 - http-outgoing-17 &lt;&lt; &quot;[\r][\n]&quot;
17-01-2018 13:12:20 Wire.java DEBUG [Forwarding findElement on session e7520d0f6ee7d85781382fd196895de5 to remote] http.wire 87 - http-outgoing-17 &lt;&lt; &quot;{&quot;sessionId&quot;:&quot;e7520d0f6ee7d85781382fd196895de5&quot;,&quot;status&quot;:0,&quot;value&quot;:{&quot;ELEMENT&quot;:&quot;0.8334041992104928-3&quot;}}&quot;
17-01-2018 13:12:20 LoggingManagedHttpClientConnection.java DEBUG [Forwarding findElement on session e7520d0f6ee7d85781382fd196895de5 to remote] http.headers 122 - http-outgoing-17 &lt;&lt; HTTP/1.1 200 OK
17-01-2018 13:12:20 LoggingManagedHttpClientConnection.java DEBUG [Forwarding findElement on session e7520d0f6ee7d85781382fd196895de5 to remote] http.headers 125 - http-outgoing-17 &lt;&lt; Content-Length:102
17-01-2018 13:12:20 LoggingManagedHttpClientConnection.java DEBUG [Forwarding findElement on session e7520d0f6ee7d85781382fd196895de5 to remote] http.headers 125 - http-outgoing-17 &lt;&lt; Content-Type:application/json; charset=utf-8
17-01-2018 13:12:20 LoggingManagedHttpClientConnection.java DEBUG [Forwarding findElement on session e7520d0f6ee7d85781382fd196895de5 to remote] http.headers 125 - http-outgoing-17 &lt;&lt; Connection:close
17-01-2018 13:12:20 LoggingManagedHttpClientConnection.java DEBUG [Forwarding findElement on session e7520d0f6ee7d85781382fd196895de5 to remote] conn.DefaultManagedHttpClientConnection 79 - http-outgoing-17: Close connection
17-01-2018 13:12:20 ConnectionHolder.java DEBUG [Forwarding findElement on session e7520d0f6ee7d85781382fd196895de5 to remote] execchain.MainClientExec 104 - Connection discarded
17-01-2018 13:12:20 PoolingHttpClientConnectionManager.java DEBUG [Forwarding findElement on session e7520d0f6ee7d85781382fd196895de5 to remote] conn.PoolingHttpClientConnectionManager 326 - Connection released: [id: 17][route: {}-&gt;http://localhost:16677][total kept alive: 0; route allocated: 0 of 2000; total allocated: 0 of 2000]
17-01-2018 13:12:20 RequestAddCookies.java DEBUG [Forwarding isElementDisplayed on session e7520d0f6ee7d85781382fd196895de5 to remote] protocol.RequestAddCookies 123 - CookieSpec selected: default
17-01-2018 13:12:20 RequestAuthCache.java DEBUG [Forwarding isElementDisplayed on session e7520d0f6ee7d85781382fd196895de5 to remote] protocol.RequestAuthCache 77 - Auth cache not set in the context
17-01-2018 13:12:20 PoolingHttpClientConnectionManager.java DEBUG [Forwarding isElementDisplayed on session e7520d0f6ee7d85781382fd196895de5 to remote] conn.PoolingHttpClientConnectionManager 255 - Connection request: [route: {}-&gt;http://localhost:16677][total kept alive: 0; route allocated: 0 of 2000; total allocated: 0 of 2000]
17-01-2018 13:12:20 PoolingHttpClientConnectionManager.java DEBUG [Forwarding isElementDisplayed on session e7520d0f6ee7d85781382fd196895de5 to remote] conn.PoolingHttpClientConnectionManager 288 - Connection leased: [id: 18][route: {}-&gt;http://localhost:16677][total kept alive: 0; route allocated: 1 of 2000; total allocated: 1 of 2000]
17-01-2018 13:12:20 MainClientExec.java DEBUG [Forwarding isElementDisplayed on session e7520d0f6ee7d85781382fd196895de5 to remote] execchain.MainClientExec 235 - Opening connection {}-&gt;http://localhost:16677
17-01-2018 13:12:20 DefaultHttpClientConnectionOperator.java DEBUG [Forwarding isElementDisplayed on session e7520d0f6ee7d85781382fd196895de5 to remote] conn.DefaultHttpClientConnectionOperator 139 - Connecting to localhost/127.0.0.1:16677
17-01-2018 13:12:20 DefaultHttpClientConnectionOperator.java DEBUG [Forwarding isElementDisplayed on session e7520d0f6ee7d85781382fd196895de5 to remote] conn.DefaultHttpClientConnectionOperator 146 - Connection established 127.0.0.1:64651&lt;-&gt;127.0.0.1:16677
17-01-2018 13:12:20 LoggingManagedHttpClientConnection.java DEBUG [Forwarding isElementDisplayed on session e7520d0f6ee7d85781382fd196895de5 to remote] conn.DefaultManagedHttpClientConnection 88 - http-outgoing-18: set socket timeout to 10800000
17-01-2018 13:12:20 MainClientExec.java DEBUG [Forwarding isElementDisplayed on session e7520d0f6ee7d85781382fd196895de5 to remote] execchain.MainClientExec 256 - Executing request GET /session/e7520d0f6ee7d85781382fd196895de5/element/0.8334041992104928-3/displayed HTTP/1.1
17-01-2018 13:12:20 MainClientExec.java DEBUG [Forwarding isElementDisplayed on session e7520d0f6ee7d85781382fd196895de5 to remote] execchain.MainClientExec 261 - Target auth state: UNCHALLENGED
17-01-2018 13:12:20 MainClientExec.java DEBUG [Forwarding isElementDisplayed on session e7520d0f6ee7d85781382fd196895de5 to remote] execchain.MainClientExec 267 - Proxy auth state: UNCHALLENGED
17-01-2018 13:12:20 LoggingManagedHttpClientConnection.java DEBUG [Forwarding isElementDisplayed on session e7520d0f6ee7d85781382fd196895de5 to remote] http.headers 133 - http-outgoing-18 &gt;&gt; GET /session/e7520d0f6ee7d85781382fd196895de5/element/0.8334041992104928-3/displayed HTTP/1.1
17-01-2018 13:12:20 LoggingManagedHttpClientConnection.java DEBUG [Forwarding isElementDisplayed on session e7520d0f6ee7d85781382fd196895de5 to remote] http.headers 136 - http-outgoing-18 &gt;&gt; Cache-Control: no-cache
17-01-2018 13:12:20 LoggingManagedHttpClientConnection.java DEBUG [Forwarding isElementDisplayed on session e7520d0f6ee7d85781382fd196895de5 to remote] http.headers 136 - http-outgoing-18 &gt;&gt; Host: localhost:16677
17-01-2018 13:12:20 LoggingManagedHttpClientConnection.java DEBUG [Forwarding isElementDisplayed on session e7520d0f6ee7d85781382fd196895de5 to remote] http.headers 136 - http-outgoing-18 &gt;&gt; Connection: Keep-Alive
17-01-2018 13:12:20 LoggingManagedHttpClientConnection.java DEBUG [Forwarding isElementDisplayed on session e7520d0f6ee7d85781382fd196895de5 to remote] http.headers 136 - http-outgoing-18 &gt;&gt; User-Agent: Apache-HttpClient/4.5.3 (Java/9.0.1)
17-01-2018 13:12:20 LoggingManagedHttpClientConnection.java DEBUG [Forwarding isElementDisplayed on session e7520d0f6ee7d85781382fd196895de5 to remote] http.headers 136 - http-outgoing-18 &gt;&gt; Accept-Encoding: gzip,deflate
17-01-2018 13:12:20 Wire.java DEBUG [Forwarding isElementDisplayed on session e7520d0f6ee7d85781382fd196895de5 to remote] http.wire 73 - http-outgoing-18 &gt;&gt; &quot;GET /session/e7520d0f6ee7d85781382fd196895de5/element/0.8334041992104928-3/displayed HTTP/1.1[\r][\n]&quot;
17-01-2018 13:12:20 Wire.java DEBUG [Forwarding isElementDisplayed on session e7520d0f6ee7d85781382fd196895de5 to remote] http.wire 73 - http-outgoing-18 &gt;&gt; &quot;Cache-Control: no-cache[\r][\n]&quot;
17-01-2018 13:12:20 Wire.java DEBUG [Forwarding isElementDisplayed on session e7520d0f6ee7d85781382fd196895de5 to remote] http.wire 73 - http-outgoing-18 &gt;&gt; &quot;Host: localhost:16677[\r][\n]&quot;
17-01-2018 13:12:20 Wire.java DEBUG [Forwarding isElementDisplayed on session e7520d0f6ee7d85781382fd196895de5 to remote] http.wire 73 - http-outgoing-18 &gt;&gt; &quot;Connection: Keep-Alive[\r][\n]&quot;
17-01-2018 13:12:20 Wire.java DEBUG [Forwarding isElementDisplayed on session e7520d0f6ee7d85781382fd196895de5 to remote] http.wire 73 - http-outgoing-18 &gt;&gt; &quot;User-Agent: Apache-HttpClient/4.5.3 (Java/9.0.1)[\r][\n]&quot;
17-01-2018 13:12:20 Wire.java DEBUG [Forwarding isElementDisplayed on session e7520d0f6ee7d85781382fd196895de5 to remote] http.wire 73 - http-outgoing-18 &gt;&gt; &quot;Accept-Encoding: gzip,deflate[\r][\n]&quot;
17-01-2018 13:12:20 Wire.java DEBUG [Forwarding isElementDisplayed on session e7520d0f6ee7d85781382fd196895de5 to remote] http.wire 73 - http-outgoing-18 &gt;&gt; &quot;[\r][\n]&quot;
17-01-2018 13:12:20 Wire.java DEBUG [Forwarding isElementDisplayed on session e7520d0f6ee7d85781382fd196895de5 to remote] http.wire 73 - http-outgoing-18 &lt;&lt; &quot;HTTP/1.1 200 OK[\r][\n]&quot;
17-01-2018 13:12:20 Wire.java DEBUG [Forwarding isElementDisplayed on session e7520d0f6ee7d85781382fd196895de5 to remote] http.wire 73 - http-outgoing-18 &lt;&lt; &quot;Content-Length:72[\r][\n]&quot;
17-01-2018 13:12:20 Wire.java DEBUG [Forwarding isElementDisplayed on session e7520d0f6ee7d85781382fd196895de5 to remote] http.wire 73 - http-outgoing-18 &lt;&lt; &quot;Content-Type:application/json; charset=utf-8[\r][\n]&quot;
17-01-2018 13:12:20 Wire.java DEBUG [Forwarding isElementDisplayed on session e7520d0f6ee7d85781382fd196895de5 to remote] http.wire 73 - http-outgoing-18 &lt;&lt; &quot;Connection:close[\r][\n]&quot;
17-01-2018 13:12:20 Wire.java DEBUG [Forwarding isElementDisplayed on session e7520d0f6ee7d85781382fd196895de5 to remote] http.wire 73 - http-outgoing-18 &lt;&lt; &quot;[\r][\n]&quot;
17-01-2018 13:12:20 Wire.java DEBUG [Forwarding isElementDisplayed on session e7520d0f6ee7d85781382fd196895de5 to remote] http.wire 87 - http-outgoing-18 &lt;&lt; &quot;{&quot;sessionId&quot;:&quot;e7520d0f6ee7d85781382fd196895de5&quot;,&quot;status&quot;:0,&quot;value&quot;:true}&quot;
17-01-2018 13:12:20 LoggingManagedHttpClientConnection.java DEBUG [Forwarding isElementDisplayed on session e7520d0f6ee7d85781382fd196895de5 to remote] http.headers 122 - http-outgoing-18 &lt;&lt; HTTP/1.1 200 OK
17-01-2018 13:12:20 LoggingManagedHttpClientConnection.java DEBUG [Forwarding isElementDisplayed on session e7520d0f6ee7d85781382fd196895de5 to remote] http.headers 125 - http-outgoing-18 &lt;&lt; Content-Length:72
17-01-2018 13:12:20 LoggingManagedHttpClientConnection.java DEBUG [Forwarding isElementDisplayed on session e7520d0f6ee7d85781382fd196895de5 to remote] http.headers 125 - http-outgoing-18 &lt;&lt; Content-Type:application/json; charset=utf-8
17-01-2018 13:12:20 LoggingManagedHttpClientConnection.java DEBUG [Forwarding isElementDisplayed on session e7520d0f6ee7d85781382fd196895de5 to remote] http.headers 125 - http-outgoing-18 &lt;&lt; Connection:close
17-01-2018 13:12:20 LoggingManagedHttpClientConnection.java DEBUG [Forwarding isElementDisplayed on session e7520d0f6ee7d85781382fd196895de5 to remote] conn.DefaultManagedHttpClientConnection 79 - http-outgoing-18: Close connection
17-01-2018 13:12:20 ConnectionHolder.java DEBUG [Forwarding isElementDisplayed on session e7520d0f6ee7d85781382fd196895de5 to remote] execchain.MainClientExec 104 - Connection discarded
17-01-2018 13:12:20 PoolingHttpClientConnectionManager.java DEBUG [Forwarding isElementDisplayed on session e7520d0f6ee7d85781382fd196895de5 to remote] conn.PoolingHttpClientConnectionManager 326 - Connection released: [id: 18][route: {}-&gt;http://localhost:16677][total kept alive: 0; route allocated: 0 of 2000; total allocated: 0 of 2000]
17-01-2018 13:12:20 RequestAddCookies.java DEBUG [Forwarding get on session e7520d0f6ee7d85781382fd196895de5 to remote] protocol.RequestAddCookies 123 - CookieSpec selected: default
17-01-2018 13:12:20 RequestAuthCache.java DEBUG [Forwarding get on session e7520d0f6ee7d85781382fd196895de5 to remote] protocol.RequestAuthCache 77 - Auth cache not set in the context
17-01-2018 13:12:20 PoolingHttpClientConnectionManager.java DEBUG [Forwarding get on session e7520d0f6ee7d85781382fd196895de5 to remote] conn.PoolingHttpClientConnectionManager 255 - Connection request: [route: {}-&gt;http://localhost:16677][total kept alive: 0; route allocated: 0 of 2000; total allocated: 0 of 2000]
17-01-2018 13:12:20 PoolingHttpClientConnectionManager.java DEBUG [Forwarding get on session e7520d0f6ee7d85781382fd196895de5 to remote] conn.PoolingHttpClientConnectionManager 288 - Connection leased: [id: 19][route: {}-&gt;http://localhost:16677][total kept alive: 0; route allocated: 1 of 2000; total allocated: 1 of 2000]
17-01-2018 13:12:20 MainClientExec.java DEBUG [Forwarding get on session e7520d0f6ee7d85781382fd196895de5 to remote] execchain.MainClientExec 235 - Opening connection {}-&gt;http://localhost:16677
17-01-2018 13:12:20 DefaultHttpClientConnectionOperator.java DEBUG [Forwarding get on session e7520d0f6ee7d85781382fd196895de5 to remote] conn.DefaultHttpClientConnectionOperator 139 - Connecting to localhost/127.0.0.1:16677
17-01-2018 13:12:20 DefaultHttpClientConnectionOperator.java DEBUG [Forwarding get on session e7520d0f6ee7d85781382fd196895de5 to remote] conn.DefaultHttpClientConnectionOperator 146 - Connection established 127.0.0.1:64652&lt;-&gt;127.0.0.1:16677
17-01-2018 13:12:20 LoggingManagedHttpClientConnection.java DEBUG [Forwarding get on session e7520d0f6ee7d85781382fd196895de5 to remote] conn.DefaultManagedHttpClientConnection 88 - http-outgoing-19: set socket timeout to 10800000
17-01-2018 13:12:20 MainClientExec.java DEBUG [Forwarding get on session e7520d0f6ee7d85781382fd196895de5 to remote] execchain.MainClientExec 256 - Executing request POST /session/e7520d0f6ee7d85781382fd196895de5/url HTTP/1.1
17-01-2018 13:12:20 MainClientExec.java DEBUG [Forwarding get on session e7520d0f6ee7d85781382fd196895de5 to remote] execchain.MainClientExec 261 - Target auth state: UNCHALLENGED
17-01-2018 13:12:20 MainClientExec.java DEBUG [Forwarding get on session e7520d0f6ee7d85781382fd196895de5 to remote] execchain.MainClientExec 267 - Proxy auth state: UNCHALLENGED
17-01-2018 13:12:20 LoggingManagedHttpClientConnection.java DEBUG [Forwarding get on session e7520d0f6ee7d85781382fd196895de5 to remote] http.headers 133 - http-outgoing-19 &gt;&gt; POST /session/e7520d0f6ee7d85781382fd196895de5/url HTTP/1.1
17-01-2018 13:12:20 LoggingManagedHttpClientConnection.java DEBUG [Forwarding get on session e7520d0f6ee7d85781382fd196895de5 to remote] http.headers 136 - http-outgoing-19 &gt;&gt; Content-Type: application/json; charset=utf-8
17-01-2018 13:12:20 LoggingManagedHttpClientConnection.java DEBUG [Forwarding get on session e7520d0f6ee7d85781382fd196895de5 to remote] http.headers 136 - http-outgoing-19 &gt;&gt; Content-Length: 73
17-01-2018 13:12:20 LoggingManagedHttpClientConnection.java DEBUG [Forwarding get on session e7520d0f6ee7d85781382fd196895de5 to remote] http.headers 136 - http-outgoing-19 &gt;&gt; Host: localhost:16677
17-01-2018 13:12:20 LoggingManagedHttpClientConnection.java DEBUG [Forwarding get on session e7520d0f6ee7d85781382fd196895de5 to remote] http.headers 136 - http-outgoing-19 &gt;&gt; Connection: Keep-Alive
17-01-2018 13:12:20 LoggingManagedHttpClientConnection.java DEBUG [Forwarding get on session e7520d0f6ee7d85781382fd196895de5 to remote] http.headers 136 - http-outgoing-19 &gt;&gt; User-Agent: Apache-HttpClient/4.5.3 (Java/9.0.1)
17-01-2018 13:12:20 LoggingManagedHttpClientConnection.java DEBUG [Forwarding get on session e7520d0f6ee7d85781382fd196895de5 to remote] http.headers 136 - http-outgoing-19 &gt;&gt; Accept-Encoding: gzip,deflate
17-01-2018 13:12:20 Wire.java DEBUG [Forwarding get on session e7520d0f6ee7d85781382fd196895de5 to remote] http.wire 73 - http-outgoing-19 &gt;&gt; &quot;POST /session/e7520d0f6ee7d85781382fd196895de5/url HTTP/1.1[\r][\n]&quot;
17-01-2018 13:12:20 Wire.java DEBUG [Forwarding get on session e7520d0f6ee7d85781382fd196895de5 to remote] http.wire 73 - http-outgoing-19 &gt;&gt; &quot;Content-Type: application/json; charset=utf-8[\r][\n]&quot;
17-01-2018 13:12:20 Wire.java DEBUG [Forwarding get on session e7520d0f6ee7d85781382fd196895de5 to remote] http.wire 73 - http-outgoing-19 &gt;&gt; &quot;Content-Length: 73[\r][\n]&quot;
17-01-2018 13:12:20 Wire.java DEBUG [Forwarding get on session e7520d0f6ee7d85781382fd196895de5 to remote] http.wire 73 - http-outgoing-19 &gt;&gt; &quot;Host: localhost:16677[\r][\n]&quot;
17-01-2018 13:12:20 Wire.java DEBUG [Forwarding get on session e7520d0f6ee7d85781382fd196895de5 to remote] http.wire 73 - http-outgoing-19 &gt;&gt; &quot;Connection: Keep-Alive[\r][\n]&quot;
17-01-2018 13:12:20 Wire.java DEBUG [Forwarding get on session e7520d0f6ee7d85781382fd196895de5 to remote] http.wire 73 - http-outgoing-19 &gt;&gt; &quot;User-Agent: Apache-HttpClient/4.5.3 (Java/9.0.1)[\r][\n]&quot;
17-01-2018 13:12:20 Wire.java DEBUG [Forwarding get on session e7520d0f6ee7d85781382fd196895de5 to remote] http.wire 73 - http-outgoing-19 &gt;&gt; &quot;Accept-Encoding: gzip,deflate[\r][\n]&quot;
17-01-2018 13:12:20 Wire.java DEBUG [Forwarding get on session e7520d0f6ee7d85781382fd196895de5 to remote] http.wire 73 - http-outgoing-19 &gt;&gt; &quot;[\r][\n]&quot;
17-01-2018 13:12:20 Wire.java DEBUG [Forwarding get on session e7520d0f6ee7d85781382fd196895de5 to remote] http.wire 87 - http-outgoing-19 &gt;&gt; &quot;{&quot;url&quot;:&quot;http://seller.qa4.industrybuying.com/seller/#/app/po-detail/365&quot;}&quot;
17-01-2018 13:12:20 Wire.java DEBUG [Forwarding get on session e7520d0f6ee7d85781382fd196895de5 to remote] http.wire 73 - http-outgoing-19 &lt;&lt; &quot;HTTP/1.1 200 OK[\r][\n]&quot;
17-01-2018 13:12:20 Wire.java DEBUG [Forwarding get on session e7520d0f6ee7d85781382fd196895de5 to remote] http.wire 73 - http-outgoing-19 &lt;&lt; &quot;Content-Length:72[\r][\n]&quot;
17-01-2018 13:12:20 Wire.java DEBUG [Forwarding get on session e7520d0f6ee7d85781382fd196895de5 to remote] http.wire 73 - http-outgoing-19 &lt;&lt; &quot;Content-Type:application/json; charset=utf-8[\r][\n]&quot;
17-01-2018 13:12:20 Wire.java DEBUG [Forwarding get on session e7520d0f6ee7d85781382fd196895de5 to remote] http.wire 73 - http-outgoing-19 &lt;&lt; &quot;Connection:close[\r][\n]&quot;
17-01-2018 13:12:20 Wire.java DEBUG [Forwarding get on session e7520d0f6ee7d85781382fd196895de5 to remote] http.wire 73 - http-outgoing-19 &lt;&lt; &quot;[\r][\n]&quot;
17-01-2018 13:12:20 Wire.java DEBUG [Forwarding get on session e7520d0f6ee7d85781382fd196895de5 to remote] http.wire 87 - http-outgoing-19 &lt;&lt; &quot;{&quot;sessionId&quot;:&quot;e7520d0f6ee7d85781382fd196895de5&quot;,&quot;status&quot;:0,&quot;value&quot;:null}&quot;
17-01-2018 13:12:20 LoggingManagedHttpClientConnection.java DEBUG [Forwarding get on session e7520d0f6ee7d85781382fd196895de5 to remote] http.headers 122 - http-outgoing-19 &lt;&lt; HTTP/1.1 200 OK
17-01-2018 13:12:20 LoggingManagedHttpClientConnection.java DEBUG [Forwarding get on session e7520d0f6ee7d85781382fd196895de5 to remote] http.headers 125 - http-outgoing-19 &lt;&lt; Content-Length:72
17-01-2018 13:12:20 LoggingManagedHttpClientConnection.java DEBUG [Forwarding get on session e7520d0f6ee7d85781382fd196895de5 to remote] http.headers 125 - http-outgoing-19 &lt;&lt; Content-Type:application/json; charset=utf-8
17-01-2018 13:12:20 LoggingManagedHttpClientConnection.java DEBUG [Forwarding get on session e7520d0f6ee7d85781382fd196895de5 to remote] http.headers 125 - http-outgoing-19 &lt;&lt; Connection:close
17-01-2018 13:12:20 LoggingManagedHttpClientConnection.java DEBUG [Forwarding get on session e7520d0f6ee7d85781382fd196895de5 to remote] conn.DefaultManagedHttpClientConnection 79 - http-outgoing-19: Close connection
17-01-2018 13:12:20 ConnectionHolder.java DEBUG [Forwarding get on session e7520d0f6ee7d85781382fd196895de5 to remote] execchain.MainClientExec 104 - Connection discarded
17-01-2018 13:12:20 PoolingHttpClientConnectionManager.java DEBUG [Forwarding get on session e7520d0f6ee7d85781382fd196895de5 to remote] conn.PoolingHttpClientConnectionManager 326 - Connection released: [id: 19][route: {}-&gt;http://localhost:16677][total kept alive: 0; route allocated: 0 of 2000; total allocated: 0 of 2000]
17-01-2018 13:12:20 RequestAddCookies.java DEBUG [Forwarding findElement on session e7520d0f6ee7d85781382fd196895de5 to remote] protocol.RequestAddCookies 123 - CookieSpec selected: default
17-01-2018 13:12:20 RequestAuthCache.java DEBUG [Forwarding findElement on session e7520d0f6ee7d85781382fd196895de5 to remote] protocol.RequestAuthCache 77 - Auth cache not set in the context
17-01-2018 13:12:20 PoolingHttpClientConnectionManager.java DEBUG [Forwarding findElement on session e7520d0f6ee7d85781382fd196895de5 to remote] conn.PoolingHttpClientConnectionManager 255 - Connection request: [route: {}-&gt;http://localhost:16677][total kept alive: 0; route allocated: 0 of 2000; total allocated: 0 of 2000]
17-01-2018 13:12:20 PoolingHttpClientConnectionManager.java DEBUG [Forwarding findElement on session e7520d0f6ee7d85781382fd196895de5 to remote] conn.PoolingHttpClientConnectionManager 288 - Connection leased: [id: 20][route: {}-&gt;http://localhost:16677][total kept alive: 0; route allocated: 1 of 2000; total allocated: 1 of 2000]
17-01-2018 13:12:20 MainClientExec.java DEBUG [Forwarding findElement on session e7520d0f6ee7d85781382fd196895de5 to remote] execchain.MainClientExec 235 - Opening connection {}-&gt;http://localhost:16677
17-01-2018 13:12:20 DefaultHttpClientConnectionOperator.java DEBUG [Forwarding findElement on session e7520d0f6ee7d85781382fd196895de5 to remote] conn.DefaultHttpClientConnectionOperator 139 - Connecting to localhost/127.0.0.1:16677
17-01-2018 13:12:20 DefaultHttpClientConnectionOperator.java DEBUG [Forwarding findElement on session e7520d0f6ee7d85781382fd196895de5 to remote] conn.DefaultHttpClientConnectionOperator 146 - Connection established 127.0.0.1:64656&lt;-&gt;127.0.0.1:16677
17-01-2018 13:12:20 LoggingManagedHttpClientConnection.java DEBUG [Forwarding findElement on session e7520d0f6ee7d85781382fd196895de5 to remote] conn.DefaultManagedHttpClientConnection 88 - http-outgoing-20: set socket timeout to 10800000
17-01-2018 13:12:20 MainClientExec.java DEBUG [Forwarding findElement on session e7520d0f6ee7d85781382fd196895de5 to remote] execchain.MainClientExec 256 - Executing request POST /session/e7520d0f6ee7d85781382fd196895de5/element HTTP/1.1
17-01-2018 13:12:20 MainClientExec.java DEBUG [Forwarding findElement on session e7520d0f6ee7d85781382fd196895de5 to remote] execchain.MainClientExec 261 - Target auth state: UNCHALLENGED
17-01-2018 13:12:20 MainClientExec.java DEBUG [Forwarding findElement on session e7520d0f6ee7d85781382fd196895de5 to remote] execchain.MainClientExec 267 - Proxy auth state: UNCHALLENGED
17-01-2018 13:12:20 LoggingManagedHttpClientConnection.java DEBUG [Forwarding findElement on session e7520d0f6ee7d85781382fd196895de5 to remote] http.headers 133 - http-outgoing-20 &gt;&gt; POST /session/e7520d0f6ee7d85781382fd196895de5/element HTTP/1.1
17-01-2018 13:12:20 LoggingManagedHttpClientConnection.java DEBUG [Forwarding findElement on session e7520d0f6ee7d85781382fd196895de5 to remote] http.headers 136 - http-outgoing-20 &gt;&gt; Content-Type: application/json; charset=utf-8
17-01-2018 13:12:20 LoggingManagedHttpClientConnection.java DEBUG [Forwarding findElement on session e7520d0f6ee7d85781382fd196895de5 to remote] http.headers 136 - http-outgoing-20 &gt;&gt; Content-Length: 71
17-01-2018 13:12:20 LoggingManagedHttpClientConnection.java DEBUG [Forwarding findElement on session e7520d0f6ee7d85781382fd196895de5 to remote] http.headers 136 - http-outgoing-20 &gt;&gt; Host: localhost:16677
17-01-2018 13:12:20 LoggingManagedHttpClientConnection.java DEBUG [Forwarding findElement on session e7520d0f6ee7d85781382fd196895de5 to remote] http.headers 136 - http-outgoing-20 &gt;&gt; Connection: Keep-Alive
17-01-2018 13:12:20 LoggingManagedHttpClientConnection.java DEBUG [Forwarding findElement on session e7520d0f6ee7d85781382fd196895de5 to remote] http.headers 136 - http-outgoing-20 &gt;&gt; User-Agent: Apache-HttpClient/4.5.3 (Java/9.0.1)
17-01-2018 13:12:20 LoggingManagedHttpClientConnection.java DEBUG [Forwarding findElement on session e7520d0f6ee7d85781382fd196895de5 to remote] http.headers 136 - http-outgoing-20 &gt;&gt; Accept-Encoding: gzip,deflate
17-01-2018 13:12:20 Wire.java DEBUG [Forwarding findElement on session e7520d0f6ee7d85781382fd196895de5 to remote] http.wire 73 - http-outgoing-20 &gt;&gt; &quot;POST /session/e7520d0f6ee7d85781382fd196895de5/element HTTP/1.1[\r][\n]&quot;
17-01-2018 13:12:20 Wire.java DEBUG [Forwarding findElement on session e7520d0f6ee7d85781382fd196895de5 to remote] http.wire 73 - http-outgoing-20 &gt;&gt; &quot;Content-Type: application/json; charset=utf-8[\r][\n]&quot;
17-01-2018 13:12:20 Wire.java DEBUG [Forwarding findElement on session e7520d0f6ee7d85781382fd196895de5 to remote] http.wire 73 - http-outgoing-20 &gt;&gt; &quot;Content-Length: 71[\r][\n]&quot;
17-01-2018 13:12:20 Wire.java DEBUG [Forwarding findElement on session e7520d0f6ee7d85781382fd196895de5 to remote] http.wire 73 - http-outgoing-20 &gt;&gt; &quot;Host: localhost:16677[\r][\n]&quot;
17-01-2018 13:12:20 Wire.java DEBUG [Forwarding findElement on session e7520d0f6ee7d85781382fd196895de5 to remote] http.wire 73 - http-outgoing-20 &gt;&gt; &quot;Connection: Keep-Alive[\r][\n]&quot;
17-01-2018 13:12:20 Wire.java DEBUG [Forwarding findElement on session e7520d0f6ee7d85781382fd196895de5 to remote] http.wire 73 - http-outgoing-20 &gt;&gt; &quot;User-Agent: Apache-HttpClient/4.5.3 (Java/9.0.1)[\r][\n]&quot;
17-01-2018 13:12:20 Wire.java DEBUG [Forwarding findElement on session e7520d0f6ee7d85781382fd196895de5 to remote] http.wire 73 - http-outgoing-20 &gt;&gt; &quot;Accept-Encoding: gzip,deflate[\r][\n]&quot;
17-01-2018 13:12:20 Wire.java DEBUG [Forwarding findElement on session e7520d0f6ee7d85781382fd196895de5 to remote] http.wire 73 - http-outgoing-20 &gt;&gt; &quot;[\r][\n]&quot;
17-01-2018 13:12:20 Wire.java DEBUG [Forwarding findElement on session e7520d0f6ee7d85781382fd196895de5 to remote] http.wire 87 - http-outgoing-20 &gt;&gt; &quot;{&quot;using&quot;:&quot;xpath&quot;,&quot;value&quot;:&quot;//*[contains(text(),\u0027PO Detail\u0027)]&quot;}&quot;
17-01-2018 13:12:23 Wire.java DEBUG [Forwarding findElement on session e7520d0f6ee7d85781382fd196895de5 to remote] http.wire 73 - http-outgoing-20 &lt;&lt; &quot;HTTP/1.1 200 OK[\r][\n]&quot;
17-01-2018 13:12:23 Wire.java DEBUG [Forwarding findElement on session e7520d0f6ee7d85781382fd196895de5 to remote] http.wire 73 - http-outgoing-20 &lt;&lt; &quot;Content-Length:102[\r][\n]&quot;
17-01-2018 13:12:23 Wire.java DEBUG [Forwarding findElement on session e7520d0f6ee7d85781382fd196895de5 to remote] http.wire 73 - http-outgoing-20 &lt;&lt; &quot;Content-Type:application/json; charset=utf-8[\r][\n]&quot;
17-01-2018 13:12:23 Wire.java DEBUG [Forwarding findElement on session e7520d0f6ee7d85781382fd196895de5 to remote] http.wire 73 - http-outgoing-20 &lt;&lt; &quot;Connection:close[\r][\n]&quot;
17-01-2018 13:12:23 Wire.java DEBUG [Forwarding findElement on session e7520d0f6ee7d85781382fd196895de5 to remote] http.wire 73 - http-outgoing-20 &lt;&lt; &quot;[\r][\n]&quot;
17-01-2018 13:12:23 Wire.java DEBUG [Forwarding findElement on session e7520d0f6ee7d85781382fd196895de5 to remote] http.wire 87 - http-outgoing-20 &lt;&lt; &quot;{&quot;sessionId&quot;:&quot;e7520d0f6ee7d85781382fd196895de5&quot;,&quot;status&quot;:0,&quot;value&quot;:{&quot;ELEMENT&quot;:&quot;0.8334041992104928-4&quot;}}&quot;
17-01-2018 13:12:23 LoggingManagedHttpClientConnection.java DEBUG [Forwarding findElement on session e7520d0f6ee7d85781382fd196895de5 to remote] http.headers 122 - http-outgoing-20 &lt;&lt; HTTP/1.1 200 OK
17-01-2018 13:12:23 LoggingManagedHttpClientConnection.java DEBUG [Forwarding findElement on session e7520d0f6ee7d85781382fd196895de5 to remote] http.headers 125 - http-outgoing-20 &lt;&lt; Content-Length:102
17-01-2018 13:12:23 LoggingManagedHttpClientConnection.java DEBUG [Forwarding findElement on session e7520d0f6ee7d85781382fd196895de5 to remote] http.headers 125 - http-outgoing-20 &lt;&lt; Content-Type:application/json; charset=utf-8
17-01-2018 13:12:23 LoggingManagedHttpClientConnection.java DEBUG [Forwarding findElement on session e7520d0f6ee7d85781382fd196895de5 to remote] http.headers 125 - http-outgoing-20 &lt;&lt; Connection:close
17-01-2018 13:12:23 LoggingManagedHttpClientConnection.java DEBUG [Forwarding findElement on session e7520d0f6ee7d85781382fd196895de5 to remote] conn.DefaultManagedHttpClientConnection 79 - http-outgoing-20: Close connection
17-01-2018 13:12:23 ConnectionHolder.java DEBUG [Forwarding findElement on session e7520d0f6ee7d85781382fd196895de5 to remote] execchain.MainClientExec 104 - Connection discarded
17-01-2018 13:12:23 PoolingHttpClientConnectionManager.java DEBUG [Forwarding findElement on session e7520d0f6ee7d85781382fd196895de5 to remote] conn.PoolingHttpClientConnectionManager 326 - Connection released: [id: 20][route: {}-&gt;http://localhost:16677][total kept alive: 0; route allocated: 0 of 2000; total allocated: 0 of 2000]
17-01-2018 13:12:23 RequestAddCookies.java DEBUG [Forwarding isElementDisplayed on session e7520d0f6ee7d85781382fd196895de5 to remote] protocol.RequestAddCookies 123 - CookieSpec selected: default
17-01-2018 13:12:23 RequestAuthCache.java DEBUG [Forwarding isElementDisplayed on session e7520d0f6ee7d85781382fd196895de5 to remote] protocol.RequestAuthCache 77 - Auth cache not set in the context
17-01-2018 13:12:23 PoolingHttpClientConnectionManager.java DEBUG [Forwarding isElementDisplayed on session e7520d0f6ee7d85781382fd196895de5 to remote] conn.PoolingHttpClientConnectionManager 255 - Connection request: [route: {}-&gt;http://localhost:16677][total kept alive: 0; route allocated: 0 of 2000; total allocated: 0 of 2000]
17-01-2018 13:12:23 PoolingHttpClientConnectionManager.java DEBUG [Forwarding isElementDisplayed on session e7520d0f6ee7d85781382fd196895de5 to remote] conn.PoolingHttpClientConnectionManager 288 - Connection leased: [id: 21][route: {}-&gt;http://localhost:16677][total kept alive: 0; route allocated: 1 of 2000; total allocated: 1 of 2000]
17-01-2018 13:12:23 MainClientExec.java DEBUG [Forwarding isElementDisplayed on session e7520d0f6ee7d85781382fd196895de5 to remote] execchain.MainClientExec 235 - Opening connection {}-&gt;http://localhost:16677
17-01-2018 13:12:23 DefaultHttpClientConnectionOperator.java DEBUG [Forwarding isElementDisplayed on session e7520d0f6ee7d85781382fd196895de5 to remote] conn.DefaultHttpClientConnectionOperator 139 - Connecting to localhost/127.0.0.1:16677
17-01-2018 13:12:23 DefaultHttpClientConnectionOperator.java DEBUG [Forwarding isElementDisplayed on session e7520d0f6ee7d85781382fd196895de5 to remote] conn.DefaultHttpClientConnectionOperator 146 - Connection established 127.0.0.1:64658&lt;-&gt;127.0.0.1:16677
17-01-2018 13:12:23 LoggingManagedHttpClientConnection.java DEBUG [Forwarding isElementDisplayed on session e7520d0f6ee7d85781382fd196895de5 to remote] conn.DefaultManagedHttpClientConnection 88 - http-outgoing-21: set socket timeout to 10800000
17-01-2018 13:12:23 MainClientExec.java DEBUG [Forwarding isElementDisplayed on session e7520d0f6ee7d85781382fd196895de5 to remote] execchain.MainClientExec 256 - Executing request GET /session/e7520d0f6ee7d85781382fd196895de5/element/0.8334041992104928-4/displayed HTTP/1.1
17-01-2018 13:12:23 MainClientExec.java DEBUG [Forwarding isElementDisplayed on session e7520d0f6ee7d85781382fd196895de5 to remote] execchain.MainClientExec 261 - Target auth state: UNCHALLENGED
17-01-2018 13:12:23 MainClientExec.java DEBUG [Forwarding isElementDisplayed on session e7520d0f6ee7d85781382fd196895de5 to remote] execchain.MainClientExec 267 - Proxy auth state: UNCHALLENGED
17-01-2018 13:12:23 LoggingManagedHttpClientConnection.java DEBUG [Forwarding isElementDisplayed on session e7520d0f6ee7d85781382fd196895de5 to remote] http.headers 133 - http-outgoing-21 &gt;&gt; GET /session/e7520d0f6ee7d85781382fd196895de5/element/0.8334041992104928-4/displayed HTTP/1.1
17-01-2018 13:12:23 LoggingManagedHttpClientConnection.java DEBUG [Forwarding isElementDisplayed on session e7520d0f6ee7d85781382fd196895de5 to remote] http.headers 136 - http-outgoing-21 &gt;&gt; Cache-Control: no-cache
17-01-2018 13:12:23 LoggingManagedHttpClientConnection.java DEBUG [Forwarding isElementDisplayed on session e7520d0f6ee7d85781382fd196895de5 to remote] http.headers 136 - http-outgoing-21 &gt;&gt; Host: localhost:16677
17-01-2018 13:12:23 LoggingManagedHttpClientConnection.java DEBUG [Forwarding isElementDisplayed on session e7520d0f6ee7d85781382fd196895de5 to remote] http.headers 136 - http-outgoing-21 &gt;&gt; Connection: Keep-Alive
17-01-2018 13:12:23 LoggingManagedHttpClientConnection.java DEBUG [Forwarding isElementDisplayed on session e7520d0f6ee7d85781382fd196895de5 to remote] http.headers 136 - http-outgoing-21 &gt;&gt; User-Agent: Apache-HttpClient/4.5.3 (Java/9.0.1)
17-01-2018 13:12:23 LoggingManagedHttpClientConnection.java DEBUG [Forwarding isElementDisplayed on session e7520d0f6ee7d85781382fd196895de5 to remote] http.headers 136 - http-outgoing-21 &gt;&gt; Accept-Encoding: gzip,deflate
17-01-2018 13:12:23 Wire.java DEBUG [Forwarding isElementDisplayed on session e7520d0f6ee7d85781382fd196895de5 to remote] http.wire 73 - http-outgoing-21 &gt;&gt; &quot;GET /session/e7520d0f6ee7d85781382fd196895de5/element/0.8334041992104928-4/displayed HTTP/1.1[\r][\n]&quot;
17-01-2018 13:12:23 Wire.java DEBUG [Forwarding isElementDisplayed on session e7520d0f6ee7d85781382fd196895de5 to remote] http.wire 73 - http-outgoing-21 &gt;&gt; &quot;Cache-Control: no-cache[\r][\n]&quot;
17-01-2018 13:12:23 Wire.java DEBUG [Forwarding isElementDisplayed on session e7520d0f6ee7d85781382fd196895de5 to remote] http.wire 73 - http-outgoing-21 &gt;&gt; &quot;Host: localhost:16677[\r][\n]&quot;
17-01-2018 13:12:23 Wire.java DEBUG [Forwarding isElementDisplayed on session e7520d0f6ee7d85781382fd196895de5 to remote] http.wire 73 - http-outgoing-21 &gt;&gt; &quot;Connection: Keep-Alive[\r][\n]&quot;
17-01-2018 13:12:23 Wire.java DEBUG [Forwarding isElementDisplayed on session e7520d0f6ee7d85781382fd196895de5 to remote] http.wire 73 - http-outgoing-21 &gt;&gt; &quot;User-Agent: Apache-HttpClient/4.5.3 (Java/9.0.1)[\r][\n]&quot;
17-01-2018 13:12:23 Wire.java DEBUG [Forwarding isElementDisplayed on session e7520d0f6ee7d85781382fd196895de5 to remote] http.wire 73 - http-outgoing-21 &gt;&gt; &quot;Accept-Encoding: gzip,deflate[\r][\n]&quot;
17-01-2018 13:12:23 Wire.java DEBUG [Forwarding isElementDisplayed on session e7520d0f6ee7d85781382fd196895de5 to remote] http.wire 73 - http-outgoing-21 &gt;&gt; &quot;[\r][\n]&quot;
17-01-2018 13:12:23 Wire.java DEBUG [Forwarding isElementDisplayed on session e7520d0f6ee7d85781382fd196895de5 to remote] http.wire 73 - http-outgoing-21 &lt;&lt; &quot;HTTP/1.1 200 OK[\r][\n]&quot;
17-01-2018 13:12:23 Wire.java DEBUG [Forwarding isElementDisplayed on session e7520d0f6ee7d85781382fd196895de5 to remote] http.wire 73 - http-outgoing-21 &lt;&lt; &quot;Content-Length:72[\r][\n]&quot;
17-01-2018 13:12:23 Wire.java DEBUG [Forwarding isElementDisplayed on session e7520d0f6ee7d85781382fd196895de5 to remote] http.wire 73 - http-outgoing-21 &lt;&lt; &quot;Content-Type:application/json; charset=utf-8[\r][\n]&quot;
17-01-2018 13:12:23 Wire.java DEBUG [Forwarding isElementDisplayed on session e7520d0f6ee7d85781382fd196895de5 to remote] http.wire 73 - http-outgoing-21 &lt;&lt; &quot;Connection:close[\r][\n]&quot;
17-01-2018 13:12:23 Wire.java DEBUG [Forwarding isElementDisplayed on session e7520d0f6ee7d85781382fd196895de5 to remote] http.wire 73 - http-outgoing-21 &lt;&lt; &quot;[\r][\n]&quot;
17-01-2018 13:12:23 Wire.java DEBUG [Forwarding isElementDisplayed on session e7520d0f6ee7d85781382fd196895de5 to remote] http.wire 87 - http-outgoing-21 &lt;&lt; &quot;{&quot;sessionId&quot;:&quot;e7520d0f6ee7d85781382fd196895de5&quot;,&quot;status&quot;:0,&quot;value&quot;:true}&quot;
17-01-2018 13:12:23 LoggingManagedHttpClientConnection.java DEBUG [Forwarding isElementDisplayed on session e7520d0f6ee7d85781382fd196895de5 to remote] http.headers 122 - http-outgoing-21 &lt;&lt; HTTP/1.1 200 OK
17-01-2018 13:12:23 LoggingManagedHttpClientConnection.java DEBUG [Forwarding isElementDisplayed on session e7520d0f6ee7d85781382fd196895de5 to remote] http.headers 125 - http-outgoing-21 &lt;&lt; Content-Length:72
17-01-2018 13:12:23 LoggingManagedHttpClientConnection.java DEBUG [Forwarding isElementDisplayed on session e7520d0f6ee7d85781382fd196895de5 to remote] http.headers 125 - http-outgoing-21 &lt;&lt; Content-Type:application/json; charset=utf-8
17-01-2018 13:12:23 LoggingManagedHttpClientConnection.java DEBUG [Forwarding isElementDisplayed on session e7520d0f6ee7d85781382fd196895de5 to remote] http.headers 125 - http-outgoing-21 &lt;&lt; Connection:close
17-01-2018 13:12:23 LoggingManagedHttpClientConnection.java DEBUG [Forwarding isElementDisplayed on session e7520d0f6ee7d85781382fd196895de5 to remote] conn.DefaultManagedHttpClientConnection 79 - http-outgoing-21: Close connection
17-01-2018 13:12:23 ConnectionHolder.java DEBUG [Forwarding isElementDisplayed on session e7520d0f6ee7d85781382fd196895de5 to remote] execchain.MainClientExec 104 - Connection discarded
17-01-2018 13:12:23 PoolingHttpClientConnectionManager.java DEBUG [Forwarding isElementDisplayed on session e7520d0f6ee7d85781382fd196895de5 to remote] conn.PoolingHttpClientConnectionManager 326 - Connection released: [id: 21][route: {}-&gt;http://localhost:16677][total kept alive: 0; route allocated: 0 of 2000; total allocated: 0 of 2000]
17-01-2018 13:12:23 RequestAddCookies.java DEBUG [Forwarding findElement on session e7520d0f6ee7d85781382fd196895de5 to remote] protocol.RequestAddCookies 123 - CookieSpec selected: default
17-01-2018 13:12:23 RequestAuthCache.java DEBUG [Forwarding findElement on session e7520d0f6ee7d85781382fd196895de5 to remote] protocol.RequestAuthCache 77 - Auth cache not set in the context
17-01-2018 13:12:23 PoolingHttpClientConnectionManager.java DEBUG [Forwarding findElement on session e7520d0f6ee7d85781382fd196895de5 to remote] conn.PoolingHttpClientConnectionManager 255 - Connection request: [route: {}-&gt;http://localhost:16677][total kept alive: 0; route allocated: 0 of 2000; total allocated: 0 of 2000]
17-01-2018 13:12:23 PoolingHttpClientConnectionManager.java DEBUG [Forwarding findElement on session e7520d0f6ee7d85781382fd196895de5 to remote] conn.PoolingHttpClientConnectionManager 288 - Connection leased: [id: 22][route: {}-&gt;http://localhost:16677][total kept alive: 0; route allocated: 1 of 2000; total allocated: 1 of 2000]
17-01-2018 13:12:23 MainClientExec.java DEBUG [Forwarding findElement on session e7520d0f6ee7d85781382fd196895de5 to remote] execchain.MainClientExec 235 - Opening connection {}-&gt;http://localhost:16677
17-01-2018 13:12:23 DefaultHttpClientConnectionOperator.java DEBUG [Forwarding findElement on session e7520d0f6ee7d85781382fd196895de5 to remote] conn.DefaultHttpClientConnectionOperator 139 - Connecting to localhost/127.0.0.1:16677
17-01-2018 13:12:23 DefaultHttpClientConnectionOperator.java DEBUG [Forwarding findElement on session e7520d0f6ee7d85781382fd196895de5 to remote] conn.DefaultHttpClientConnectionOperator 146 - Connection established 127.0.0.1:64660&lt;-&gt;127.0.0.1:16677
17-01-2018 13:12:23 LoggingManagedHttpClientConnection.java DEBUG [Forwarding findElement on session e7520d0f6ee7d85781382fd196895de5 to remote] conn.DefaultManagedHttpClientConnection 88 - http-outgoing-22: set socket timeout to 10800000
17-01-2018 13:12:23 MainClientExec.java DEBUG [Forwarding findElement on session e7520d0f6ee7d85781382fd196895de5 to remote] execchain.MainClientExec 256 - Executing request POST /session/e7520d0f6ee7d85781382fd196895de5/element HTTP/1.1
17-01-2018 13:12:23 MainClientExec.java DEBUG [Forwarding findElement on session e7520d0f6ee7d85781382fd196895de5 to remote] execchain.MainClientExec 261 - Target auth state: UNCHALLENGED
17-01-2018 13:12:23 MainClientExec.java DEBUG [Forwarding findElement on session e7520d0f6ee7d85781382fd196895de5 to remote] execchain.MainClientExec 267 - Proxy auth state: UNCHALLENGED
17-01-2018 13:12:23 LoggingManagedHttpClientConnection.java DEBUG [Forwarding findElement on session e7520d0f6ee7d85781382fd196895de5 to remote] http.headers 133 - http-outgoing-22 &gt;&gt; POST /session/e7520d0f6ee7d85781382fd196895de5/element HTTP/1.1
17-01-2018 13:12:23 LoggingManagedHttpClientConnection.java DEBUG [Forwarding findElement on session e7520d0f6ee7d85781382fd196895de5 to remote] http.headers 136 - http-outgoing-22 &gt;&gt; Content-Type: application/json; charset=utf-8
17-01-2018 13:12:23 LoggingManagedHttpClientConnection.java DEBUG [Forwarding findElement on session e7520d0f6ee7d85781382fd196895de5 to remote] http.headers 136 - http-outgoing-22 &gt;&gt; Content-Length: 73
17-01-2018 13:12:23 LoggingManagedHttpClientConnection.java DEBUG [Forwarding findElement on session e7520d0f6ee7d85781382fd196895de5 to remote] http.headers 136 - http-outgoing-22 &gt;&gt; Host: localhost:16677
17-01-2018 13:12:23 LoggingManagedHttpClientConnection.java DEBUG [Forwarding findElement on session e7520d0f6ee7d85781382fd196895de5 to remote] http.headers 136 - http-outgoing-22 &gt;&gt; Connection: Keep-Alive
17-01-2018 13:12:23 LoggingManagedHttpClientConnection.java DEBUG [Forwarding findElement on session e7520d0f6ee7d85781382fd196895de5 to remote] http.headers 136 - http-outgoing-22 &gt;&gt; User-Agent: Apache-HttpClient/4.5.3 (Java/9.0.1)
17-01-2018 13:12:23 LoggingManagedHttpClientConnection.java DEBUG [Forwarding findElement on session e7520d0f6ee7d85781382fd196895de5 to remote] http.headers 136 - http-outgoing-22 &gt;&gt; Accept-Encoding: gzip,deflate
17-01-2018 13:12:23 Wire.java DEBUG [Forwarding findElement on session e7520d0f6ee7d85781382fd196895de5 to remote] http.wire 73 - http-outgoing-22 &gt;&gt; &quot;POST /session/e7520d0f6ee7d85781382fd196895de5/element HTTP/1.1[\r][\n]&quot;
17-01-2018 13:12:23 Wire.java DEBUG [Forwarding findElement on session e7520d0f6ee7d85781382fd196895de5 to remote] http.wire 73 - http-outgoing-22 &gt;&gt; &quot;Content-Type: application/json; charset=utf-8[\r][\n]&quot;
17-01-2018 13:12:23 Wire.java DEBUG [Forwarding findElement on session e7520d0f6ee7d85781382fd196895de5 to remote] http.wire 73 - http-outgoing-22 &gt;&gt; &quot;Content-Length: 73[\r][\n]&quot;
17-01-2018 13:12:23 Wire.java DEBUG [Forwarding findElement on session e7520d0f6ee7d85781382fd196895de5 to remote] http.wire 73 - http-outgoing-22 &gt;&gt; &quot;Host: localhost:16677[\r][\n]&quot;
17-01-2018 13:12:23 Wire.java DEBUG [Forwarding findElement on session e7520d0f6ee7d85781382fd196895de5 to remote] http.wire 73 - http-outgoing-22 &gt;&gt; &quot;Connection: Keep-Alive[\r][\n]&quot;
17-01-2018 13:12:23 Wire.java DEBUG [Forwarding findElement on session e7520d0f6ee7d85781382fd196895de5 to remote] http.wire 73 - http-outgoing-22 &gt;&gt; &quot;User-Agent: Apache-HttpClient/4.5.3 (Java/9.0.1)[\r][\n]&quot;
17-01-2018 13:12:23 Wire.java DEBUG [Forwarding findElement on session e7520d0f6ee7d85781382fd196895de5 to remote] http.wire 73 - http-outgoing-22 &gt;&gt; &quot;Accept-Encoding: gzip,deflate[\r][\n]&quot;
17-01-2018 13:12:23 Wire.java DEBUG [Forwarding findElement on session e7520d0f6ee7d85781382fd196895de5 to remote] http.wire 73 - http-outgoing-22 &gt;&gt; &quot;[\r][\n]&quot;
17-01-2018 13:12:23 Wire.java DEBUG [Forwarding findElement on session e7520d0f6ee7d85781382fd196895de5 to remote] http.wire 87 - http-outgoing-22 &gt;&gt; &quot;{&quot;using&quot;:&quot;xpath&quot;,&quot;value&quot;:&quot;//*[@class\u003d\u0027btn btn-default \u0027]&quot;}&quot;
17-01-2018 13:12:24 Wire.java DEBUG [Forwarding findElement on session e7520d0f6ee7d85781382fd196895de5 to remote] http.wire 73 - http-outgoing-22 &lt;&lt; &quot;HTTP/1.1 200 OK[\r][\n]&quot;
17-01-2018 13:12:24 Wire.java DEBUG [Forwarding findElement on session e7520d0f6ee7d85781382fd196895de5 to remote] http.wire 73 - http-outgoing-22 &lt;&lt; &quot;Content-Length:102[\r][\n]&quot;
17-01-2018 13:12:24 Wire.java DEBUG [Forwarding findElement on session e7520d0f6ee7d85781382fd196895de5 to remote] http.wire 73 - http-outgoing-22 &lt;&lt; &quot;Content-Type:application/json; charset=utf-8[\r][\n]&quot;
17-01-2018 13:12:24 Wire.java DEBUG [Forwarding findElement on session e7520d0f6ee7d85781382fd196895de5 to remote] http.wire 73 - http-outgoing-22 &lt;&lt; &quot;Connection:close[\r][\n]&quot;
17-01-2018 13:12:24 Wire.java DEBUG [Forwarding findElement on session e7520d0f6ee7d85781382fd196895de5 to remote] http.wire 73 - http-outgoing-22 &lt;&lt; &quot;[\r][\n]&quot;
17-01-2018 13:12:24 Wire.java DEBUG [Forwarding findElement on session e7520d0f6ee7d85781382fd196895de5 to remote] http.wire 87 - http-outgoing-22 &lt;&lt; &quot;{&quot;sessionId&quot;:&quot;e7520d0f6ee7d85781382fd196895de5&quot;,&quot;status&quot;:0,&quot;value&quot;:{&quot;ELEMENT&quot;:&quot;0.8334041992104928-5&quot;}}&quot;
17-01-2018 13:12:24 LoggingManagedHttpClientConnection.java DEBUG [Forwarding findElement on session e7520d0f6ee7d85781382fd196895de5 to remote] http.headers 122 - http-outgoing-22 &lt;&lt; HTTP/1.1 200 OK
17-01-2018 13:12:24 LoggingManagedHttpClientConnection.java DEBUG [Forwarding findElement on session e7520d0f6ee7d85781382fd196895de5 to remote] http.headers 125 - http-outgoing-22 &lt;&lt; Content-Length:102
17-01-2018 13:12:24 LoggingManagedHttpClientConnection.java DEBUG [Forwarding findElement on session e7520d0f6ee7d85781382fd196895de5 to remote] http.headers 125 - http-outgoing-22 &lt;&lt; Content-Type:application/json; charset=utf-8
17-01-2018 13:12:24 LoggingManagedHttpClientConnection.java DEBUG [Forwarding findElement on session e7520d0f6ee7d85781382fd196895de5 to remote] http.headers 125 - http-outgoing-22 &lt;&lt; Connection:close
17-01-2018 13:12:24 LoggingManagedHttpClientConnection.java DEBUG [Forwarding findElement on session e7520d0f6ee7d85781382fd196895de5 to remote] conn.DefaultManagedHttpClientConnection 79 - http-outgoing-22: Close connection
17-01-2018 13:12:24 ConnectionHolder.java DEBUG [Forwarding findElement on session e7520d0f6ee7d85781382fd196895de5 to remote] execchain.MainClientExec 104 - Connection discarded
17-01-2018 13:12:24 PoolingHttpClientConnectionManager.java DEBUG [Forwarding findElement on session e7520d0f6ee7d85781382fd196895de5 to remote] conn.PoolingHttpClientConnectionManager 326 - Connection released: [id: 22][route: {}-&gt;http://localhost:16677][total kept alive: 0; route allocated: 0 of 2000; total allocated: 0 of 2000]
17-01-2018 13:12:24 RequestAddCookies.java DEBUG [Forwarding clickElement on session e7520d0f6ee7d85781382fd196895de5 to remote] protocol.RequestAddCookies 123 - CookieSpec selected: default
17-01-2018 13:12:24 RequestAuthCache.java DEBUG [Forwarding clickElement on session e7520d0f6ee7d85781382fd196895de5 to remote] protocol.RequestAuthCache 77 - Auth cache not set in the context
17-01-2018 13:12:24 PoolingHttpClientConnectionManager.java DEBUG [Forwarding clickElement on session e7520d0f6ee7d85781382fd196895de5 to remote] conn.PoolingHttpClientConnectionManager 255 - Connection request: [route: {}-&gt;http://localhost:16677][total kept alive: 0; route allocated: 0 of 2000; total allocated: 0 of 2000]
17-01-2018 13:12:24 PoolingHttpClientConnectionManager.java DEBUG [Forwarding clickElement on session e7520d0f6ee7d85781382fd196895de5 to remote] conn.PoolingHttpClientConnectionManager 288 - Connection leased: [id: 23][route: {}-&gt;http://localhost:16677][total kept alive: 0; route allocated: 1 of 2000; total allocated: 1 of 2000]
17-01-2018 13:12:24 MainClientExec.java DEBUG [Forwarding clickElement on session e7520d0f6ee7d85781382fd196895de5 to remote] execchain.MainClientExec 235 - Opening connection {}-&gt;http://localhost:16677
17-01-2018 13:12:24 DefaultHttpClientConnectionOperator.java DEBUG [Forwarding clickElement on session e7520d0f6ee7d85781382fd196895de5 to remote] conn.DefaultHttpClientConnectionOperator 139 - Connecting to localhost/127.0.0.1:16677
17-01-2018 13:12:24 DefaultHttpClientConnectionOperator.java DEBUG [Forwarding clickElement on session e7520d0f6ee7d85781382fd196895de5 to remote] conn.DefaultHttpClientConnectionOperator 146 - Connection established 127.0.0.1:64661&lt;-&gt;127.0.0.1:16677
17-01-2018 13:12:24 LoggingManagedHttpClientConnection.java DEBUG [Forwarding clickElement on session e7520d0f6ee7d85781382fd196895de5 to remote] conn.DefaultManagedHttpClientConnection 88 - http-outgoing-23: set socket timeout to 10800000
17-01-2018 13:12:24 MainClientExec.java DEBUG [Forwarding clickElement on session e7520d0f6ee7d85781382fd196895de5 to remote] execchain.MainClientExec 256 - Executing request POST /session/e7520d0f6ee7d85781382fd196895de5/element/0.8334041992104928-5/click HTTP/1.1
17-01-2018 13:12:24 MainClientExec.java DEBUG [Forwarding clickElement on session e7520d0f6ee7d85781382fd196895de5 to remote] execchain.MainClientExec 261 - Target auth state: UNCHALLENGED
17-01-2018 13:12:24 MainClientExec.java DEBUG [Forwarding clickElement on session e7520d0f6ee7d85781382fd196895de5 to remote] execchain.MainClientExec 267 - Proxy auth state: UNCHALLENGED
17-01-2018 13:12:24 LoggingManagedHttpClientConnection.java DEBUG [Forwarding clickElement on session e7520d0f6ee7d85781382fd196895de5 to remote] http.headers 133 - http-outgoing-23 &gt;&gt; POST /session/e7520d0f6ee7d85781382fd196895de5/element/0.8334041992104928-5/click HTTP/1.1
17-01-2018 13:12:24 LoggingManagedHttpClientConnection.java DEBUG [Forwarding clickElement on session e7520d0f6ee7d85781382fd196895de5 to remote] http.headers 136 - http-outgoing-23 &gt;&gt; Content-Type: application/json; charset=utf-8
17-01-2018 13:12:24 LoggingManagedHttpClientConnection.java DEBUG [Forwarding clickElement on session e7520d0f6ee7d85781382fd196895de5 to remote] http.headers 136 - http-outgoing-23 &gt;&gt; Content-Length: 29
17-01-2018 13:12:24 LoggingManagedHttpClientConnection.java DEBUG [Forwarding clickElement on session e7520d0f6ee7d85781382fd196895de5 to remote] http.headers 136 - http-outgoing-23 &gt;&gt; Host: localhost:16677
17-01-2018 13:12:24 LoggingManagedHttpClientConnection.java DEBUG [Forwarding clickElement on session e7520d0f6ee7d85781382fd196895de5 to remote] http.headers 136 - http-outgoing-23 &gt;&gt; Connection: Keep-Alive
17-01-2018 13:12:24 LoggingManagedHttpClientConnection.java DEBUG [Forwarding clickElement on session e7520d0f6ee7d85781382fd196895de5 to remote] http.headers 136 - http-outgoing-23 &gt;&gt; User-Agent: Apache-HttpClient/4.5.3 (Java/9.0.1)
17-01-2018 13:12:24 LoggingManagedHttpClientConnection.java DEBUG [Forwarding clickElement on session e7520d0f6ee7d85781382fd196895de5 to remote] http.headers 136 - http-outgoing-23 &gt;&gt; Accept-Encoding: gzip,deflate
17-01-2018 13:12:24 Wire.java DEBUG [Forwarding clickElement on session e7520d0f6ee7d85781382fd196895de5 to remote] http.wire 73 - http-outgoing-23 &gt;&gt; &quot;POST /session/e7520d0f6ee7d85781382fd196895de5/element/0.8334041992104928-5/click HTTP/1.1[\r][\n]&quot;
17-01-2018 13:12:24 Wire.java DEBUG [Forwarding clickElement on session e7520d0f6ee7d85781382fd196895de5 to remote] http.wire 73 - http-outgoing-23 &gt;&gt; &quot;Content-Type: application/json; charset=utf-8[\r][\n]&quot;
17-01-2018 13:12:24 Wire.java DEBUG [Forwarding clickElement on session e7520d0f6ee7d85781382fd196895de5 to remote] http.wire 73 - http-outgoing-23 &gt;&gt; &quot;Content-Length: 29[\r][\n]&quot;
17-01-2018 13:12:24 Wire.java DEBUG [Forwarding clickElement on session e7520d0f6ee7d85781382fd196895de5 to remote] http.wire 73 - http-outgoing-23 &gt;&gt; &quot;Host: localhost:16677[\r][\n]&quot;
17-01-2018 13:12:24 Wire.java DEBUG [Forwarding clickElement on session e7520d0f6ee7d85781382fd196895de5 to remote] http.wire 73 - http-outgoing-23 &gt;&gt; &quot;Connection: Keep-Alive[\r][\n]&quot;
17-01-2018 13:12:24 Wire.java DEBUG [Forwarding clickElement on session e7520d0f6ee7d85781382fd196895de5 to remote] http.wire 73 - http-outgoing-23 &gt;&gt; &quot;User-Agent: Apache-HttpClient/4.5.3 (Java/9.0.1)[\r][\n]&quot;
17-01-2018 13:12:24 Wire.java DEBUG [Forwarding clickElement on session e7520d0f6ee7d85781382fd196895de5 to remote] http.wire 73 - http-outgoing-23 &gt;&gt; &quot;Accept-Encoding: gzip,deflate[\r][\n]&quot;
17-01-2018 13:12:24 Wire.java DEBUG [Forwarding clickElement on session e7520d0f6ee7d85781382fd196895de5 to remote] http.wire 73 - http-outgoing-23 &gt;&gt; &quot;[\r][\n]&quot;
17-01-2018 13:12:24 Wire.java DEBUG [Forwarding clickElement on session e7520d0f6ee7d85781382fd196895de5 to remote] http.wire 87 - http-outgoing-23 &gt;&gt; &quot;{&quot;id&quot;:&quot;0.8334041992104928-5&quot;}&quot;
17-01-2018 13:12:24 Wire.java DEBUG [Forwarding clickElement on session e7520d0f6ee7d85781382fd196895de5 to remote] http.wire 73 - http-outgoing-23 &lt;&lt; &quot;HTTP/1.1 200 OK[\r][\n]&quot;
17-01-2018 13:12:24 Wire.java DEBUG [Forwarding clickElement on session e7520d0f6ee7d85781382fd196895de5 to remote] http.wire 73 - http-outgoing-23 &lt;&lt; &quot;Content-Length:72[\r][\n]&quot;
17-01-2018 13:12:24 Wire.java DEBUG [Forwarding clickElement on session e7520d0f6ee7d85781382fd196895de5 to remote] http.wire 73 - http-outgoing-23 &lt;&lt; &quot;Content-Type:application/json; charset=utf-8[\r][\n]&quot;
17-01-2018 13:12:24 Wire.java DEBUG [Forwarding clickElement on session e7520d0f6ee7d85781382fd196895de5 to remote] http.wire 73 - http-outgoing-23 &lt;&lt; &quot;Connection:close[\r][\n]&quot;
17-01-2018 13:12:24 Wire.java DEBUG [Forwarding clickElement on session e7520d0f6ee7d85781382fd196895de5 to remote] http.wire 73 - http-outgoing-23 &lt;&lt; &quot;[\r][\n]&quot;
17-01-2018 13:12:24 Wire.java DEBUG [Forwarding clickElement on session e7520d0f6ee7d85781382fd196895de5 to remote] http.wire 87 - http-outgoing-23 &lt;&lt; &quot;{&quot;sessionId&quot;:&quot;e7520d0f6ee7d85781382fd196895de5&quot;,&quot;status&quot;:0,&quot;value&quot;:null}&quot;
17-01-2018 13:12:24 LoggingManagedHttpClientConnection.java DEBUG [Forwarding clickElement on session e7520d0f6ee7d85781382fd196895de5 to remote] http.headers 122 - http-outgoing-23 &lt;&lt; HTTP/1.1 200 OK
17-01-2018 13:12:24 LoggingManagedHttpClientConnection.java DEBUG [Forwarding clickElement on session e7520d0f6ee7d85781382fd196895de5 to remote] http.headers 125 - http-outgoing-23 &lt;&lt; Content-Length:72
17-01-2018 13:12:24 LoggingManagedHttpClientConnection.java DEBUG [Forwarding clickElement on session e7520d0f6ee7d85781382fd196895de5 to remote] http.headers 125 - http-outgoing-23 &lt;&lt; Content-Type:application/json; charset=utf-8
17-01-2018 13:12:24 LoggingManagedHttpClientConnection.java DEBUG [Forwarding clickElement on session e7520d0f6ee7d85781382fd196895de5 to remote] http.headers 125 - http-outgoing-23 &lt;&lt; Connection:close
17-01-2018 13:12:24 LoggingManagedHttpClientConnection.java DEBUG [Forwarding clickElement on session e7520d0f6ee7d85781382fd196895de5 to remote] conn.DefaultManagedHttpClientConnection 79 - http-outgoing-23: Close connection
17-01-2018 13:12:24 ConnectionHolder.java DEBUG [Forwarding clickElement on session e7520d0f6ee7d85781382fd196895de5 to remote] execchain.MainClientExec 104 - Connection discarded
17-01-2018 13:12:24 PoolingHttpClientConnectionManager.java DEBUG [Forwarding clickElement on session e7520d0f6ee7d85781382fd196895de5 to remote] conn.PoolingHttpClientConnectionManager 326 - Connection released: [id: 23][route: {}-&gt;http://localhost:16677][total kept alive: 0; route allocated: 0 of 2000; total allocated: 0 of 2000]
17-01-2018 13:12:24 RequestAddCookies.java DEBUG [Forwarding findElement on session e7520d0f6ee7d85781382fd196895de5 to remote] protocol.RequestAddCookies 123 - CookieSpec selected: default
17-01-2018 13:12:24 RequestAuthCache.java DEBUG [Forwarding findElement on session e7520d0f6ee7d85781382fd196895de5 to remote] protocol.RequestAuthCache 77 - Auth cache not set in the context
17-01-2018 13:12:24 PoolingHttpClientConnectionManager.java DEBUG [Forwarding findElement on session e7520d0f6ee7d85781382fd196895de5 to remote] conn.PoolingHttpClientConnectionManager 255 - Connection request: [route: {}-&gt;http://localhost:16677][total kept alive: 0; route allocated: 0 of 2000; total allocated: 0 of 2000]
17-01-2018 13:12:24 PoolingHttpClientConnectionManager.java DEBUG [Forwarding findElement on session e7520d0f6ee7d85781382fd196895de5 to remote] conn.PoolingHttpClientConnectionManager 288 - Connection leased: [id: 24][route: {}-&gt;http://localhost:16677][total kept alive: 0; route allocated: 1 of 2000; total allocated: 1 of 2000]
17-01-2018 13:12:24 MainClientExec.java DEBUG [Forwarding findElement on session e7520d0f6ee7d85781382fd196895de5 to remote] execchain.MainClientExec 235 - Opening connection {}-&gt;http://localhost:16677
17-01-2018 13:12:24 DefaultHttpClientConnectionOperator.java DEBUG [Forwarding findElement on session e7520d0f6ee7d85781382fd196895de5 to remote] conn.DefaultHttpClientConnectionOperator 139 - Connecting to localhost/127.0.0.1:16677
17-01-2018 13:12:24 DefaultHttpClientConnectionOperator.java DEBUG [Forwarding findElement on session e7520d0f6ee7d85781382fd196895de5 to remote] conn.DefaultHttpClientConnectionOperator 146 - Connection established 127.0.0.1:64663&lt;-&gt;127.0.0.1:16677
17-01-2018 13:12:24 LoggingManagedHttpClientConnection.java DEBUG [Forwarding findElement on session e7520d0f6ee7d85781382fd196895de5 to remote] conn.DefaultManagedHttpClientConnection 88 - http-outgoing-24: set socket timeout to 10800000
17-01-2018 13:12:24 MainClientExec.java DEBUG [Forwarding findElement on session e7520d0f6ee7d85781382fd196895de5 to remote] execchain.MainClientExec 256 - Executing request POST /session/e7520d0f6ee7d85781382fd196895de5/element HTTP/1.1
17-01-2018 13:12:24 MainClientExec.java DEBUG [Forwarding findElement on session e7520d0f6ee7d85781382fd196895de5 to remote] execchain.MainClientExec 261 - Target auth state: UNCHALLENGED
17-01-2018 13:12:24 MainClientExec.java DEBUG [Forwarding findElement on session e7520d0f6ee7d85781382fd196895de5 to remote] execchain.MainClientExec 267 - Proxy auth state: UNCHALLENGED
17-01-2018 13:12:24 LoggingManagedHttpClientConnection.java DEBUG [Forwarding findElement on session e7520d0f6ee7d85781382fd196895de5 to remote] http.headers 133 - http-outgoing-24 &gt;&gt; POST /session/e7520d0f6ee7d85781382fd196895de5/element HTTP/1.1
17-01-2018 13:12:24 LoggingManagedHttpClientConnection.java DEBUG [Forwarding findElement on session e7520d0f6ee7d85781382fd196895de5 to remote] http.headers 136 - http-outgoing-24 &gt;&gt; Content-Type: application/json; charset=utf-8
17-01-2018 13:12:24 LoggingManagedHttpClientConnection.java DEBUG [Forwarding findElement on session e7520d0f6ee7d85781382fd196895de5 to remote] http.headers 136 - http-outgoing-24 &gt;&gt; Content-Length: 116
17-01-2018 13:12:24 LoggingManagedHttpClientConnection.java DEBUG [Forwarding findElement on session e7520d0f6ee7d85781382fd196895de5 to remote] http.headers 136 - http-outgoing-24 &gt;&gt; Host: localhost:16677
17-01-2018 13:12:24 LoggingManagedHttpClientConnection.java DEBUG [Forwarding findElement on session e7520d0f6ee7d85781382fd196895de5 to remote] http.headers 136 - http-outgoing-24 &gt;&gt; Connection: Keep-Alive
17-01-2018 13:12:24 LoggingManagedHttpClientConnection.java DEBUG [Forwarding findElement on session e7520d0f6ee7d85781382fd196895de5 to remote] http.headers 136 - http-outgoing-24 &gt;&gt; User-Agent: Apache-HttpClient/4.5.3 (Java/9.0.1)
17-01-2018 13:12:24 LoggingManagedHttpClientConnection.java DEBUG [Forwarding findElement on session e7520d0f6ee7d85781382fd196895de5 to remote] http.headers 136 - http-outgoing-24 &gt;&gt; Accept-Encoding: gzip,deflate
17-01-2018 13:12:24 Wire.java DEBUG [Forwarding findElement on session e7520d0f6ee7d85781382fd196895de5 to remote] http.wire 73 - http-outgoing-24 &gt;&gt; &quot;POST /session/e7520d0f6ee7d85781382fd196895de5/element HTTP/1.1[\r][\n]&quot;
17-01-2018 13:12:24 Wire.java DEBUG [Forwarding findElement on session e7520d0f6ee7d85781382fd196895de5 to remote] http.wire 73 - http-outgoing-24 &gt;&gt; &quot;Content-Type: application/json; charset=utf-8[\r][\n]&quot;
17-01-2018 13:12:24 Wire.java DEBUG [Forwarding findElement on session e7520d0f6ee7d85781382fd196895de5 to remote] http.wire 73 - http-outgoing-24 &gt;&gt; &quot;Content-Length: 116[\r][\n]&quot;
17-01-2018 13:12:24 Wire.java DEBUG [Forwarding findElement on session e7520d0f6ee7d85781382fd196895de5 to remote] http.wire 73 - http-outgoing-24 &gt;&gt; &quot;Host: localhost:16677[\r][\n]&quot;
17-01-2018 13:12:24 Wire.java DEBUG [Forwarding findElement on session e7520d0f6ee7d85781382fd196895de5 to remote] http.wire 73 - http-outgoing-24 &gt;&gt; &quot;Connection: Keep-Alive[\r][\n]&quot;
17-01-2018 13:12:24 Wire.java DEBUG [Forwarding findElement on session e7520d0f6ee7d85781382fd196895de5 to remote] http.wire 73 - http-outgoing-24 &gt;&gt; &quot;User-Agent: Apache-HttpClient/4.5.3 (Java/9.0.1)[\r][\n]&quot;
17-01-2018 13:12:24 Wire.java DEBUG [Forwarding findElement on session e7520d0f6ee7d85781382fd196895de5 to remote] http.wire 73 - http-outgoing-24 &gt;&gt; &quot;Accept-Encoding: gzip,deflate[\r][\n]&quot;
17-01-2018 13:12:24 Wire.java DEBUG [Forwarding findElement on session e7520d0f6ee7d85781382fd196895de5 to remote] http.wire 73 - http-outgoing-24 &gt;&gt; &quot;[\r][\n]&quot;
17-01-2018 13:12:24 Wire.java DEBUG [Forwarding findElement on session e7520d0f6ee7d85781382fd196895de5 to remote] http.wire 87 - http-outgoing-24 &gt;&gt; &quot;{&quot;using&quot;:&quot;xpath&quot;,&quot;value&quot;:&quot;//*[@type\u003d\u0027button\u0027 and @class\u003d\u0027btn btn-addon btn-success\u0027]&quot;}&quot;
17-01-2018 13:12:24 Wire.java DEBUG [Forwarding findElement on session e7520d0f6ee7d85781382fd196895de5 to remote] http.wire 73 - http-outgoing-24 &lt;&lt; &quot;HTTP/1.1 200 OK[\r][\n]&quot;
17-01-2018 13:12:24 Wire.java DEBUG [Forwarding findElement on session e7520d0f6ee7d85781382fd196895de5 to remote] http.wire 73 - http-outgoing-24 &lt;&lt; &quot;Content-Length:102[\r][\n]&quot;
17-01-2018 13:12:24 Wire.java DEBUG [Forwarding findElement on session e7520d0f6ee7d85781382fd196895de5 to remote] http.wire 73 - http-outgoing-24 &lt;&lt; &quot;Content-Type:application/json; charset=utf-8[\r][\n]&quot;
17-01-2018 13:12:24 Wire.java DEBUG [Forwarding findElement on session e7520d0f6ee7d85781382fd196895de5 to remote] http.wire 73 - http-outgoing-24 &lt;&lt; &quot;Connection:close[\r][\n]&quot;
17-01-2018 13:12:24 Wire.java DEBUG [Forwarding findElement on session e7520d0f6ee7d85781382fd196895de5 to remote] http.wire 73 - http-outgoing-24 &lt;&lt; &quot;[\r][\n]&quot;
17-01-2018 13:12:24 Wire.java DEBUG [Forwarding findElement on session e7520d0f6ee7d85781382fd196895de5 to remote] http.wire 87 - http-outgoing-24 &lt;&lt; &quot;{&quot;sessionId&quot;:&quot;e7520d0f6ee7d85781382fd196895de5&quot;,&quot;status&quot;:0,&quot;value&quot;:{&quot;ELEMENT&quot;:&quot;0.8334041992104928-6&quot;}}&quot;
17-01-2018 13:12:24 LoggingManagedHttpClientConnection.java DEBUG [Forwarding findElement on session e7520d0f6ee7d85781382fd196895de5 to remote] http.headers 122 - http-outgoing-24 &lt;&lt; HTTP/1.1 200 OK
17-01-2018 13:12:24 LoggingManagedHttpClientConnection.java DEBUG [Forwarding findElement on session e7520d0f6ee7d85781382fd196895de5 to remote] http.headers 125 - http-outgoing-24 &lt;&lt; Content-Length:102
17-01-2018 13:12:24 LoggingManagedHttpClientConnection.java DEBUG [Forwarding findElement on session e7520d0f6ee7d85781382fd196895de5 to remote] http.headers 125 - http-outgoing-24 &lt;&lt; Content-Type:application/json; charset=utf-8
17-01-2018 13:12:24 LoggingManagedHttpClientConnection.java DEBUG [Forwarding findElement on session e7520d0f6ee7d85781382fd196895de5 to remote] http.headers 125 - http-outgoing-24 &lt;&lt; Connection:close
17-01-2018 13:12:24 LoggingManagedHttpClientConnection.java DEBUG [Forwarding findElement on session e7520d0f6ee7d85781382fd196895de5 to remote] conn.DefaultManagedHttpClientConnection 79 - http-outgoing-24: Close connection
17-01-2018 13:12:24 ConnectionHolder.java DEBUG [Forwarding findElement on session e7520d0f6ee7d85781382fd196895de5 to remote] execchain.MainClientExec 104 - Connection discarded
17-01-2018 13:12:24 PoolingHttpClientConnectionManager.java DEBUG [Forwarding findElement on session e7520d0f6ee7d85781382fd196895de5 to remote] conn.PoolingHttpClientConnectionManager 326 - Connection released: [id: 24][route: {}-&gt;http://localhost:16677][total kept alive: 0; route allocated: 0 of 2000; total allocated: 0 of 2000]
17-01-2018 13:12:25 RequestAddCookies.java DEBUG [Forwarding clickElement on session e7520d0f6ee7d85781382fd196895de5 to remote] protocol.RequestAddCookies 123 - CookieSpec selected: default
17-01-2018 13:12:25 RequestAuthCache.java DEBUG [Forwarding clickElement on session e7520d0f6ee7d85781382fd196895de5 to remote] protocol.RequestAuthCache 77 - Auth cache not set in the context
17-01-2018 13:12:25 PoolingHttpClientConnectionManager.java DEBUG [Forwarding clickElement on session e7520d0f6ee7d85781382fd196895de5 to remote] conn.PoolingHttpClientConnectionManager 255 - Connection request: [route: {}-&gt;http://localhost:16677][total kept alive: 0; route allocated: 0 of 2000; total allocated: 0 of 2000]
17-01-2018 13:12:25 PoolingHttpClientConnectionManager.java DEBUG [Forwarding clickElement on session e7520d0f6ee7d85781382fd196895de5 to remote] conn.PoolingHttpClientConnectionManager 288 - Connection leased: [id: 25][route: {}-&gt;http://localhost:16677][total kept alive: 0; route allocated: 1 of 2000; total allocated: 1 of 2000]
17-01-2018 13:12:25 MainClientExec.java DEBUG [Forwarding clickElement on session e7520d0f6ee7d85781382fd196895de5 to remote] execchain.MainClientExec 235 - Opening connection {}-&gt;http://localhost:16677
17-01-2018 13:12:25 DefaultHttpClientConnectionOperator.java DEBUG [Forwarding clickElement on session e7520d0f6ee7d85781382fd196895de5 to remote] conn.DefaultHttpClientConnectionOperator 139 - Connecting to localhost/127.0.0.1:16677
17-01-2018 13:12:25 DefaultHttpClientConnectionOperator.java DEBUG [Forwarding clickElement on session e7520d0f6ee7d85781382fd196895de5 to remote] conn.DefaultHttpClientConnectionOperator 146 - Connection established 127.0.0.1:64664&lt;-&gt;127.0.0.1:16677
17-01-2018 13:12:25 LoggingManagedHttpClientConnection.java DEBUG [Forwarding clickElement on session e7520d0f6ee7d85781382fd196895de5 to remote] conn.DefaultManagedHttpClientConnection 88 - http-outgoing-25: set socket timeout to 10800000
17-01-2018 13:12:25 MainClientExec.java DEBUG [Forwarding clickElement on session e7520d0f6ee7d85781382fd196895de5 to remote] execchain.MainClientExec 256 - Executing request POST /session/e7520d0f6ee7d85781382fd196895de5/element/0.8334041992104928-6/click HTTP/1.1
17-01-2018 13:12:25 MainClientExec.java DEBUG [Forwarding clickElement on session e7520d0f6ee7d85781382fd196895de5 to remote] execchain.MainClientExec 261 - Target auth state: UNCHALLENGED
17-01-2018 13:12:25 MainClientExec.java DEBUG [Forwarding clickElement on session e7520d0f6ee7d85781382fd196895de5 to remote] execchain.MainClientExec 267 - Proxy auth state: UNCHALLENGED
17-01-2018 13:12:25 LoggingManagedHttpClientConnection.java DEBUG [Forwarding clickElement on session e7520d0f6ee7d85781382fd196895de5 to remote] http.headers 133 - http-outgoing-25 &gt;&gt; POST /session/e7520d0f6ee7d85781382fd196895de5/element/0.8334041992104928-6/click HTTP/1.1
17-01-2018 13:12:25 LoggingManagedHttpClientConnection.java DEBUG [Forwarding clickElement on session e7520d0f6ee7d85781382fd196895de5 to remote] http.headers 136 - http-outgoing-25 &gt;&gt; Content-Type: application/json; charset=utf-8
17-01-2018 13:12:25 LoggingManagedHttpClientConnection.java DEBUG [Forwarding clickElement on session e7520d0f6ee7d85781382fd196895de5 to remote] http.headers 136 - http-outgoing-25 &gt;&gt; Content-Length: 29
17-01-2018 13:12:25 LoggingManagedHttpClientConnection.java DEBUG [Forwarding clickElement on session e7520d0f6ee7d85781382fd196895de5 to remote] http.headers 136 - http-outgoing-25 &gt;&gt; Host: localhost:16677
17-01-2018 13:12:25 LoggingManagedHttpClientConnection.java DEBUG [Forwarding clickElement on session e7520d0f6ee7d85781382fd196895de5 to remote] http.headers 136 - http-outgoing-25 &gt;&gt; Connection: Keep-Alive
17-01-2018 13:12:25 LoggingManagedHttpClientConnection.java DEBUG [Forwarding clickElement on session e7520d0f6ee7d85781382fd196895de5 to remote] http.headers 136 - http-outgoing-25 &gt;&gt; User-Agent: Apache-HttpClient/4.5.3 (Java/9.0.1)
17-01-2018 13:12:25 LoggingManagedHttpClientConnection.java DEBUG [Forwarding clickElement on session e7520d0f6ee7d85781382fd196895de5 to remote] http.headers 136 - http-outgoing-25 &gt;&gt; Accept-Encoding: gzip,deflate
17-01-2018 13:12:25 Wire.java DEBUG [Forwarding clickElement on session e7520d0f6ee7d85781382fd196895de5 to remote] http.wire 73 - http-outgoing-25 &gt;&gt; &quot;POST /session/e7520d0f6ee7d85781382fd196895de5/element/0.8334041992104928-6/click HTTP/1.1[\r][\n]&quot;
17-01-2018 13:12:25 Wire.java DEBUG [Forwarding clickElement on session e7520d0f6ee7d85781382fd196895de5 to remote] http.wire 73 - http-outgoing-25 &gt;&gt; &quot;Content-Type: application/json; charset=utf-8[\r][\n]&quot;
17-01-2018 13:12:25 Wire.java DEBUG [Forwarding clickElement on session e7520d0f6ee7d85781382fd196895de5 to remote] http.wire 73 - http-outgoing-25 &gt;&gt; &quot;Content-Length: 29[\r][\n]&quot;
17-01-2018 13:12:25 Wire.java DEBUG [Forwarding clickElement on session e7520d0f6ee7d85781382fd196895de5 to remote] http.wire 73 - http-outgoing-25 &gt;&gt; &quot;Host: localhost:16677[\r][\n]&quot;
17-01-2018 13:12:25 Wire.java DEBUG [Forwarding clickElement on session e7520d0f6ee7d85781382fd196895de5 to remote] http.wire 73 - http-outgoing-25 &gt;&gt; &quot;Connection: Keep-Alive[\r][\n]&quot;
17-01-2018 13:12:25 Wire.java DEBUG [Forwarding clickElement on session e7520d0f6ee7d85781382fd196895de5 to remote] http.wire 73 - http-outgoing-25 &gt;&gt; &quot;User-Agent: Apache-HttpClient/4.5.3 (Java/9.0.1)[\r][\n]&quot;
17-01-2018 13:12:25 Wire.java DEBUG [Forwarding clickElement on session e7520d0f6ee7d85781382fd196895de5 to remote] http.wire 73 - http-outgoing-25 &gt;&gt; &quot;Accept-Encoding: gzip,deflate[\r][\n]&quot;
17-01-2018 13:12:25 Wire.java DEBUG [Forwarding clickElement on session e7520d0f6ee7d85781382fd196895de5 to remote] http.wire 73 - http-outgoing-25 &gt;&gt; &quot;[\r][\n]&quot;
17-01-2018 13:12:25 Wire.java DEBUG [Forwarding clickElement on session e7520d0f6ee7d85781382fd196895de5 to remote] http.wire 87 - http-outgoing-25 &gt;&gt; &quot;{&quot;id&quot;:&quot;0.8334041992104928-6&quot;}&quot;
17-01-2018 13:12:25 Wire.java DEBUG [Forwarding clickElement on session e7520d0f6ee7d85781382fd196895de5 to remote] http.wire 73 - http-outgoing-25 &lt;&lt; &quot;HTTP/1.1 200 OK[\r][\n]&quot;
17-01-2018 13:12:25 Wire.java DEBUG [Forwarding clickElement on session e7520d0f6ee7d85781382fd196895de5 to remote] http.wire 73 - http-outgoing-25 &lt;&lt; &quot;Content-Length:587[\r][\n]&quot;
17-01-2018 13:12:25 Wire.java DEBUG [Forwarding clickElement on session e7520d0f6ee7d85781382fd196895de5 to remote] http.wire 73 - http-outgoing-25 &lt;&lt; &quot;Content-Type:application/json; charset=utf-8[\r][\n]&quot;
17-01-2018 13:12:25 Wire.java DEBUG [Forwarding clickElement on session e7520d0f6ee7d85781382fd196895de5 to remote] http.wire 73 - http-outgoing-25 &lt;&lt; &quot;Connection:close[\r][\n]&quot;
17-01-2018 13:12:25 Wire.java DEBUG [Forwarding clickElement on session e7520d0f6ee7d85781382fd196895de5 to remote] http.wire 73 - http-outgoing-25 &lt;&lt; &quot;[\r][\n]&quot;
17-01-2018 13:12:25 Wire.java DEBUG [Forwarding clickElement on session e7520d0f6ee7d85781382fd196895de5 to remote] http.wire 87 - http-outgoing-25 &lt;&lt; &quot;{&quot;sessionId&quot;:&quot;e7520d0f6ee7d85781382fd196895de5&quot;,&quot;status&quot;:13,&quot;value&quot;:{&quot;message&quot;:&quot;unknown error: Element \u003Cbutton type=\&quot;button\&quot; class=\&quot;btn btn-addon btn-success\&quot; ng-click=\&quot;uploader.uploadAll()\&quot; ng-disabled=\&quot;!uploader.getNotUploadedItems().length\&quot; disabled=\&quot;disabled\&quot;&gt;...\u003C/button&gt; is not clickable at point (527, 572). Other element would receive the click: \u003Cp class=\&quot;m-t pull-right\&quot;&gt;...\u003C/p&gt;\n  (Session info: chrome=63.0.3239.84)\n  (Driver info: chromedriver=2.33.506120 (e3e53437346286c0bc2d2dc9aa4915ba81d9023f),platform=Windows NT 6.1.7601 SP1 x86_64)&quot;}}&quot;
17-01-2018 13:12:25 LoggingManagedHttpClientConnection.java DEBUG [Forwarding clickElement on session e7520d0f6ee7d85781382fd196895de5 to remote] http.headers 122 - http-outgoing-25 &lt;&lt; HTTP/1.1 200 OK
17-01-2018 13:12:25 LoggingManagedHttpClientConnection.java DEBUG [Forwarding clickElement on session e7520d0f6ee7d85781382fd196895de5 to remote] http.headers 125 - http-outgoing-25 &lt;&lt; Content-Length:587
17-01-2018 13:12:25 LoggingManagedHttpClientConnection.java DEBUG [Forwarding clickElement on session e7520d0f6ee7d85781382fd196895de5 to remote] http.headers 125 - http-outgoing-25 &lt;&lt; Content-Type:application/json; charset=utf-8
17-01-2018 13:12:25 LoggingManagedHttpClientConnection.java DEBUG [Forwarding clickElement on session e7520d0f6ee7d85781382fd196895de5 to remote] http.headers 125 - http-outgoing-25 &lt;&lt; Connection:close
17-01-2018 13:12:25 LoggingManagedHttpClientConnection.java DEBUG [Forwarding clickElement on session e7520d0f6ee7d85781382fd196895de5 to remote] conn.DefaultManagedHttpClientConnection 79 - http-outgoing-25: Close connection
17-01-2018 13:12:25 ConnectionHolder.java DEBUG [Forwarding clickElement on session e7520d0f6ee7d85781382fd196895de5 to remote] execchain.MainClientExec 104 - Connection discarded
17-01-2018 13:12:25 PoolingHttpClientConnectionManager.java DEBUG [Forwarding clickElement on session e7520d0f6ee7d85781382fd196895de5 to remote] conn.PoolingHttpClientConnectionManager 326 - Connection released: [id: 25][route: {}-&gt;http://localhost:16677][total kept alive: 0; route allocated: 0 of 2000; total allocated: 0 of 2000]
</system-out>
    <system-err>Starting ChromeDriver 2.33.506120 (e3e53437346286c0bc2d2dc9aa4915ba81d9023f) on port 16677
Only local connections are allowed.
Jan 17, 2018 1:11:59 PM org.openqa.selenium.remote.ProtocolHandshake createSession
INFO: Detected dialect: OSS
</system-err>
  </testcase>
  <testcase classname="com.seller.qa.tests.HomePageTest" name="homePageTitleTest" time="0.056"/>
  <testcase classname="com.seller.qa.tests.HomePageTest" name="verifyUsernameTest" time="0.224"/>
  <testcase classname="com.seller.qa.tests.POListTest" name="createPOTest" time="3.096"/>
  <testcase classname="com.seller.qa.tests.LoginPageTest" name="loginTest" time="5.172"/>
  <testcase classname="com.seller.qa.tests.LoginPageTest" name="loginPageTitleTest" time="0.065"/>
</testsuite>