<?xml version="1.0" encoding="UTF-8"?>
<!-- Generated by org.testng.reporters.JUnitReportReporter -->
<testsuite hostname="VarshaChhiller-PC" failures="0" tests="1" name="com.vinc.qa.tests.PostAPITest" time="1.885" errors="0" timestamp="19 Jan 2018 09:06:59 GMT" skipped="0">
  <testcase classname="com.vinc.qa.tests.PostAPITest" name="postTest" time="1.885"/>
</testsuite> <!-- com.vinc.qa.tests.PostAPITest -->
