<?xml version="1.0" encoding="UTF-8"?>
<!-- Generated by org.testng.reporters.JUnitReportReporter -->
<testsuite hostname="VarshaChhiller-PC" failures="0" tests="1" name="com.seller.qa.tests.POListTest" time="30.594" errors="0" timestamp="26 Dec 2017 10:33:38 GMT" skipped="0">
  <testcase classname="com.seller.qa.tests.POListTest" name="createPOTest" time="30.594"/>
</testsuite> <!-- com.seller.qa.tests.POListTest -->
