<?xml version="1.0" encoding="UTF-8"?>
<!-- Generated by org.testng.reporters.JUnitReportReporter -->
<testsuite hostname="VarshaChhiller-PC" failures="0" tests="1" name="com.seller.qa.tests.LoginPageTest" time="29.780" errors="0" timestamp="13 Dec 2017 05:35:16 GMT" skipped="0">
  <testcase classname="com.seller.qa.tests.LoginPageTest" name="loginTest" time="29.780"/>
</testsuite> <!-- com.seller.qa.tests.LoginPageTest -->
