<?xml version="1.0" encoding="UTF-8"?>
<!-- Generated by org.testng.reporters.JUnitReportReporter -->
<testsuite hostname="VarshaChhiller-PC" failures="0" tests="2" name="com.seller.qa.tests.LoginPageTest" time="44.538" errors="0" timestamp="17 Jan 2018 06:23:27 GMT" skipped="0">
  <testcase classname="com.seller.qa.tests.LoginPageTest" name="loginTest" time="16.980"/>
  <testcase classname="com.seller.qa.tests.LoginPageTest" name="loginPageTitleTest" time="27.558"/>
</testsuite> <!-- com.seller.qa.tests.LoginPageTest -->
