<?xml version="1.0" encoding="UTF-8"?>
<!-- Generated by org.testng.reporters.JUnitReportReporter -->
<testsuite hostname="VarshaChhiller-PC" failures="0" tests="2" name="com.seller.qa.tests.HomePageTest" time="38.841" errors="0" timestamp="15 Dec 2017 11:15:29 GMT" skipped="0">
  <testcase classname="com.seller.qa.tests.HomePageTest" name="homePageTitleTest" time="19.353"/>
  <testcase classname="com.seller.qa.tests.HomePageTest" name="verifyUsernameTest" time="19.488"/>
</testsuite> <!-- com.seller.qa.tests.HomePageTest -->
