<?xml version="1.0" encoding="UTF-8"?>
<!-- Generated by org.testng.reporters.JUnitReportReporter -->
<testsuite hostname="VarshaChhiller-PC" failures="0" tests="1" name="com.vinc.qa.tests.GetAPITest" time="2.994" errors="0" timestamp="18 Jan 2018 09:31:10 GMT" skipped="0">
  <testcase classname="com.vinc.qa.tests.GetAPITest" name="getTestWithHeader" time="2.994"/>
</testsuite> <!-- com.vinc.qa.tests.GetAPITest -->
