<?xml version="1.0" encoding="UTF-8"?>
<!-- Generated by org.testng.reporters.JUnitReportReporter -->
<testsuite hostname="VarshaChhiller-PC" failures="0" tests="1" name="com.seller.qa.tests.POListTest" time="20.180" errors="0" timestamp="17 Jan 2018 07:43:44 GMT" skipped="0">
  <testcase classname="com.seller.qa.tests.POListTest" name="createPOTest" time="20.180"/>
</testsuite> <!-- com.seller.qa.tests.POListTest -->
