<?xml version="1.0" encoding="UTF-8"?>
<!-- Generated by org.testng.reporters.JUnitReportReporter -->
<testsuite hostname="VarshaChhiller-PC" failures="0" tests="2" name="com.seller.qa.tests.LoginPageTest" time="26.389" errors="0" timestamp="17 Jan 2018 07:43:44 GMT" skipped="0">
  <testcase classname="com.seller.qa.tests.LoginPageTest" name="loginTest" time="15.746"/>
  <testcase classname="com.seller.qa.tests.LoginPageTest" name="loginPageTitleTest" time="10.643"/>
</testsuite> <!-- com.seller.qa.tests.LoginPageTest -->
