<?xml version="1.0" encoding="UTF-8"?>
<!-- Generated by org.testng.reporters.JUnitReportReporter -->
<testsuite hostname="VarshaChhiller-PC" failures="0" tests="2" name="com.seller.qa.tests.HomePageTest" time="31.477" errors="0" timestamp="17 Jan 2018 07:43:44 GMT" skipped="0">
  <testcase classname="com.seller.qa.tests.HomePageTest" name="homePageTitleTest" time="15.702"/>
  <testcase classname="com.seller.qa.tests.HomePageTest" name="verifyUsernameTest" time="15.775"/>
</testsuite> <!-- com.seller.qa.tests.HomePageTest -->
